2022-05-23 10:37:01,618 DEBUG dLog [main] CLASS: class com.revature.thevault.service.classes.WithdrawService
METHOD: findByWithdrawId
ARGUMENTS: [-1]
2022-05-23 10:37:01,937 ERROR dLog [main] CONTROLLER CLASS: class com.revature.thevault.service.classes.WithdrawService
METHOD: findByWithdrawId
THROWING EXCEPTION CLASS: class com.revature.thevault.service.exceptions.InvalidWithdrawIdRequest
MESSAGE: 400 BAD_REQUEST "Withdraw not found, withdraw Id: -1"
2022-05-23 10:37:02,634 DEBUG dLog [main] CLASS: class com.revature.thevault.service.classes.WithdrawService
METHOD: createWithdrawal
ARGUMENTS: [WithdrawRequest(accountId=1, requestType=Retail, reference=reference, amount=0.0)]
2022-05-23 10:37:02,784 ERROR dLog [main] CONTROLLER CLASS: class com.revature.thevault.service.classes.WithdrawService
METHOD: createWithdrawal
THROWING EXCEPTION CLASS: class com.revature.thevault.service.exceptions.InvalidAmountException
MESSAGE: 400 BAD_REQUEST "Invalid amount, less than or equal to 0: 0.0"
2022-05-23 10:37:02,887 DEBUG dLog [main] CLASS: class com.revature.thevault.service.classes.WithdrawService
METHOD: createWithdrawal
ARGUMENTS: [WithdrawRequest(accountId=1, requestType=Retail, reference=reference, amount=-1.0)]
2022-05-23 10:37:02,891 ERROR dLog [main] CONTROLLER CLASS: class com.revature.thevault.service.classes.WithdrawService
METHOD: createWithdrawal
THROWING EXCEPTION CLASS: class com.revature.thevault.service.exceptions.InvalidAmountException
MESSAGE: 400 BAD_REQUEST "Invalid amount, less than or equal to 0: -1.0"
2022-05-23 10:37:03,053 DEBUG dLog [main] CLASS: class com.revature.thevault.service.classes.WithdrawService
METHOD: createWithdrawal
ARGUMENTS: [WithdrawRequest(accountId=1, requestType=Retail, reference=reference, amount=-2123.0)]
2022-05-23 10:37:03,054 ERROR dLog [main] CONTROLLER CLASS: class com.revature.thevault.service.classes.WithdrawService
METHOD: createWithdrawal
THROWING EXCEPTION CLASS: class com.revature.thevault.service.exceptions.InvalidAmountException
MESSAGE: 400 BAD_REQUEST "Invalid amount, less than or equal to 0: -2123.0"
2022-05-23 10:37:03,227 DEBUG dLog [main] CLASS: class com.revature.thevault.service.classes.WithdrawService
METHOD: createWithdrawal
ARGUMENTS: [WithdrawRequest(accountId=1, requestType=null, reference=reference, amount=1.0)]
2022-05-23 10:37:03,228 ERROR dLog [main] CONTROLLER CLASS: class com.revature.thevault.service.classes.WithdrawService
METHOD: createWithdrawal
THROWING EXCEPTION CLASS: class com.revature.thevault.service.exceptions.InvalidRequestException
MESSAGE: 400 BAD_REQUEST "NULL VALUE PROVIDED"
2022-05-23 10:37:03,374 DEBUG dLog [main] CLASS: class com.revature.thevault.service.classes.WithdrawService
METHOD: createWithdrawal
ARGUMENTS: [WithdrawRequest(accountId=1, requestType=, reference=reference, amount=1.0)]
2022-05-23 10:37:03,375 ERROR dLog [main] CONTROLLER CLASS: class com.revature.thevault.service.classes.WithdrawService
METHOD: createWithdrawal
THROWING EXCEPTION CLASS: class com.revature.thevault.service.exceptions.InvalidRequestException
MESSAGE: 400 BAD_REQUEST "Invalid text, too short (less than 1): "
2022-05-23 10:37:03,550 DEBUG dLog [main] CLASS: class com.revature.thevault.service.classes.WithdrawService
METHOD: createWithdrawal
ARGUMENTS: [WithdrawRequest(accountId=1, requestType=asdfasdfasdfasdfasdfasdfasdfasdfasdfasdfasdfasdfasf, reference=reference, amount=1.0)]
2022-05-23 10:37:03,556 ERROR dLog [main] CONTROLLER CLASS: class com.revature.thevault.service.classes.WithdrawService
METHOD: createWithdrawal
THROWING EXCEPTION CLASS: class com.revature.thevault.service.exceptions.InvalidRequestException
MESSAGE: 400 BAD_REQUEST "Invalid Text, too long (greater than 30): asdfasdfasdfasdfasdfasdfasdfasdfasdfasdfasdfasdfasf"
2022-05-23 10:37:03,664 DEBUG dLog [main] CLASS: class com.revature.thevault.service.classes.WithdrawService
METHOD: createWithdrawal
ARGUMENTS: [WithdrawRequest(accountId=1, requestType=a, reference=reference, amount=1.0)]
2022-05-23 10:37:03,668 ERROR dLog [main] CONTROLLER CLASS: class com.revature.thevault.service.classes.WithdrawService
METHOD: createWithdrawal
THROWING EXCEPTION CLASS: class com.revature.thevault.service.exceptions.InvalidRequestException
MESSAGE: 400 BAD_REQUEST "Invalid text, too short (less than 1): a"
2022-05-23 10:37:03,786 DEBUG dLog [main] CLASS: class com.revature.thevault.service.classes.WithdrawService
METHOD: createWithdrawal
ARGUMENTS: [WithdrawRequest(accountId=1, requestType=Retail, reference=null, amount=1.0)]
2022-05-23 10:37:03,787 ERROR dLog [main] CONTROLLER CLASS: class com.revature.thevault.service.classes.WithdrawService
METHOD: createWithdrawal
THROWING EXCEPTION CLASS: class com.revature.thevault.service.exceptions.InvalidRequestException
MESSAGE: 400 BAD_REQUEST "NULL VALUE PROVIDED"
2022-05-23 10:37:03,897 DEBUG dLog [main] CLASS: class com.revature.thevault.service.classes.WithdrawService
METHOD: createWithdrawal
ARGUMENTS: [WithdrawRequest(accountId=1, requestType=Retail, reference=, amount=1.0)]
2022-05-23 10:37:03,905 ERROR dLog [main] CONTROLLER CLASS: class com.revature.thevault.service.classes.WithdrawService
METHOD: createWithdrawal
THROWING EXCEPTION CLASS: class com.revature.thevault.service.exceptions.InvalidRequestException
MESSAGE: 400 BAD_REQUEST "Invalid text, too short (less than 1): "
2022-05-23 10:37:04,006 DEBUG dLog [main] CLASS: class com.revature.thevault.service.classes.WithdrawService
METHOD: createWithdrawal
ARGUMENTS: [WithdrawRequest(accountId=1, requestType=Retail, reference=asdfasdfasdfasdfasdfasdfasdfasdfasdfasdfasdfasdfasf, amount=1.0)]
2022-05-23 10:37:04,016 ERROR dLog [main] CONTROLLER CLASS: class com.revature.thevault.service.classes.WithdrawService
METHOD: createWithdrawal
THROWING EXCEPTION CLASS: class com.revature.thevault.service.exceptions.InvalidRequestException
MESSAGE: 400 BAD_REQUEST "Invalid Text, too long (greater than 30): asdfasdfasdfasdfasdfasdfasdfasdfasdfasdfasdfasdfasf"
2022-05-23 10:37:04,125 DEBUG dLog [main] CLASS: class com.revature.thevault.service.classes.WithdrawService
METHOD: createWithdrawal
ARGUMENTS: [WithdrawRequest(accountId=1, requestType=Retail, reference=a, amount=1.0)]
2022-05-23 10:37:04,126 ERROR dLog [main] CONTROLLER CLASS: class com.revature.thevault.service.classes.WithdrawService
METHOD: createWithdrawal
THROWING EXCEPTION CLASS: class com.revature.thevault.service.exceptions.InvalidRequestException
MESSAGE: 400 BAD_REQUEST "Invalid text, too short (less than 1): a"
2022-05-23 10:37:04,253 DEBUG dLog [main] CLASS: class com.revature.thevault.service.classes.WithdrawService
METHOD: createWithdrawal
ARGUMENTS: [WithdrawRequest(accountId=1, requestType=Retail, reference=reference, amount=12.22)]
2022-05-23 10:37:04,256 INFO dLog [main] METHOD: createWithdrawal
RETURNING: PostResponse(createdObject=[WithdrawResponseObject(withdrawId=1, accountId=1, requestType=Retail, requestStatus=Pending, reference=reference, dateWithdraw=2022-05-23, amount=12.22)])
2022-05-23 10:37:04,437 DEBUG dLog [main] CLASS: class com.revature.thevault.service.classes.WithdrawService
METHOD: getAlLUserWithdrawalsOfType
ARGUMENTS: [1, Retail]
2022-05-23 10:37:04,452 INFO dLog [main] METHOD: getAlLUserWithdrawalsOfType
RETURNING: GetResponse(gotObject=[WithdrawResponseObject(withdrawId=1, accountId=1, requestType=Retail, requestStatus=Pending, reference=reference, dateWithdraw=2022-05-23, amount=12.22)])
2022-05-23 10:37:04,562 DEBUG dLog [main] CLASS: class com.revature.thevault.service.classes.WithdrawService
METHOD: deleteAllWithdraws
ARGUMENTS: [1]
2022-05-23 10:37:04,564 INFO dLog [main] METHOD: deleteAllWithdraws
RETURNING: DeleteResponse(deletedObject=[])
2022-05-23 10:37:04,682 DEBUG dLog [main] CLASS: class com.revature.thevault.service.classes.WithdrawService
METHOD: getAllUserWithdrawals
ARGUMENTS: [1]
2022-05-23 10:37:04,684 INFO dLog [main] METHOD: getAllUserWithdrawals
RETURNING: GetResponse(gotObject=[WithdrawResponseObject(withdrawId=1, accountId=1, requestType=Retail, requestStatus=Pending, reference=reference, dateWithdraw=2022-05-23, amount=12.22)])
2022-05-23 10:37:04,776 DEBUG dLog [main] CLASS: class com.revature.thevault.service.classes.WithdrawService
METHOD: getAllUserWithdrawlsByMonth
ARGUMENTS: [1, 3, 1999]
2022-05-23 10:37:04,780 INFO dLog [main] METHOD: getAllUserWithdrawlsByMonth
RETURNING: GetResponse(gotObject=[])
2022-05-23 10:37:04,952 DEBUG dLog [main] CLASS: class com.revature.thevault.service.classes.WithdrawService
METHOD: findByWithdrawId
ARGUMENTS: [1]
2022-05-23 10:37:04,954 INFO dLog [main] METHOD: findByWithdrawId
RETURNING: GetResponse(gotObject=[WithdrawResponseObject(withdrawId=1, accountId=1, requestType=Retail, requestStatus=Pending, reference=reference, dateWithdraw=2022-05-23, amount=12.22)])
2022-05-23 10:52:32,460 DEBUG dLog [main] CLASS: class com.revature.thevault.service.classes.WithdrawService
METHOD: findByWithdrawId
ARGUMENTS: [-1]
2022-05-23 10:52:32,584 ERROR dLog [main] CONTROLLER CLASS: class com.revature.thevault.service.classes.WithdrawService
METHOD: findByWithdrawId
THROWING EXCEPTION CLASS: class com.revature.thevault.service.exceptions.InvalidWithdrawIdRequest
MESSAGE: 400 BAD_REQUEST "Withdraw not found, withdraw Id: -1"
2022-05-23 10:52:32,865 DEBUG dLog [main] CLASS: class com.revature.thevault.service.classes.WithdrawService
METHOD: createWithdrawal
ARGUMENTS: [WithdrawRequest(accountId=1, requestType=Retail, reference=reference, amount=0.0)]
2022-05-23 10:52:32,873 ERROR dLog [main] CONTROLLER CLASS: class com.revature.thevault.service.classes.WithdrawService
METHOD: createWithdrawal
THROWING EXCEPTION CLASS: class com.revature.thevault.service.exceptions.InvalidAmountException
MESSAGE: 400 BAD_REQUEST "Invalid amount, less than or equal to 0: 0.0"
2022-05-23 10:52:32,934 DEBUG dLog [main] CLASS: class com.revature.thevault.service.classes.WithdrawService
METHOD: createWithdrawal
ARGUMENTS: [WithdrawRequest(accountId=1, requestType=Retail, reference=reference, amount=-1.0)]
2022-05-23 10:52:32,944 ERROR dLog [main] CONTROLLER CLASS: class com.revature.thevault.service.classes.WithdrawService
METHOD: createWithdrawal
THROWING EXCEPTION CLASS: class com.revature.thevault.service.exceptions.InvalidAmountException
MESSAGE: 400 BAD_REQUEST "Invalid amount, less than or equal to 0: -1.0"
2022-05-23 10:52:33,055 DEBUG dLog [main] CLASS: class com.revature.thevault.service.classes.WithdrawService
METHOD: createWithdrawal
ARGUMENTS: [WithdrawRequest(accountId=1, requestType=Retail, reference=reference, amount=-2123.0)]
2022-05-23 10:52:33,060 ERROR dLog [main] CONTROLLER CLASS: class com.revature.thevault.service.classes.WithdrawService
METHOD: createWithdrawal
THROWING EXCEPTION CLASS: class com.revature.thevault.service.exceptions.InvalidAmountException
MESSAGE: 400 BAD_REQUEST "Invalid amount, less than or equal to 0: -2123.0"
2022-05-23 10:52:33,113 DEBUG dLog [main] CLASS: class com.revature.thevault.service.classes.WithdrawService
METHOD: createWithdrawal
ARGUMENTS: [WithdrawRequest(accountId=1, requestType=null, reference=reference, amount=1.0)]
2022-05-23 10:52:33,114 ERROR dLog [main] CONTROLLER CLASS: class com.revature.thevault.service.classes.WithdrawService
METHOD: createWithdrawal
THROWING EXCEPTION CLASS: class com.revature.thevault.service.exceptions.InvalidRequestException
MESSAGE: 400 BAD_REQUEST "NULL VALUE PROVIDED"
2022-05-23 10:52:33,171 DEBUG dLog [main] CLASS: class com.revature.thevault.service.classes.WithdrawService
METHOD: createWithdrawal
ARGUMENTS: [WithdrawRequest(accountId=1, requestType=, reference=reference, amount=1.0)]
2022-05-23 10:52:33,173 ERROR dLog [main] CONTROLLER CLASS: class com.revature.thevault.service.classes.WithdrawService
METHOD: createWithdrawal
THROWING EXCEPTION CLASS: class com.revature.thevault.service.exceptions.InvalidRequestException
MESSAGE: 400 BAD_REQUEST "Invalid text, too short (less than 1): "
2022-05-23 10:52:33,222 DEBUG dLog [main] CLASS: class com.revature.thevault.service.classes.WithdrawService
METHOD: createWithdrawal
ARGUMENTS: [WithdrawRequest(accountId=1, requestType=asdfasdfasdfasdfasdfasdfasdfasdfasdfasdfasdfasdfasf, reference=reference, amount=1.0)]
2022-05-23 10:52:33,223 ERROR dLog [main] CONTROLLER CLASS: class com.revature.thevault.service.classes.WithdrawService
METHOD: createWithdrawal
THROWING EXCEPTION CLASS: class com.revature.thevault.service.exceptions.InvalidRequestException
MESSAGE: 400 BAD_REQUEST "Invalid Text, too long (greater than 30): asdfasdfasdfasdfasdfasdfasdfasdfasdfasdfasdfasdfasf"
2022-05-23 10:52:33,291 DEBUG dLog [main] CLASS: class com.revature.thevault.service.classes.WithdrawService
METHOD: createWithdrawal
ARGUMENTS: [WithdrawRequest(accountId=1, requestType=a, reference=reference, amount=1.0)]
2022-05-23 10:52:33,292 ERROR dLog [main] CONTROLLER CLASS: class com.revature.thevault.service.classes.WithdrawService
METHOD: createWithdrawal
THROWING EXCEPTION CLASS: class com.revature.thevault.service.exceptions.InvalidRequestException
MESSAGE: 400 BAD_REQUEST "Invalid text, too short (less than 1): a"
2022-05-23 10:52:33,361 DEBUG dLog [main] CLASS: class com.revature.thevault.service.classes.WithdrawService
METHOD: createWithdrawal
ARGUMENTS: [WithdrawRequest(accountId=1, requestType=Retail, reference=null, amount=1.0)]
2022-05-23 10:52:33,362 ERROR dLog [main] CONTROLLER CLASS: class com.revature.thevault.service.classes.WithdrawService
METHOD: createWithdrawal
THROWING EXCEPTION CLASS: class com.revature.thevault.service.exceptions.InvalidRequestException
MESSAGE: 400 BAD_REQUEST "NULL VALUE PROVIDED"
2022-05-23 10:52:33,397 DEBUG dLog [main] CLASS: class com.revature.thevault.service.classes.WithdrawService
METHOD: createWithdrawal
ARGUMENTS: [WithdrawRequest(accountId=1, requestType=Retail, reference=, amount=1.0)]
2022-05-23 10:52:33,398 ERROR dLog [main] CONTROLLER CLASS: class com.revature.thevault.service.classes.WithdrawService
METHOD: createWithdrawal
THROWING EXCEPTION CLASS: class com.revature.thevault.service.exceptions.InvalidRequestException
MESSAGE: 400 BAD_REQUEST "Invalid text, too short (less than 1): "
2022-05-23 10:52:33,425 DEBUG dLog [main] CLASS: class com.revature.thevault.service.classes.WithdrawService
METHOD: createWithdrawal
ARGUMENTS: [WithdrawRequest(accountId=1, requestType=Retail, reference=asdfasdfasdfasdfasdfasdfasdfasdfasdfasdfasdfasdfasf, amount=1.0)]
2022-05-23 10:52:33,427 ERROR dLog [main] CONTROLLER CLASS: class com.revature.thevault.service.classes.WithdrawService
METHOD: createWithdrawal
THROWING EXCEPTION CLASS: class com.revature.thevault.service.exceptions.InvalidRequestException
MESSAGE: 400 BAD_REQUEST "Invalid Text, too long (greater than 30): asdfasdfasdfasdfasdfasdfasdfasdfasdfasdfasdfasdfasf"
2022-05-23 10:52:33,484 DEBUG dLog [main] CLASS: class com.revature.thevault.service.classes.WithdrawService
METHOD: createWithdrawal
ARGUMENTS: [WithdrawRequest(accountId=1, requestType=Retail, reference=a, amount=1.0)]
2022-05-23 10:52:33,485 ERROR dLog [main] CONTROLLER CLASS: class com.revature.thevault.service.classes.WithdrawService
METHOD: createWithdrawal
THROWING EXCEPTION CLASS: class com.revature.thevault.service.exceptions.InvalidRequestException
MESSAGE: 400 BAD_REQUEST "Invalid text, too short (less than 1): a"
2022-05-23 10:52:33,527 DEBUG dLog [main] CLASS: class com.revature.thevault.service.classes.WithdrawService
METHOD: createWithdrawal
ARGUMENTS: [WithdrawRequest(accountId=1, requestType=Retail, reference=reference, amount=12.22)]
2022-05-23 10:52:33,531 INFO dLog [main] METHOD: createWithdrawal
RETURNING: PostResponse(createdObject=[WithdrawResponseObject(withdrawId=1, accountId=1, requestType=Retail, requestStatus=Pending, reference=reference, dateWithdraw=2022-05-23, amount=12.22)])
2022-05-23 10:52:33,617 DEBUG dLog [main] CLASS: class com.revature.thevault.service.classes.WithdrawService
METHOD: getAlLUserWithdrawalsOfType
ARGUMENTS: [1, Retail]
2022-05-23 10:52:33,620 INFO dLog [main] METHOD: getAlLUserWithdrawalsOfType
RETURNING: GetResponse(gotObject=[WithdrawResponseObject(withdrawId=1, accountId=1, requestType=Retail, requestStatus=Pending, reference=reference, dateWithdraw=2022-05-23, amount=12.22)])
2022-05-23 10:52:33,650 DEBUG dLog [main] CLASS: class com.revature.thevault.service.classes.WithdrawService
METHOD: deleteAllWithdraws
ARGUMENTS: [1]
2022-05-23 10:52:33,652 INFO dLog [main] METHOD: deleteAllWithdraws
RETURNING: DeleteResponse(deletedObject=[])
2022-05-23 10:52:33,684 DEBUG dLog [main] CLASS: class com.revature.thevault.service.classes.WithdrawService
METHOD: getAllUserWithdrawals
ARGUMENTS: [1]
2022-05-23 10:52:33,686 INFO dLog [main] METHOD: getAllUserWithdrawals
RETURNING: GetResponse(gotObject=[WithdrawResponseObject(withdrawId=1, accountId=1, requestType=Retail, requestStatus=Pending, reference=reference, dateWithdraw=2022-05-23, amount=12.22)])
2022-05-23 10:52:33,715 DEBUG dLog [main] CLASS: class com.revature.thevault.service.classes.WithdrawService
METHOD: getAllUserWithdrawlsByMonth
ARGUMENTS: [1, 3, 1999]
2022-05-23 10:52:33,721 INFO dLog [main] METHOD: getAllUserWithdrawlsByMonth
RETURNING: GetResponse(gotObject=[])
2022-05-23 10:52:33,758 DEBUG dLog [main] CLASS: class com.revature.thevault.service.classes.WithdrawService
METHOD: findByWithdrawId
ARGUMENTS: [1]
2022-05-23 10:52:33,759 INFO dLog [main] METHOD: findByWithdrawId
RETURNING: GetResponse(gotObject=[WithdrawResponseObject(withdrawId=1, accountId=1, requestType=Retail, requestStatus=Pending, reference=reference, dateWithdraw=2022-05-23, amount=12.22)])
2022-05-23 10:57:34,122 DEBUG dLog [main] CLASS: class com.revature.thevault.service.classes.WithdrawService
METHOD: findByWithdrawId
ARGUMENTS: [-1]
2022-05-23 10:57:34,213 ERROR dLog [main] CONTROLLER CLASS: class com.revature.thevault.service.classes.WithdrawService
METHOD: findByWithdrawId
THROWING EXCEPTION CLASS: class com.revature.thevault.service.exceptions.InvalidWithdrawIdRequest
MESSAGE: 400 BAD_REQUEST "Withdraw not found, withdraw Id: -1"
2022-05-23 10:57:34,456 DEBUG dLog [main] CLASS: class com.revature.thevault.service.classes.WithdrawService
METHOD: createWithdrawal
ARGUMENTS: [WithdrawRequest(accountId=1, requestType=Retail, reference=reference, amount=0.0)]
2022-05-23 10:57:34,472 ERROR dLog [main] CONTROLLER CLASS: class com.revature.thevault.service.classes.WithdrawService
METHOD: createWithdrawal
THROWING EXCEPTION CLASS: class com.revature.thevault.service.exceptions.InvalidAmountException
MESSAGE: 400 BAD_REQUEST "Invalid amount, less than or equal to 0: 0.0"
2022-05-23 10:57:34,505 DEBUG dLog [main] CLASS: class com.revature.thevault.service.classes.WithdrawService
METHOD: createWithdrawal
ARGUMENTS: [WithdrawRequest(accountId=1, requestType=Retail, reference=reference, amount=-1.0)]
2022-05-23 10:57:34,506 ERROR dLog [main] CONTROLLER CLASS: class com.revature.thevault.service.classes.WithdrawService
METHOD: createWithdrawal
THROWING EXCEPTION CLASS: class com.revature.thevault.service.exceptions.InvalidAmountException
MESSAGE: 400 BAD_REQUEST "Invalid amount, less than or equal to 0: -1.0"
2022-05-23 10:57:34,563 DEBUG dLog [main] CLASS: class com.revature.thevault.service.classes.WithdrawService
METHOD: createWithdrawal
ARGUMENTS: [WithdrawRequest(accountId=1, requestType=Retail, reference=reference, amount=-2123.0)]
2022-05-23 10:57:34,565 ERROR dLog [main] CONTROLLER CLASS: class com.revature.thevault.service.classes.WithdrawService
METHOD: createWithdrawal
THROWING EXCEPTION CLASS: class com.revature.thevault.service.exceptions.InvalidAmountException
MESSAGE: 400 BAD_REQUEST "Invalid amount, less than or equal to 0: -2123.0"
2022-05-23 10:57:34,711 DEBUG dLog [main] CLASS: class com.revature.thevault.service.classes.WithdrawService
METHOD: createWithdrawal
ARGUMENTS: [WithdrawRequest(accountId=1, requestType=null, reference=reference, amount=1.0)]
2022-05-23 10:57:34,714 ERROR dLog [main] CONTROLLER CLASS: class com.revature.thevault.service.classes.WithdrawService
METHOD: createWithdrawal
THROWING EXCEPTION CLASS: class com.revature.thevault.service.exceptions.InvalidRequestException
MESSAGE: 400 BAD_REQUEST "NULL VALUE PROVIDED"
2022-05-23 10:57:34,780 DEBUG dLog [main] CLASS: class com.revature.thevault.service.classes.WithdrawService
METHOD: createWithdrawal
ARGUMENTS: [WithdrawRequest(accountId=1, requestType=, reference=reference, amount=1.0)]
2022-05-23 10:57:34,782 ERROR dLog [main] CONTROLLER CLASS: class com.revature.thevault.service.classes.WithdrawService
METHOD: createWithdrawal
THROWING EXCEPTION CLASS: class com.revature.thevault.service.exceptions.InvalidRequestException
MESSAGE: 400 BAD_REQUEST "Invalid text, too short (less than 1): "
2022-05-23 10:57:34,853 DEBUG dLog [main] CLASS: class com.revature.thevault.service.classes.WithdrawService
METHOD: createWithdrawal
ARGUMENTS: [WithdrawRequest(accountId=1, requestType=asdfasdfasdfasdfasdfasdfasdfasdfasdfasdfasdfasdfasf, reference=reference, amount=1.0)]
2022-05-23 10:57:34,864 ERROR dLog [main] CONTROLLER CLASS: class com.revature.thevault.service.classes.WithdrawService
METHOD: createWithdrawal
THROWING EXCEPTION CLASS: class com.revature.thevault.service.exceptions.InvalidRequestException
MESSAGE: 400 BAD_REQUEST "Invalid Text, too long (greater than 30): asdfasdfasdfasdfasdfasdfasdfasdfasdfasdfasdfasdfasf"
2022-05-23 10:57:34,961 DEBUG dLog [main] CLASS: class com.revature.thevault.service.classes.WithdrawService
METHOD: createWithdrawal
ARGUMENTS: [WithdrawRequest(accountId=1, requestType=a, reference=reference, amount=1.0)]
2022-05-23 10:57:34,962 ERROR dLog [main] CONTROLLER CLASS: class com.revature.thevault.service.classes.WithdrawService
METHOD: createWithdrawal
THROWING EXCEPTION CLASS: class com.revature.thevault.service.exceptions.InvalidRequestException
MESSAGE: 400 BAD_REQUEST "Invalid text, too short (less than 1): a"
2022-05-23 10:57:34,987 DEBUG dLog [main] CLASS: class com.revature.thevault.service.classes.WithdrawService
METHOD: createWithdrawal
ARGUMENTS: [WithdrawRequest(accountId=1, requestType=Retail, reference=null, amount=1.0)]
2022-05-23 10:57:34,988 ERROR dLog [main] CONTROLLER CLASS: class com.revature.thevault.service.classes.WithdrawService
METHOD: createWithdrawal
THROWING EXCEPTION CLASS: class com.revature.thevault.service.exceptions.InvalidRequestException
MESSAGE: 400 BAD_REQUEST "NULL VALUE PROVIDED"
2022-05-23 10:57:35,053 DEBUG dLog [main] CLASS: class com.revature.thevault.service.classes.WithdrawService
METHOD: createWithdrawal
ARGUMENTS: [WithdrawRequest(accountId=1, requestType=Retail, reference=, amount=1.0)]
2022-05-23 10:57:35,054 ERROR dLog [main] CONTROLLER CLASS: class com.revature.thevault.service.classes.WithdrawService
METHOD: createWithdrawal
THROWING EXCEPTION CLASS: class com.revature.thevault.service.exceptions.InvalidRequestException
MESSAGE: 400 BAD_REQUEST "Invalid text, too short (less than 1): "
2022-05-23 10:57:35,241 DEBUG dLog [main] CLASS: class com.revature.thevault.service.classes.WithdrawService
METHOD: createWithdrawal
ARGUMENTS: [WithdrawRequest(accountId=1, requestType=Retail, reference=asdfasdfasdfasdfasdfasdfasdfasdfasdfasdfasdfasdfasf, amount=1.0)]
2022-05-23 10:57:35,244 ERROR dLog [main] CONTROLLER CLASS: class com.revature.thevault.service.classes.WithdrawService
METHOD: createWithdrawal
THROWING EXCEPTION CLASS: class com.revature.thevault.service.exceptions.InvalidRequestException
MESSAGE: 400 BAD_REQUEST "Invalid Text, too long (greater than 30): asdfasdfasdfasdfasdfasdfasdfasdfasdfasdfasdfasdfasf"
2022-05-23 10:57:35,288 DEBUG dLog [main] CLASS: class com.revature.thevault.service.classes.WithdrawService
METHOD: createWithdrawal
ARGUMENTS: [WithdrawRequest(accountId=1, requestType=Retail, reference=a, amount=1.0)]
2022-05-23 10:57:35,290 ERROR dLog [main] CONTROLLER CLASS: class com.revature.thevault.service.classes.WithdrawService
METHOD: createWithdrawal
THROWING EXCEPTION CLASS: class com.revature.thevault.service.exceptions.InvalidRequestException
MESSAGE: 400 BAD_REQUEST "Invalid text, too short (less than 1): a"
2022-05-23 10:57:35,327 DEBUG dLog [main] CLASS: class com.revature.thevault.service.classes.WithdrawService
METHOD: createWithdrawal
ARGUMENTS: [WithdrawRequest(accountId=1, requestType=Retail, reference=reference, amount=12.22)]
2022-05-23 10:57:35,331 INFO dLog [main] METHOD: createWithdrawal
RETURNING: PostResponse(createdObject=[WithdrawResponseObject(withdrawId=1, accountId=1, requestType=Retail, requestStatus=Pending, reference=reference, dateWithdraw=2022-05-23, amount=12.22)])
2022-05-23 10:57:35,358 DEBUG dLog [main] CLASS: class com.revature.thevault.service.classes.WithdrawService
METHOD: getAlLUserWithdrawalsOfType
ARGUMENTS: [1, Retail]
2022-05-23 10:57:35,361 INFO dLog [main] METHOD: getAlLUserWithdrawalsOfType
RETURNING: GetResponse(gotObject=[WithdrawResponseObject(withdrawId=1, accountId=1, requestType=Retail, requestStatus=Pending, reference=reference, dateWithdraw=2022-05-23, amount=12.22)])
2022-05-23 10:57:35,389 DEBUG dLog [main] CLASS: class com.revature.thevault.service.classes.WithdrawService
METHOD: deleteAllWithdraws
ARGUMENTS: [1]
2022-05-23 10:57:35,391 INFO dLog [main] METHOD: deleteAllWithdraws
RETURNING: DeleteResponse(deletedObject=[])
2022-05-23 10:57:35,440 DEBUG dLog [main] CLASS: class com.revature.thevault.service.classes.WithdrawService
METHOD: getAllUserWithdrawals
ARGUMENTS: [1]
2022-05-23 10:57:35,441 INFO dLog [main] METHOD: getAllUserWithdrawals
RETURNING: GetResponse(gotObject=[WithdrawResponseObject(withdrawId=1, accountId=1, requestType=Retail, requestStatus=Pending, reference=reference, dateWithdraw=2022-05-23, amount=12.22)])
2022-05-23 10:57:35,463 DEBUG dLog [main] CLASS: class com.revature.thevault.service.classes.WithdrawService
METHOD: getAllUserWithdrawlsByMonth
ARGUMENTS: [1, 3, 1999]
2022-05-23 10:57:35,465 INFO dLog [main] METHOD: getAllUserWithdrawlsByMonth
RETURNING: GetResponse(gotObject=[])
2022-05-23 10:57:35,505 DEBUG dLog [main] CLASS: class com.revature.thevault.service.classes.WithdrawService
METHOD: findByWithdrawId
ARGUMENTS: [1]
2022-05-23 10:57:35,506 INFO dLog [main] METHOD: findByWithdrawId
RETURNING: GetResponse(gotObject=[WithdrawResponseObject(withdrawId=1, accountId=1, requestType=Retail, requestStatus=Pending, reference=reference, dateWithdraw=2022-05-23, amount=12.22)])
2022-05-23 11:01:17,288 DEBUG dLog [main] CLASS: class com.revature.thevault.service.classes.WithdrawService
METHOD: getAllUserWithdrawlsByMonth
ARGUMENTS: [1, 4, 2022]
2022-05-23 11:01:17,348 INFO dLog [main] METHOD: getAllUserWithdrawlsByMonth
RETURNING: GetResponse(gotObject=[])
2022-05-23 11:05:24,127 DEBUG dLog [main] CLASS: class com.revature.thevault.service.classes.WithdrawService
METHOD: findByWithdrawId
ARGUMENTS: [-1]
2022-05-23 11:05:24,271 ERROR dLog [main] CONTROLLER CLASS: class com.revature.thevault.service.classes.WithdrawService
METHOD: findByWithdrawId
THROWING EXCEPTION CLASS: class com.revature.thevault.service.exceptions.InvalidWithdrawIdRequest
MESSAGE: 400 BAD_REQUEST "Withdraw not found, withdraw Id: -1"
2022-05-23 11:05:24,632 DEBUG dLog [main] CLASS: class com.revature.thevault.service.classes.WithdrawService
METHOD: createWithdrawal
ARGUMENTS: [WithdrawRequest(accountId=1, requestType=Retail, reference=reference, amount=0.0)]
2022-05-23 11:05:24,647 ERROR dLog [main] CONTROLLER CLASS: class com.revature.thevault.service.classes.WithdrawService
METHOD: createWithdrawal
THROWING EXCEPTION CLASS: class com.revature.thevault.service.exceptions.InvalidAmountException
MESSAGE: 400 BAD_REQUEST "Invalid amount, less than or equal to 0: 0.0"
2022-05-23 11:05:24,737 DEBUG dLog [main] CLASS: class com.revature.thevault.service.classes.WithdrawService
METHOD: createWithdrawal
ARGUMENTS: [WithdrawRequest(accountId=1, requestType=Retail, reference=reference, amount=-1.0)]
2022-05-23 11:05:24,744 ERROR dLog [main] CONTROLLER CLASS: class com.revature.thevault.service.classes.WithdrawService
METHOD: createWithdrawal
THROWING EXCEPTION CLASS: class com.revature.thevault.service.exceptions.InvalidAmountException
MESSAGE: 400 BAD_REQUEST "Invalid amount, less than or equal to 0: -1.0"
2022-05-23 11:05:24,808 DEBUG dLog [main] CLASS: class com.revature.thevault.service.classes.WithdrawService
METHOD: createWithdrawal
ARGUMENTS: [WithdrawRequest(accountId=1, requestType=Retail, reference=reference, amount=-2123.0)]
2022-05-23 11:05:24,812 ERROR dLog [main] CONTROLLER CLASS: class com.revature.thevault.service.classes.WithdrawService
METHOD: createWithdrawal
THROWING EXCEPTION CLASS: class com.revature.thevault.service.exceptions.InvalidAmountException
MESSAGE: 400 BAD_REQUEST "Invalid amount, less than or equal to 0: -2123.0"
2022-05-23 11:05:24,952 DEBUG dLog [main] CLASS: class com.revature.thevault.service.classes.WithdrawService
METHOD: createWithdrawal
ARGUMENTS: [WithdrawRequest(accountId=1, requestType=null, reference=reference, amount=1.0)]
2022-05-23 11:05:24,982 ERROR dLog [main] CONTROLLER CLASS: class com.revature.thevault.service.classes.WithdrawService
METHOD: createWithdrawal
THROWING EXCEPTION CLASS: class com.revature.thevault.service.exceptions.InvalidRequestException
MESSAGE: 400 BAD_REQUEST "NULL VALUE PROVIDED"
2022-05-23 11:05:25,181 DEBUG dLog [main] CLASS: class com.revature.thevault.service.classes.WithdrawService
METHOD: createWithdrawal
ARGUMENTS: [WithdrawRequest(accountId=1, requestType=, reference=reference, amount=1.0)]
2022-05-23 11:05:25,183 ERROR dLog [main] CONTROLLER CLASS: class com.revature.thevault.service.classes.WithdrawService
METHOD: createWithdrawal
THROWING EXCEPTION CLASS: class com.revature.thevault.service.exceptions.InvalidRequestException
MESSAGE: 400 BAD_REQUEST "Invalid text, too short (less than 1): "
2022-05-23 11:05:25,263 DEBUG dLog [main] CLASS: class com.revature.thevault.service.classes.WithdrawService
METHOD: createWithdrawal
ARGUMENTS: [WithdrawRequest(accountId=1, requestType=asdfasdfasdfasdfasdfasdfasdfasdfasdfasdfasdfasdfasf, reference=reference, amount=1.0)]
2022-05-23 11:05:25,277 ERROR dLog [main] CONTROLLER CLASS: class com.revature.thevault.service.classes.WithdrawService
METHOD: createWithdrawal
THROWING EXCEPTION CLASS: class com.revature.thevault.service.exceptions.InvalidRequestException
MESSAGE: 400 BAD_REQUEST "Invalid Text, too long (greater than 30): asdfasdfasdfasdfasdfasdfasdfasdfasdfasdfasdfasdfasf"
2022-05-23 11:05:25,348 DEBUG dLog [main] CLASS: class com.revature.thevault.service.classes.WithdrawService
METHOD: createWithdrawal
ARGUMENTS: [WithdrawRequest(accountId=1, requestType=a, reference=reference, amount=1.0)]
2022-05-23 11:05:25,353 ERROR dLog [main] CONTROLLER CLASS: class com.revature.thevault.service.classes.WithdrawService
METHOD: createWithdrawal
THROWING EXCEPTION CLASS: class com.revature.thevault.service.exceptions.InvalidRequestException
MESSAGE: 400 BAD_REQUEST "Invalid text, too short (less than 1): a"
2022-05-23 11:05:25,482 DEBUG dLog [main] CLASS: class com.revature.thevault.service.classes.WithdrawService
METHOD: createWithdrawal
ARGUMENTS: [WithdrawRequest(accountId=1, requestType=Retail, reference=null, amount=1.0)]
2022-05-23 11:05:25,484 ERROR dLog [main] CONTROLLER CLASS: class com.revature.thevault.service.classes.WithdrawService
METHOD: createWithdrawal
THROWING EXCEPTION CLASS: class com.revature.thevault.service.exceptions.InvalidRequestException
MESSAGE: 400 BAD_REQUEST "NULL VALUE PROVIDED"
2022-05-23 11:05:25,593 DEBUG dLog [main] CLASS: class com.revature.thevault.service.classes.WithdrawService
METHOD: createWithdrawal
ARGUMENTS: [WithdrawRequest(accountId=1, requestType=Retail, reference=, amount=1.0)]
2022-05-23 11:05:25,595 ERROR dLog [main] CONTROLLER CLASS: class com.revature.thevault.service.classes.WithdrawService
METHOD: createWithdrawal
THROWING EXCEPTION CLASS: class com.revature.thevault.service.exceptions.InvalidRequestException
MESSAGE: 400 BAD_REQUEST "Invalid text, too short (less than 1): "
2022-05-23 11:05:25,685 DEBUG dLog [main] CLASS: class com.revature.thevault.service.classes.WithdrawService
METHOD: createWithdrawal
ARGUMENTS: [WithdrawRequest(accountId=1, requestType=Retail, reference=asdfasdfasdfasdfasdfasdfasdfasdfasdfasdfasdfasdfasf, amount=1.0)]
2022-05-23 11:05:25,688 ERROR dLog [main] CONTROLLER CLASS: class com.revature.thevault.service.classes.WithdrawService
METHOD: createWithdrawal
THROWING EXCEPTION CLASS: class com.revature.thevault.service.exceptions.InvalidRequestException
MESSAGE: 400 BAD_REQUEST "Invalid Text, too long (greater than 30): asdfasdfasdfasdfasdfasdfasdfasdfasdfasdfasdfasdfasf"
2022-05-23 11:05:25,795 DEBUG dLog [main] CLASS: class com.revature.thevault.service.classes.WithdrawService
METHOD: createWithdrawal
ARGUMENTS: [WithdrawRequest(accountId=1, requestType=Retail, reference=a, amount=1.0)]
2022-05-23 11:05:25,796 ERROR dLog [main] CONTROLLER CLASS: class com.revature.thevault.service.classes.WithdrawService
METHOD: createWithdrawal
THROWING EXCEPTION CLASS: class com.revature.thevault.service.exceptions.InvalidRequestException
MESSAGE: 400 BAD_REQUEST "Invalid text, too short (less than 1): a"
2022-05-23 11:05:25,867 DEBUG dLog [main] CLASS: class com.revature.thevault.service.classes.WithdrawService
METHOD: createWithdrawal
ARGUMENTS: [WithdrawRequest(accountId=1, requestType=Retail, reference=reference, amount=12.22)]
2022-05-23 11:05:25,872 INFO dLog [main] METHOD: createWithdrawal
RETURNING: PostResponse(createdObject=[WithdrawResponseObject(withdrawId=1, accountId=1, requestType=Retail, requestStatus=Pending, reference=reference, dateWithdraw=2022-05-23, amount=12.22)])
2022-05-23 11:05:25,963 DEBUG dLog [main] CLASS: class com.revature.thevault.service.classes.WithdrawService
METHOD: getAlLUserWithdrawalsOfType
ARGUMENTS: [1, Retail]
2022-05-23 11:05:25,966 INFO dLog [main] METHOD: getAlLUserWithdrawalsOfType
RETURNING: GetResponse(gotObject=[WithdrawResponseObject(withdrawId=1, accountId=1, requestType=Retail, requestStatus=Pending, reference=reference, dateWithdraw=2022-05-23, amount=12.22)])
2022-05-23 11:05:26,075 DEBUG dLog [main] CLASS: class com.revature.thevault.service.classes.WithdrawService
METHOD: deleteAllWithdraws
ARGUMENTS: [1]
2022-05-23 11:05:26,082 INFO dLog [main] METHOD: deleteAllWithdraws
RETURNING: DeleteResponse(deletedObject=[])
2022-05-23 11:05:26,176 DEBUG dLog [main] CLASS: class com.revature.thevault.service.classes.WithdrawService
METHOD: getAllUserWithdrawals
ARGUMENTS: [1]
2022-05-23 11:05:26,177 INFO dLog [main] METHOD: getAllUserWithdrawals
RETURNING: GetResponse(gotObject=[WithdrawResponseObject(withdrawId=1, accountId=1, requestType=Retail, requestStatus=Pending, reference=reference, dateWithdraw=2022-05-23, amount=12.22)])
2022-05-23 11:05:26,283 DEBUG dLog [main] CLASS: class com.revature.thevault.service.classes.WithdrawService
METHOD: getAllUserWithdrawlsByMonth
ARGUMENTS: [1, 4, 2022]
2022-05-23 11:05:26,291 INFO dLog [main] METHOD: getAllUserWithdrawlsByMonth
RETURNING: GetResponse(gotObject=[])
2022-05-23 11:05:26,452 DEBUG dLog [main] CLASS: class com.revature.thevault.service.classes.WithdrawService
METHOD: findByWithdrawId
ARGUMENTS: [1]
2022-05-23 11:05:26,455 INFO dLog [main] METHOD: findByWithdrawId
RETURNING: GetResponse(gotObject=[WithdrawResponseObject(withdrawId=1, accountId=1, requestType=Retail, requestStatus=Pending, reference=reference, dateWithdraw=2022-05-23, amount=12.22)])
2022-05-23 11:13:11,677 DEBUG dLog [main] CLASS: class com.revature.thevault.service.classes.WithdrawService
METHOD: getAllUserWithdrawlsByMonth
ARGUMENTS: [1, 4, 2022]
2022-05-23 11:13:11,776 ERROR dLog [main] CONTROLLER CLASS: class com.revature.thevault.service.classes.WithdrawService
METHOD: getAllUserWithdrawlsByMonth
THROWING EXCEPTION CLASS: class java.lang.ClassCastException
MESSAGE: class java.util.Date cannot be cast to class java.sql.Date (java.util.Date is in module java.base of loader 'bootstrap'; java.sql.Date is in module java.sql of loader 'platform')
2022-05-23 11:17:39,275 DEBUG dLog [main] CLASS: class com.revature.thevault.service.classes.WithdrawService
METHOD: findByWithdrawId
ARGUMENTS: [-1]
2022-05-23 11:17:39,431 ERROR dLog [main] CONTROLLER CLASS: class com.revature.thevault.service.classes.WithdrawService
METHOD: findByWithdrawId
THROWING EXCEPTION CLASS: class com.revature.thevault.service.exceptions.InvalidWithdrawIdRequest
MESSAGE: 400 BAD_REQUEST "Withdraw not found, withdraw Id: -1"
2022-05-23 11:17:40,055 DEBUG dLog [main] CLASS: class com.revature.thevault.service.classes.WithdrawService
METHOD: createWithdrawal
ARGUMENTS: [WithdrawRequest(accountId=1, requestType=Retail, reference=reference, amount=0.0)]
2022-05-23 11:17:40,065 ERROR dLog [main] CONTROLLER CLASS: class com.revature.thevault.service.classes.WithdrawService
METHOD: createWithdrawal
THROWING EXCEPTION CLASS: class com.revature.thevault.service.exceptions.InvalidAmountException
MESSAGE: 400 BAD_REQUEST "Invalid amount, less than or equal to 0: 0.0"
2022-05-23 11:17:40,137 DEBUG dLog [main] CLASS: class com.revature.thevault.service.classes.WithdrawService
METHOD: createWithdrawal
ARGUMENTS: [WithdrawRequest(accountId=1, requestType=Retail, reference=reference, amount=-1.0)]
2022-05-23 11:17:40,138 ERROR dLog [main] CONTROLLER CLASS: class com.revature.thevault.service.classes.WithdrawService
METHOD: createWithdrawal
THROWING EXCEPTION CLASS: class com.revature.thevault.service.exceptions.InvalidAmountException
MESSAGE: 400 BAD_REQUEST "Invalid amount, less than or equal to 0: -1.0"
2022-05-23 11:17:40,412 DEBUG dLog [main] CLASS: class com.revature.thevault.service.classes.WithdrawService
METHOD: createWithdrawal
ARGUMENTS: [WithdrawRequest(accountId=1, requestType=Retail, reference=reference, amount=-2123.0)]
2022-05-23 11:17:40,414 ERROR dLog [main] CONTROLLER CLASS: class com.revature.thevault.service.classes.WithdrawService
METHOD: createWithdrawal
THROWING EXCEPTION CLASS: class com.revature.thevault.service.exceptions.InvalidAmountException
MESSAGE: 400 BAD_REQUEST "Invalid amount, less than or equal to 0: -2123.0"
2022-05-23 11:17:40,592 DEBUG dLog [main] CLASS: class com.revature.thevault.service.classes.WithdrawService
METHOD: createWithdrawal
ARGUMENTS: [WithdrawRequest(accountId=1, requestType=null, reference=reference, amount=1.0)]
2022-05-23 11:17:40,601 ERROR dLog [main] CONTROLLER CLASS: class com.revature.thevault.service.classes.WithdrawService
METHOD: createWithdrawal
THROWING EXCEPTION CLASS: class com.revature.thevault.service.exceptions.InvalidRequestException
MESSAGE: 400 BAD_REQUEST "NULL VALUE PROVIDED"
2022-05-23 11:17:40,687 DEBUG dLog [main] CLASS: class com.revature.thevault.service.classes.WithdrawService
METHOD: createWithdrawal
ARGUMENTS: [WithdrawRequest(accountId=1, requestType=, reference=reference, amount=1.0)]
2022-05-23 11:17:40,688 ERROR dLog [main] CONTROLLER CLASS: class com.revature.thevault.service.classes.WithdrawService
METHOD: createWithdrawal
THROWING EXCEPTION CLASS: class com.revature.thevault.service.exceptions.InvalidRequestException
MESSAGE: 400 BAD_REQUEST "Invalid text, too short (less than 1): "
2022-05-23 11:17:40,748 DEBUG dLog [main] CLASS: class com.revature.thevault.service.classes.WithdrawService
METHOD: createWithdrawal
ARGUMENTS: [WithdrawRequest(accountId=1, requestType=asdfasdfasdfasdfasdfasdfasdfasdfasdfasdfasdfasdfasf, reference=reference, amount=1.0)]
2022-05-23 11:17:40,753 ERROR dLog [main] CONTROLLER CLASS: class com.revature.thevault.service.classes.WithdrawService
METHOD: createWithdrawal
THROWING EXCEPTION CLASS: class com.revature.thevault.service.exceptions.InvalidRequestException
MESSAGE: 400 BAD_REQUEST "Invalid Text, too long (greater than 30): asdfasdfasdfasdfasdfasdfasdfasdfasdfasdfasdfasdfasf"
2022-05-23 11:17:40,840 DEBUG dLog [main] CLASS: class com.revature.thevault.service.classes.WithdrawService
METHOD: createWithdrawal
ARGUMENTS: [WithdrawRequest(accountId=1, requestType=a, reference=reference, amount=1.0)]
2022-05-23 11:17:40,842 ERROR dLog [main] CONTROLLER CLASS: class com.revature.thevault.service.classes.WithdrawService
METHOD: createWithdrawal
THROWING EXCEPTION CLASS: class com.revature.thevault.service.exceptions.InvalidRequestException
MESSAGE: 400 BAD_REQUEST "Invalid text, too short (less than 1): a"
2022-05-23 11:17:40,918 DEBUG dLog [main] CLASS: class com.revature.thevault.service.classes.WithdrawService
METHOD: createWithdrawal
ARGUMENTS: [WithdrawRequest(accountId=1, requestType=Retail, reference=null, amount=1.0)]
2022-05-23 11:17:40,919 ERROR dLog [main] CONTROLLER CLASS: class com.revature.thevault.service.classes.WithdrawService
METHOD: createWithdrawal
THROWING EXCEPTION CLASS: class com.revature.thevault.service.exceptions.InvalidRequestException
MESSAGE: 400 BAD_REQUEST "NULL VALUE PROVIDED"
2022-05-23 11:17:40,976 DEBUG dLog [main] CLASS: class com.revature.thevault.service.classes.WithdrawService
METHOD: createWithdrawal
ARGUMENTS: [WithdrawRequest(accountId=1, requestType=Retail, reference=, amount=1.0)]
2022-05-23 11:17:40,980 ERROR dLog [main] CONTROLLER CLASS: class com.revature.thevault.service.classes.WithdrawService
METHOD: createWithdrawal
THROWING EXCEPTION CLASS: class com.revature.thevault.service.exceptions.InvalidRequestException
MESSAGE: 400 BAD_REQUEST "Invalid text, too short (less than 1): "
2022-05-23 11:17:41,022 DEBUG dLog [main] CLASS: class com.revature.thevault.service.classes.WithdrawService
METHOD: createWithdrawal
ARGUMENTS: [WithdrawRequest(accountId=1, requestType=Retail, reference=asdfasdfasdfasdfasdfasdfasdfasdfasdfasdfasdfasdfasf, amount=1.0)]
2022-05-23 11:17:41,023 ERROR dLog [main] CONTROLLER CLASS: class com.revature.thevault.service.classes.WithdrawService
METHOD: createWithdrawal
THROWING EXCEPTION CLASS: class com.revature.thevault.service.exceptions.InvalidRequestException
MESSAGE: 400 BAD_REQUEST "Invalid Text, too long (greater than 30): asdfasdfasdfasdfasdfasdfasdfasdfasdfasdfasdfasdfasf"
2022-05-23 11:17:41,075 DEBUG dLog [main] CLASS: class com.revature.thevault.service.classes.WithdrawService
METHOD: createWithdrawal
ARGUMENTS: [WithdrawRequest(accountId=1, requestType=Retail, reference=a, amount=1.0)]
2022-05-23 11:17:41,076 ERROR dLog [main] CONTROLLER CLASS: class com.revature.thevault.service.classes.WithdrawService
METHOD: createWithdrawal
THROWING EXCEPTION CLASS: class com.revature.thevault.service.exceptions.InvalidRequestException
MESSAGE: 400 BAD_REQUEST "Invalid text, too short (less than 1): a"
2022-05-23 11:17:41,149 DEBUG dLog [main] CLASS: class com.revature.thevault.service.classes.WithdrawService
METHOD: createWithdrawal
ARGUMENTS: [WithdrawRequest(accountId=1, requestType=Retail, reference=reference, amount=12.22)]
2022-05-23 11:17:41,162 INFO dLog [main] METHOD: createWithdrawal
RETURNING: PostResponse(createdObject=[WithdrawResponseObject(withdrawId=1, accountId=1, requestType=Retail, requestStatus=Pending, reference=reference, dateWithdraw=2022-05-23, amount=12.22)])
2022-05-23 11:17:41,234 DEBUG dLog [main] CLASS: class com.revature.thevault.service.classes.WithdrawService
METHOD: getAlLUserWithdrawalsOfType
ARGUMENTS: [1, Retail]
2022-05-23 11:17:41,239 INFO dLog [main] METHOD: getAlLUserWithdrawalsOfType
RETURNING: GetResponse(gotObject=[WithdrawResponseObject(withdrawId=1, accountId=1, requestType=Retail, requestStatus=Pending, reference=reference, dateWithdraw=2022-05-23, amount=12.22)])
2022-05-23 11:17:41,275 DEBUG dLog [main] CLASS: class com.revature.thevault.service.classes.WithdrawService
METHOD: deleteAllWithdraws
ARGUMENTS: [1]
2022-05-23 11:17:41,276 INFO dLog [main] METHOD: deleteAllWithdraws
RETURNING: DeleteResponse(deletedObject=[])
2022-05-23 11:17:41,324 DEBUG dLog [main] CLASS: class com.revature.thevault.service.classes.WithdrawService
METHOD: getAllUserWithdrawals
ARGUMENTS: [1]
2022-05-23 11:17:41,326 INFO dLog [main] METHOD: getAllUserWithdrawals
RETURNING: GetResponse(gotObject=[WithdrawResponseObject(withdrawId=1, accountId=1, requestType=Retail, requestStatus=Pending, reference=reference, dateWithdraw=2022-05-23, amount=12.22)])
2022-05-23 11:17:41,358 DEBUG dLog [main] CLASS: class com.revature.thevault.service.classes.WithdrawService
METHOD: getAllUserWithdrawlsByMonth
ARGUMENTS: [1, 4, 2022]
2022-05-23 11:17:41,361 INFO dLog [main] METHOD: getAllUserWithdrawlsByMonth
RETURNING: GetResponse(gotObject=[])
2022-05-23 11:17:41,464 DEBUG dLog [main] CLASS: class com.revature.thevault.service.classes.WithdrawService
METHOD: findByWithdrawId
ARGUMENTS: [1]
2022-05-23 11:17:41,465 INFO dLog [main] METHOD: findByWithdrawId
RETURNING: GetResponse(gotObject=[WithdrawResponseObject(withdrawId=1, accountId=1, requestType=Retail, requestStatus=Pending, reference=reference, dateWithdraw=2022-05-23, amount=12.22)])
2022-05-23 11:27:25,280 DEBUG dLog [main] CLASS: class com.revature.thevault.service.classes.WithdrawService
METHOD: getAllUserWithdrawlsByMonth
ARGUMENTS: [1, 4, 2022]
2022-05-23 11:27:25,433 INFO dLog [main] METHOD: getAllUserWithdrawlsByMonth
RETURNING: GetResponse(gotObject=[WithdrawResponseObject(withdrawId=2, accountId=1, requestType=Retail, requestStatus=Pending, reference=reference, dateWithdraw=2022-04-30, amount=12.22), WithdrawResponseObject(withdrawId=3, accountId=1, requestType=Retail, requestStatus=Pending, reference=reference, dateWithdraw=2022-05-31, amount=12.22)])
2022-05-23 11:54:54,940 DEBUG dLog [main] CLASS: class com.revature.thevault.service.classes.WithdrawService
METHOD: findByWithdrawId
ARGUMENTS: [-1]
2022-05-23 11:54:55,027 ERROR dLog [main] CONTROLLER CLASS: class com.revature.thevault.service.classes.WithdrawService
METHOD: findByWithdrawId
THROWING EXCEPTION CLASS: class com.revature.thevault.service.exceptions.InvalidWithdrawIdRequest
MESSAGE: 400 BAD_REQUEST "Withdraw not found, withdraw Id: -1"
2022-05-23 11:54:55,255 DEBUG dLog [main] CLASS: class com.revature.thevault.service.classes.WithdrawService
METHOD: createWithdrawal
ARGUMENTS: [WithdrawRequest(accountId=1, requestType=Retail, reference=reference, amount=0.0)]
2022-05-23 11:54:55,320 ERROR dLog [main] CONTROLLER CLASS: class com.revature.thevault.service.classes.WithdrawService
METHOD: createWithdrawal
THROWING EXCEPTION CLASS: class com.revature.thevault.service.exceptions.InvalidAmountException
MESSAGE: 400 BAD_REQUEST "Invalid amount, less than or equal to 0: 0.0"
2022-05-23 11:54:55,432 DEBUG dLog [main] CLASS: class com.revature.thevault.service.classes.WithdrawService
METHOD: createWithdrawal
ARGUMENTS: [WithdrawRequest(accountId=1, requestType=Retail, reference=reference, amount=-1.0)]
2022-05-23 11:54:55,437 ERROR dLog [main] CONTROLLER CLASS: class com.revature.thevault.service.classes.WithdrawService
METHOD: createWithdrawal
THROWING EXCEPTION CLASS: class com.revature.thevault.service.exceptions.InvalidAmountException
MESSAGE: 400 BAD_REQUEST "Invalid amount, less than or equal to 0: -1.0"
2022-05-23 11:54:55,482 DEBUG dLog [main] CLASS: class com.revature.thevault.service.classes.WithdrawService
METHOD: createWithdrawal
ARGUMENTS: [WithdrawRequest(accountId=1, requestType=Retail, reference=reference, amount=-2123.0)]
2022-05-23 11:54:55,484 ERROR dLog [main] CONTROLLER CLASS: class com.revature.thevault.service.classes.WithdrawService
METHOD: createWithdrawal
THROWING EXCEPTION CLASS: class com.revature.thevault.service.exceptions.InvalidAmountException
MESSAGE: 400 BAD_REQUEST "Invalid amount, less than or equal to 0: -2123.0"
2022-05-23 11:54:55,549 DEBUG dLog [main] CLASS: class com.revature.thevault.service.classes.WithdrawService
METHOD: createWithdrawal
ARGUMENTS: [WithdrawRequest(accountId=1, requestType=null, reference=reference, amount=1.0)]
2022-05-23 11:54:55,558 ERROR dLog [main] CONTROLLER CLASS: class com.revature.thevault.service.classes.WithdrawService
METHOD: createWithdrawal
THROWING EXCEPTION CLASS: class com.revature.thevault.service.exceptions.InvalidRequestException
MESSAGE: 400 BAD_REQUEST "NULL VALUE PROVIDED"
2022-05-23 11:54:55,619 DEBUG dLog [main] CLASS: class com.revature.thevault.service.classes.WithdrawService
METHOD: createWithdrawal
ARGUMENTS: [WithdrawRequest(accountId=1, requestType=, reference=reference, amount=1.0)]
2022-05-23 11:54:55,622 ERROR dLog [main] CONTROLLER CLASS: class com.revature.thevault.service.classes.WithdrawService
METHOD: createWithdrawal
THROWING EXCEPTION CLASS: class com.revature.thevault.service.exceptions.InvalidRequestException
MESSAGE: 400 BAD_REQUEST "Invalid text, too short (less than 1): "
2022-05-23 11:54:55,749 DEBUG dLog [main] CLASS: class com.revature.thevault.service.classes.WithdrawService
METHOD: createWithdrawal
ARGUMENTS: [WithdrawRequest(accountId=1, requestType=asdfasdfasdfasdfasdfasdfasdfasdfasdfasdfasdfasdfasf, reference=reference, amount=1.0)]
2022-05-23 11:54:55,762 ERROR dLog [main] CONTROLLER CLASS: class com.revature.thevault.service.classes.WithdrawService
METHOD: createWithdrawal
THROWING EXCEPTION CLASS: class com.revature.thevault.service.exceptions.InvalidRequestException
MESSAGE: 400 BAD_REQUEST "Invalid Text, too long (greater than 30): asdfasdfasdfasdfasdfasdfasdfasdfasdfasdfasdfasdfasf"
2022-05-23 11:54:55,851 DEBUG dLog [main] CLASS: class com.revature.thevault.service.classes.WithdrawService
METHOD: createWithdrawal
ARGUMENTS: [WithdrawRequest(accountId=1, requestType=a, reference=reference, amount=1.0)]
2022-05-23 11:54:55,855 ERROR dLog [main] CONTROLLER CLASS: class com.revature.thevault.service.classes.WithdrawService
METHOD: createWithdrawal
THROWING EXCEPTION CLASS: class com.revature.thevault.service.exceptions.InvalidRequestException
MESSAGE: 400 BAD_REQUEST "Invalid text, too short (less than 1): a"
2022-05-23 11:54:55,924 DEBUG dLog [main] CLASS: class com.revature.thevault.service.classes.WithdrawService
METHOD: createWithdrawal
ARGUMENTS: [WithdrawRequest(accountId=1, requestType=Retail, reference=null, amount=1.0)]
2022-05-23 11:54:55,925 ERROR dLog [main] CONTROLLER CLASS: class com.revature.thevault.service.classes.WithdrawService
METHOD: createWithdrawal
THROWING EXCEPTION CLASS: class com.revature.thevault.service.exceptions.InvalidRequestException
MESSAGE: 400 BAD_REQUEST "NULL VALUE PROVIDED"
2022-05-23 11:54:55,966 DEBUG dLog [main] CLASS: class com.revature.thevault.service.classes.WithdrawService
METHOD: createWithdrawal
ARGUMENTS: [WithdrawRequest(accountId=1, requestType=Retail, reference=, amount=1.0)]
2022-05-23 11:54:55,975 ERROR dLog [main] CONTROLLER CLASS: class com.revature.thevault.service.classes.WithdrawService
METHOD: createWithdrawal
THROWING EXCEPTION CLASS: class com.revature.thevault.service.exceptions.InvalidRequestException
MESSAGE: 400 BAD_REQUEST "Invalid text, too short (less than 1): "
2022-05-23 11:54:56,039 DEBUG dLog [main] CLASS: class com.revature.thevault.service.classes.WithdrawService
METHOD: createWithdrawal
ARGUMENTS: [WithdrawRequest(accountId=1, requestType=Retail, reference=asdfasdfasdfasdfasdfasdfasdfasdfasdfasdfasdfasdfasf, amount=1.0)]
2022-05-23 11:54:56,040 ERROR dLog [main] CONTROLLER CLASS: class com.revature.thevault.service.classes.WithdrawService
METHOD: createWithdrawal
THROWING EXCEPTION CLASS: class com.revature.thevault.service.exceptions.InvalidRequestException
MESSAGE: 400 BAD_REQUEST "Invalid Text, too long (greater than 30): asdfasdfasdfasdfasdfasdfasdfasdfasdfasdfasdfasdfasf"
2022-05-23 11:54:56,096 DEBUG dLog [main] CLASS: class com.revature.thevault.service.classes.WithdrawService
METHOD: createWithdrawal
ARGUMENTS: [WithdrawRequest(accountId=1, requestType=Retail, reference=a, amount=1.0)]
2022-05-23 11:54:56,098 ERROR dLog [main] CONTROLLER CLASS: class com.revature.thevault.service.classes.WithdrawService
METHOD: createWithdrawal
THROWING EXCEPTION CLASS: class com.revature.thevault.service.exceptions.InvalidRequestException
MESSAGE: 400 BAD_REQUEST "Invalid text, too short (less than 1): a"
2022-05-23 11:54:56,160 DEBUG dLog [main] CLASS: class com.revature.thevault.service.classes.WithdrawService
METHOD: createWithdrawal
ARGUMENTS: [WithdrawRequest(accountId=1, requestType=Retail, reference=reference, amount=12.22)]
2022-05-23 11:54:56,177 INFO dLog [main] METHOD: createWithdrawal
RETURNING: PostResponse(createdObject=[WithdrawResponseObject(withdrawId=1, accountId=1, requestType=Retail, requestStatus=Pending, reference=reference, dateWithdraw=2022-05-23, amount=12.22)])
2022-05-23 11:54:56,220 DEBUG dLog [main] CLASS: class com.revature.thevault.service.classes.WithdrawService
METHOD: getAlLUserWithdrawalsOfType
ARGUMENTS: [1, Retail]
2022-05-23 11:54:56,224 INFO dLog [main] METHOD: getAlLUserWithdrawalsOfType
RETURNING: GetResponse(gotObject=[WithdrawResponseObject(withdrawId=1, accountId=1, requestType=Retail, requestStatus=Pending, reference=reference, dateWithdraw=2022-05-23, amount=12.22)])
2022-05-23 11:54:56,257 DEBUG dLog [main] CLASS: class com.revature.thevault.service.classes.WithdrawService
METHOD: deleteAllWithdraws
ARGUMENTS: [1]
2022-05-23 11:54:56,259 INFO dLog [main] METHOD: deleteAllWithdraws
RETURNING: DeleteResponse(deletedObject=[])
2022-05-23 11:54:56,283 DEBUG dLog [main] CLASS: class com.revature.thevault.service.classes.WithdrawService
METHOD: getAllUserWithdrawals
ARGUMENTS: [1]
2022-05-23 11:54:56,288 INFO dLog [main] METHOD: getAllUserWithdrawals
RETURNING: GetResponse(gotObject=[WithdrawResponseObject(withdrawId=1, accountId=1, requestType=Retail, requestStatus=Pending, reference=reference, dateWithdraw=2022-05-23, amount=12.22)])
2022-05-23 11:54:56,348 DEBUG dLog [main] CLASS: class com.revature.thevault.service.classes.WithdrawService
METHOD: getAllUserWithdrawlsByMonth
ARGUMENTS: [1, 4, 2022]
2022-05-23 11:54:56,353 INFO dLog [main] METHOD: getAllUserWithdrawlsByMonth
RETURNING: GetResponse(gotObject=[])
2022-05-23 11:54:56,469 DEBUG dLog [main] CLASS: class com.revature.thevault.service.classes.WithdrawService
METHOD: findByWithdrawId
ARGUMENTS: [1]
2022-05-23 11:54:56,471 INFO dLog [main] METHOD: findByWithdrawId
RETURNING: GetResponse(gotObject=[WithdrawResponseObject(withdrawId=1, accountId=1, requestType=Retail, requestStatus=Pending, reference=reference, dateWithdraw=2022-05-23, amount=12.22)])
