<<<<<<< HEAD
2022-05-24 17:09:26,336 DEBUG dLog [http-nio-9000-exec-4] Class: class com.revature.thevault.presentation.controller.LoginController
Method: findLoginCredential
Arguments: [LoginRequest(username=username1, password=password1)]
2022-05-24 17:09:26,336 DEBUG dLog [http-nio-9000-exec-5] Class: class com.revature.thevault.presentation.controller.LoginController
Method: findLoginCredential
Arguments: [LoginRequest(username=username1, password=password1)]
2022-05-24 17:09:26,336 DEBUG dLog [http-nio-9000-exec-6] Class: class com.revature.thevault.presentation.controller.LoginController
Method: findLoginCredential
Arguments: [LoginRequest(username=username1, password=password1)]
2022-05-24 17:09:26,350 DEBUG dLog [http-nio-9000-exec-4] CLASS: class com.revature.thevault.service.classes.LoginService
METHOD: getLoginCredentialFromLogin
ARGUMENTS: [username1]
2022-05-24 17:09:26,350 DEBUG dLog [http-nio-9000-exec-5] CLASS: class com.revature.thevault.service.classes.LoginService
METHOD: getLoginCredentialFromLogin
ARGUMENTS: [username1]
2022-05-24 17:09:26,350 DEBUG dLog [http-nio-9000-exec-6] CLASS: class com.revature.thevault.service.classes.LoginService
METHOD: getLoginCredentialFromLogin
ARGUMENTS: [username1]
2022-05-24 17:09:26,533 INFO dLog [http-nio-9000-exec-6] METHOD: getLoginCredentialFromLogin
RETURNING: PostResponse(createdObject=[LoginResponseObject(userId=1, username=username1, password=password1)])
2022-05-24 17:09:26,533 INFO dLog [http-nio-9000-exec-5] METHOD: getLoginCredentialFromLogin
RETURNING: PostResponse(createdObject=[LoginResponseObject(userId=1, username=username1, password=password1)])
2022-05-24 17:09:26,533 INFO dLog [http-nio-9000-exec-4] METHOD: getLoginCredentialFromLogin
RETURNING: PostResponse(createdObject=[LoginResponseObject(userId=1, username=username1, password=password1)])
2022-05-24 17:09:26,535 INFO dLog [http-nio-9000-exec-4] Class: class com.revature.thevault.presentation.controller.LoginController
Method: findLoginCredential
RETURNING: PostResponse(createdObject=[LoginResponseObject(userId=1, username=username1, password=password1)])
2022-05-24 17:09:26,535 INFO dLog [http-nio-9000-exec-6] Class: class com.revature.thevault.presentation.controller.LoginController
Method: findLoginCredential
RETURNING: PostResponse(createdObject=[LoginResponseObject(userId=1, username=username1, password=password1)])
2022-05-24 17:09:26,535 INFO dLog [http-nio-9000-exec-5] Class: class com.revature.thevault.presentation.controller.LoginController
Method: findLoginCredential
RETURNING: PostResponse(createdObject=[LoginResponseObject(userId=1, username=username1, password=password1)])
2022-05-24 17:09:26,952 DEBUG dLog [http-nio-9000-exec-8] Class: class com.revature.thevault.presentation.controller.AccountProfileController
Method: getProfile
Arguments: [1]
2022-05-24 17:09:26,968 DEBUG dLog [http-nio-9000-exec-8] CLASS: class com.revature.thevault.service.classes.AccountProfileService
METHOD: getProfile
ARGUMENTS: [AccountProfileRequest(profileId=1)]
2022-05-24 17:09:27,099 INFO dLog [http-nio-9000-exec-8] METHOD: getProfile
RETURNING: GetResponse(gotObject=[AccountProfileResponse(profileId=1, userId=1, firstName=Tommy, lastName=Cat, email=email@email.com, phoneNumber=5559991234, address=1 lane)])
2022-05-24 17:09:27,099 INFO dLog [http-nio-9000-exec-8] Class: class com.revature.thevault.presentation.controller.AccountProfileController
Method: getProfile
RETURNING: GetResponse(gotObject=[AccountProfileResponse(profileId=1, userId=1, firstName=Tommy, lastName=Cat, email=email@email.com, phoneNumber=5559991234, address=1 lane)])
2022-05-24 17:13:58,347 DEBUG dLog [http-nio-9000-exec-1] Class: class com.revature.thevault.presentation.controller.LoginController
Method: findLoginCredential
Arguments: [LoginRequest(username=username1, password=password1)]
2022-05-24 17:13:58,348 DEBUG dLog [http-nio-9000-exec-1] CLASS: class com.revature.thevault.service.classes.LoginService
METHOD: getLoginCredentialFromLogin
ARGUMENTS: [username1]
2022-05-24 17:13:58,425 INFO dLog [http-nio-9000-exec-1] METHOD: getLoginCredentialFromLogin
RETURNING: PostResponse(createdObject=[LoginResponseObject(userId=1, username=username1, password=password1)])
2022-05-24 17:13:58,425 INFO dLog [http-nio-9000-exec-1] Class: class com.revature.thevault.presentation.controller.LoginController
Method: findLoginCredential
RETURNING: PostResponse(createdObject=[LoginResponseObject(userId=1, username=username1, password=password1)])
2022-05-24 17:13:58,528 DEBUG dLog [http-nio-9000-exec-3] Class: class com.revature.thevault.presentation.controller.AccountProfileController
Method: getProfile
Arguments: [1]
2022-05-24 17:13:58,529 DEBUG dLog [http-nio-9000-exec-3] CLASS: class com.revature.thevault.service.classes.AccountProfileService
METHOD: getProfile
ARGUMENTS: [AccountProfileRequest(profileId=1)]
2022-05-24 17:13:58,602 INFO dLog [http-nio-9000-exec-3] METHOD: getProfile
RETURNING: GetResponse(gotObject=[AccountProfileResponse(profileId=1, userId=1, firstName=Tommy, lastName=Cat, email=email@email.com, phoneNumber=5559991234, address=1 lane)])
2022-05-24 17:13:58,603 INFO dLog [http-nio-9000-exec-3] Class: class com.revature.thevault.presentation.controller.AccountProfileController
Method: getProfile
RETURNING: GetResponse(gotObject=[AccountProfileResponse(profileId=1, userId=1, firstName=Tommy, lastName=Cat, email=email@email.com, phoneNumber=5559991234, address=1 lane)])
2022-05-24 17:13:58,727 DEBUG dLog [http-nio-9000-exec-4] Class: class com.revature.thevault.presentation.controller.AccountController
Method: getUserAccountList
Arguments: [1, org.apache.catalina.session.StandardSessionFacade@72fb53bf]
2022-05-24 17:13:58,737 DEBUG dLog [http-nio-9000-exec-4] CLASS: class com.revature.thevault.service.classes.AccountService
METHOD: getAccounts
ARGUMENTS: [1]
2022-05-24 17:13:58,859 INFO dLog [http-nio-9000-exec-4] METHOD: getAccounts
RETURNING: GetResponse(gotObject=[AccountResponseObject(accountId=13, userId=1, accountType=Checking, availableBalance=2000.0, pendingBalance=2000.0)])
2022-05-24 17:13:58,860 INFO dLog [http-nio-9000-exec-4] Class: class com.revature.thevault.presentation.controller.AccountController
Method: getUserAccountList
RETURNING: GetResponse(gotObject=[AccountResponseObject(accountId=13, userId=1, accountType=Checking, availableBalance=2000.0, pendingBalance=2000.0)])
2022-05-24 17:14:44,531 DEBUG dLog [http-nio-9000-exec-7] Class: class com.revature.thevault.presentation.controller.LoginController
Method: findLoginCredential
Arguments: [LoginRequest(username=username1, password=password1)]
2022-05-24 17:14:44,531 DEBUG dLog [http-nio-9000-exec-7] CLASS: class com.revature.thevault.service.classes.LoginService
METHOD: getLoginCredentialFromLogin
ARGUMENTS: [username1]
2022-05-24 17:14:44,634 INFO dLog [http-nio-9000-exec-7] METHOD: getLoginCredentialFromLogin
RETURNING: PostResponse(createdObject=[LoginResponseObject(userId=1, username=username1, password=password1)])
2022-05-24 17:14:44,634 INFO dLog [http-nio-9000-exec-7] Class: class com.revature.thevault.presentation.controller.LoginController
Method: findLoginCredential
RETURNING: PostResponse(createdObject=[LoginResponseObject(userId=1, username=username1, password=password1)])
2022-05-24 17:14:44,719 DEBUG dLog [http-nio-9000-exec-10] Class: class com.revature.thevault.presentation.controller.AccountProfileController
Method: getProfile
Arguments: [1]
2022-05-24 17:14:44,719 DEBUG dLog [http-nio-9000-exec-10] CLASS: class com.revature.thevault.service.classes.AccountProfileService
METHOD: getProfile
ARGUMENTS: [AccountProfileRequest(profileId=1)]
2022-05-24 17:14:44,793 INFO dLog [http-nio-9000-exec-10] METHOD: getProfile
RETURNING: GetResponse(gotObject=[AccountProfileResponse(profileId=1, userId=1, firstName=Tommy, lastName=Cat, email=email@email.com, phoneNumber=5559991234, address=1 lane)])
2022-05-24 17:14:44,794 INFO dLog [http-nio-9000-exec-10] Class: class com.revature.thevault.presentation.controller.AccountProfileController
Method: getProfile
RETURNING: GetResponse(gotObject=[AccountProfileResponse(profileId=1, userId=1, firstName=Tommy, lastName=Cat, email=email@email.com, phoneNumber=5559991234, address=1 lane)])
2022-05-24 17:14:44,879 DEBUG dLog [http-nio-9000-exec-9] Class: class com.revature.thevault.presentation.controller.AccountController
Method: getUserAccountList
Arguments: [1, org.apache.catalina.session.StandardSessionFacade@53d88bbe]
2022-05-24 17:14:44,880 DEBUG dLog [http-nio-9000-exec-9] CLASS: class com.revature.thevault.service.classes.AccountService
METHOD: getAccounts
ARGUMENTS: [1]
2022-05-24 17:14:44,986 INFO dLog [http-nio-9000-exec-9] METHOD: getAccounts
RETURNING: GetResponse(gotObject=[AccountResponseObject(accountId=13, userId=1, accountType=Checking, availableBalance=2000.0, pendingBalance=2000.0)])
2022-05-24 17:14:44,986 INFO dLog [http-nio-9000-exec-9] Class: class com.revature.thevault.presentation.controller.AccountController
Method: getUserAccountList
RETURNING: GetResponse(gotObject=[AccountResponseObject(accountId=13, userId=1, accountType=Checking, availableBalance=2000.0, pendingBalance=2000.0)])
2022-05-24 17:14:54,278 DEBUG dLog [http-nio-9000-exec-4] Class: class com.revature.thevault.presentation.controller.LoginController
Method: findLoginCredential
Arguments: [LoginRequest(username=username1, password=password1)]
2022-05-24 17:14:54,278 DEBUG dLog [http-nio-9000-exec-4] CLASS: class com.revature.thevault.service.classes.LoginService
METHOD: getLoginCredentialFromLogin
ARGUMENTS: [username1]
2022-05-24 17:14:54,313 INFO dLog [http-nio-9000-exec-4] METHOD: getLoginCredentialFromLogin
RETURNING: PostResponse(createdObject=[LoginResponseObject(userId=1, username=username1, password=password1)])
2022-05-24 17:14:54,313 INFO dLog [http-nio-9000-exec-4] Class: class com.revature.thevault.presentation.controller.LoginController
Method: findLoginCredential
RETURNING: PostResponse(createdObject=[LoginResponseObject(userId=1, username=username1, password=password1)])
2022-05-24 17:15:31,869 DEBUG dLog [http-nio-9000-exec-6] Class: class com.revature.thevault.presentation.controller.LoginController
Method: findLoginCredential
Arguments: [LoginRequest(username=username1, password=password1)]
2022-05-24 17:15:31,869 DEBUG dLog [http-nio-9000-exec-6] CLASS: class com.revature.thevault.service.classes.LoginService
METHOD: getLoginCredentialFromLogin
ARGUMENTS: [username1]
2022-05-24 17:15:31,936 INFO dLog [http-nio-9000-exec-6] METHOD: getLoginCredentialFromLogin
RETURNING: PostResponse(createdObject=[LoginResponseObject(userId=1, username=username1, password=password1)])
2022-05-24 17:15:31,937 INFO dLog [http-nio-9000-exec-6] Class: class com.revature.thevault.presentation.controller.LoginController
Method: findLoginCredential
RETURNING: PostResponse(createdObject=[LoginResponseObject(userId=1, username=username1, password=password1)])
2022-05-24 17:15:32,019 DEBUG dLog [http-nio-9000-exec-7] Class: class com.revature.thevault.presentation.controller.AccountProfileController
Method: getProfile
Arguments: [1]
2022-05-24 17:15:32,020 DEBUG dLog [http-nio-9000-exec-7] CLASS: class com.revature.thevault.service.classes.AccountProfileService
METHOD: getProfile
ARGUMENTS: [AccountProfileRequest(profileId=1)]
2022-05-24 17:15:32,109 INFO dLog [http-nio-9000-exec-7] METHOD: getProfile
RETURNING: GetResponse(gotObject=[AccountProfileResponse(profileId=1, userId=1, firstName=Tommy, lastName=Cat, email=email@email.com, phoneNumber=5559991234, address=1 lane)])
2022-05-24 17:15:32,110 INFO dLog [http-nio-9000-exec-7] Class: class com.revature.thevault.presentation.controller.AccountProfileController
Method: getProfile
RETURNING: GetResponse(gotObject=[AccountProfileResponse(profileId=1, userId=1, firstName=Tommy, lastName=Cat, email=email@email.com, phoneNumber=5559991234, address=1 lane)])
2022-05-24 17:15:32,213 DEBUG dLog [http-nio-9000-exec-10] Class: class com.revature.thevault.presentation.controller.AccountController
Method: getUserAccountList
Arguments: [1, org.apache.catalina.session.StandardSessionFacade@29445b5d]
2022-05-24 17:15:32,213 DEBUG dLog [http-nio-9000-exec-10] CLASS: class com.revature.thevault.service.classes.AccountService
METHOD: getAccounts
ARGUMENTS: [1]
2022-05-24 17:15:32,389 INFO dLog [http-nio-9000-exec-10] METHOD: getAccounts
RETURNING: GetResponse(gotObject=[AccountResponseObject(accountId=13, userId=1, accountType=Checking, availableBalance=2000.0, pendingBalance=2000.0)])
2022-05-24 17:15:32,390 INFO dLog [http-nio-9000-exec-10] Class: class com.revature.thevault.presentation.controller.AccountController
Method: getUserAccountList
RETURNING: GetResponse(gotObject=[AccountResponseObject(accountId=13, userId=1, accountType=Checking, availableBalance=2000.0, pendingBalance=2000.0)])
2022-05-24 17:15:38,121 DEBUG dLog [http-nio-9000-exec-9] Class: class com.revature.thevault.presentation.controller.TransactionController
Method: getTransactionHistory
Arguments: [Basic dXNlcm5hbWUxOnBhc3N3b3JkMQ==, 13]
2022-05-24 17:15:38,128 DEBUG dLog [http-nio-9000-exec-9] CLASS: class com.revature.thevault.service.classes.TransactionService
METHOD: getTransactionHistory
ARGUMENTS: [13]
2022-05-24 17:15:38,135 DEBUG dLog [http-nio-9000-exec-9] CLASS: class com.revature.thevault.service.classes.DepositService
METHOD: getAllUserDeposits
ARGUMENTS: [13]
2022-05-24 17:15:38,254 INFO dLog [http-nio-9000-exec-9] METHOD: getAllUserDeposits
RETURNING: GetResponse(gotObject=[DepositResponseObject(depositId=8, accountId=13, depositType=Cash, reference=Weekly Pay, dateDeposit=2022-05-24, amount=2000.0)])
2022-05-24 17:15:38,255 DEBUG dLog [http-nio-9000-exec-9] CLASS: class com.revature.thevault.service.classes.WithdrawService
METHOD: getAllUserWithdrawals
ARGUMENTS: [13]
2022-05-24 17:15:38,312 INFO dLog [http-nio-9000-exec-9] METHOD: getAllUserWithdrawals
RETURNING: GetResponse(gotObject=[])
2022-05-24 17:15:38,314 INFO dLog [http-nio-9000-exec-9] METHOD: getTransactionHistory
RETURNING: GetResponse(gotObject=[TransactionObject(transactionId=8, transactionType=Deposit, transactionDetail=Cash, transactionReference=Weekly Pay, date=2022-05-24, amount=2000.0)])
2022-05-24 17:15:38,314 INFO dLog [http-nio-9000-exec-9] Class: class com.revature.thevault.presentation.controller.TransactionController
Method: getTransactionHistory
RETURNING: GetResponse(gotObject=[TransactionObject(transactionId=8, transactionType=Deposit, transactionDetail=Cash, transactionReference=Weekly Pay, date=2022-05-24, amount=2000.0)])
=======
2022-05-24 13:27:09,368 DEBUG dLog [main] CLASS: class com.revature.thevault.service.classes.AccountProfileService
METHOD: updateProfile
ARGUMENTS: [UpdateProfileRequest(profileId=1, userId=1, firstName=Bob, lastName=Tom, email=some@email.com, phoneNumber=123-876-5555, address=1 court)]
2022-05-24 13:27:09,377 INFO dLog [main] METHOD: updateProfile
RETURNING: PutResponse(updatedObject=[AccountProfileResponse(profileId=1, userId=1, firstName=Bob, lastName=Tom, email=some@email.com, phoneNumber=123-876-5555, address=1 court)])
2022-05-24 13:27:09,445 DEBUG dLog [main] CLASS: class com.revature.thevault.service.classes.AccountProfileService
METHOD: deleteProfile
ARGUMENTS: [AccountProfileRequest(profileId=-1)]
2022-05-24 13:27:09,450 ERROR dLog [main] CONTROLLER CLASS: class com.revature.thevault.service.classes.AccountProfileService
METHOD: deleteProfile
THROWING EXCEPTION CLASS: class com.revature.thevault.service.exceptions.InvalidProfileIdException
MESSAGE: 400 BAD_REQUEST "account profile not found"
2022-05-24 13:27:09,461 DEBUG dLog [main] CLASS: class com.revature.thevault.service.classes.AccountProfileService
METHOD: deleteProfile
ARGUMENTS: [AccountProfileRequest(profileId=1)]
2022-05-24 13:27:09,462 INFO dLog [main] METHOD: deleteProfile
RETURNING: DeleteResponse(deletedObject=[AccountProfileResponse(profileId=1, userId=1, firstName=Bob, lastName=Tom, email=some@email.com, phoneNumber=123-876-5555, address=1 court)])
2022-05-24 13:27:09,468 DEBUG dLog [main] CLASS: class com.revature.thevault.service.classes.AccountProfileService
METHOD: getProfile
ARGUMENTS: [AccountProfileRequest(profileId=-1)]
2022-05-24 13:27:09,468 ERROR dLog [main] CONTROLLER CLASS: class com.revature.thevault.service.classes.AccountProfileService
METHOD: getProfile
THROWING EXCEPTION CLASS: class com.revature.thevault.service.exceptions.InvalidRequestException
MESSAGE: 400 BAD_REQUEST "invalid request"
2022-05-24 13:27:09,474 DEBUG dLog [main] CLASS: class com.revature.thevault.service.classes.AccountProfileService
METHOD: getProfile
ARGUMENTS: [AccountProfileRequest(profileId=1)]
2022-05-24 13:27:09,474 INFO dLog [main] METHOD: getProfile
RETURNING: GetResponse(gotObject=[AccountProfileResponse(profileId=1, userId=1, firstName=Bob, lastName=Tom, email=some@email.com, phoneNumber=123-876-5555, address=1 court)])
2022-05-24 13:27:09,479 DEBUG dLog [main] CLASS: class com.revature.thevault.service.classes.AccountProfileService
METHOD: createProfile
ARGUMENTS: [ProfileCreateRequest(userId=5, firstName=joe, lastName=something, email=asdf@fjfo.com, phoneNumber=555-555-5555, address=1 street)]
2022-05-24 13:27:09,480 INFO dLog [main] METHOD: createProfile
RETURNING: PostResponse(createdObject=[AccountProfileResponse(profileId=1, userId=1, firstName=joe, lastName=something, email=asdf@fjfo.com, phoneNumber=555-555-5555, address=1 street)])
2022-05-24 13:27:43,704 DEBUG dLog [main] CLASS: class com.revature.thevault.service.classes.AccountTypeService
METHOD: findAccountTypeEntityByName
ARGUMENTS: [Checking]
2022-05-24 13:27:43,711 INFO dLog [main] METHOD: findAccountTypeEntityByName
RETURNING: AccountTypeEntity(pk_account_type_id=1, name=Checking)
2022-05-24 13:27:43,721 DEBUG dLog [main] CLASS: class com.revature.thevault.service.classes.AccountTypeService
METHOD: findAccountTypeEntityByName
ARGUMENTS: [Invalid]
2022-05-24 13:27:43,721 ERROR dLog [main] CONTROLLER CLASS: class com.revature.thevault.service.classes.AccountTypeService
METHOD: findAccountTypeEntityByName
THROWING EXCEPTION CLASS: class com.revature.thevault.service.exceptions.InvalidAccountTypeException
MESSAGE: 400 BAD_REQUEST "Invalid Account Type Provided: Invalid"
2022-05-24 13:27:43,748 DEBUG dLog [main] CLASS: class com.revature.thevault.service.classes.AccountTypeService
METHOD: findAccountTypeEntityByName
ARGUMENTS: [null]
2022-05-24 13:27:43,748 ERROR dLog [main] CONTROLLER CLASS: class com.revature.thevault.service.classes.AccountTypeService
METHOD: findAccountTypeEntityByName
THROWING EXCEPTION CLASS: class com.revature.thevault.service.exceptions.InvalidRequestException
MESSAGE: 400 BAD_REQUEST "NULL VALUE PROVIDED"
2022-05-24 13:27:43,754 DEBUG dLog [main] CLASS: class com.revature.thevault.service.classes.AccountTypeService
METHOD: findAccountTypeEntityByName
ARGUMENTS: []
2022-05-24 13:27:43,754 ERROR dLog [main] CONTROLLER CLASS: class com.revature.thevault.service.classes.AccountTypeService
METHOD: findAccountTypeEntityByName
THROWING EXCEPTION CLASS: class com.revature.thevault.service.exceptions.InvalidRequestException
MESSAGE: 400 BAD_REQUEST "Invalid text, too short (less than 1): "
2022-05-24 13:27:43,760 DEBUG dLog [main] CLASS: class com.revature.thevault.service.classes.AccountTypeService
METHOD: findAccountTypeEntityByName
ARGUMENTS: [a]
2022-05-24 13:27:43,760 ERROR dLog [main] CONTROLLER CLASS: class com.revature.thevault.service.classes.AccountTypeService
METHOD: findAccountTypeEntityByName
THROWING EXCEPTION CLASS: class com.revature.thevault.service.exceptions.InvalidRequestException
MESSAGE: 400 BAD_REQUEST "Invalid text, too short (less than 1): a"
2022-05-24 13:27:43,764 DEBUG dLog [main] CLASS: class com.revature.thevault.service.classes.AccountTypeService
METHOD: findAccountTypeEntityByName
ARGUMENTS: [asdfasdfasdfasdfasdfasdfasdfasdf]
2022-05-24 13:27:43,764 ERROR dLog [main] CONTROLLER CLASS: class com.revature.thevault.service.classes.AccountTypeService
METHOD: findAccountTypeEntityByName
THROWING EXCEPTION CLASS: class com.revature.thevault.service.exceptions.InvalidRequestException
MESSAGE: 400 BAD_REQUEST "Invalid Text, too long (greater than 30): asdfasdfasdfasdfasdfasdfasdfasdf"
2022-05-24 13:27:46,463 DEBUG dLog [main] CLASS: class com.revature.thevault.service.classes.AccountProfileService
METHOD: updateProfile
ARGUMENTS: [UpdateProfileRequest(profileId=1, userId=1, firstName=Bob, lastName=Tom, email=some@email.com, phoneNumber=123-876-5555, address=1 court)]
2022-05-24 13:27:46,467 INFO dLog [main] METHOD: updateProfile
RETURNING: PutResponse(updatedObject=[AccountProfileResponse(profileId=1, userId=1, firstName=Bob, lastName=Tom, email=some@email.com, phoneNumber=123-876-5555, address=1 court)])
2022-05-24 13:27:46,515 DEBUG dLog [main] CLASS: class com.revature.thevault.service.classes.AccountProfileService
METHOD: deleteProfile
ARGUMENTS: [AccountProfileRequest(profileId=-1)]
2022-05-24 13:27:46,516 ERROR dLog [main] CONTROLLER CLASS: class com.revature.thevault.service.classes.AccountProfileService
METHOD: deleteProfile
THROWING EXCEPTION CLASS: class com.revature.thevault.service.exceptions.InvalidProfileIdException
MESSAGE: 400 BAD_REQUEST "account profile not found"
2022-05-24 13:27:46,522 DEBUG dLog [main] CLASS: class com.revature.thevault.service.classes.AccountProfileService
METHOD: deleteProfile
ARGUMENTS: [AccountProfileRequest(profileId=1)]
2022-05-24 13:27:46,523 INFO dLog [main] METHOD: deleteProfile
RETURNING: DeleteResponse(deletedObject=[AccountProfileResponse(profileId=1, userId=1, firstName=Bob, lastName=Tom, email=some@email.com, phoneNumber=123-876-5555, address=1 court)])
2022-05-24 13:27:46,527 DEBUG dLog [main] CLASS: class com.revature.thevault.service.classes.AccountProfileService
METHOD: getProfile
ARGUMENTS: [AccountProfileRequest(profileId=-1)]
2022-05-24 13:27:46,528 ERROR dLog [main] CONTROLLER CLASS: class com.revature.thevault.service.classes.AccountProfileService
METHOD: getProfile
THROWING EXCEPTION CLASS: class com.revature.thevault.service.exceptions.InvalidRequestException
MESSAGE: 400 BAD_REQUEST "invalid request"
2022-05-24 13:27:46,532 DEBUG dLog [main] CLASS: class com.revature.thevault.service.classes.AccountProfileService
METHOD: getProfile
ARGUMENTS: [AccountProfileRequest(profileId=1)]
2022-05-24 13:27:46,532 INFO dLog [main] METHOD: getProfile
RETURNING: GetResponse(gotObject=[AccountProfileResponse(profileId=1, userId=1, firstName=Bob, lastName=Tom, email=some@email.com, phoneNumber=123-876-5555, address=1 court)])
2022-05-24 13:27:46,536 DEBUG dLog [main] CLASS: class com.revature.thevault.service.classes.AccountProfileService
METHOD: createProfile
ARGUMENTS: [ProfileCreateRequest(userId=5, firstName=joe, lastName=something, email=asdf@fjfo.com, phoneNumber=555-555-5555, address=1 street)]
2022-05-24 13:27:46,536 INFO dLog [main] METHOD: createProfile
RETURNING: PostResponse(createdObject=[AccountProfileResponse(profileId=1, userId=1, firstName=joe, lastName=something, email=asdf@fjfo.com, phoneNumber=555-555-5555, address=1 street)])
2022-05-24 13:27:49,153 DEBUG dLog [main] CLASS: class com.revature.thevault.service.classes.LoginService
METHOD: resetPassword
ARGUMENTS: [ResetPasswordRequest(username=username1, email=password1)]
2022-05-24 13:27:49,157 INFO dLog [main] METHOD: resetPassword
RETURNING: PutResponse(updatedObject=[LoginCredentialEntity(pkuserid=1, username=username1, password=qih3Yb9C)])
2022-05-24 13:27:49,161 DEBUG dLog [main] CLASS: class com.revature.thevault.service.classes.LoginService
METHOD: checkLogin
ARGUMENTS: [LoginRequest(username=username1, password=password1)]
2022-05-24 13:27:49,161 INFO dLog [main] METHOD: checkLogin
RETURNING: LoginResponse(success=true)
2022-05-24 13:27:49,164 DEBUG dLog [main] CLASS: class com.revature.thevault.service.classes.LoginService
METHOD: findUserByUserId
ARGUMENTS: [1]
2022-05-24 13:27:49,164 INFO dLog [main] METHOD: findUserByUserId
RETURNING: LoginCredentialEntity(pkuserid=1, username=username1, password=password1)
2022-05-24 13:27:51,944 DEBUG dLog [main] CLASS: class com.revature.thevault.service.classes.WithdrawService
METHOD: findByWithdrawId
ARGUMENTS: [-1]
2022-05-24 13:27:51,947 ERROR dLog [main] CONTROLLER CLASS: class com.revature.thevault.service.classes.WithdrawService
METHOD: findByWithdrawId
THROWING EXCEPTION CLASS: class com.revature.thevault.service.exceptions.InvalidWithdrawIdRequest
MESSAGE: 400 BAD_REQUEST "Withdraw not found, withdraw Id: -1"
2022-05-24 13:27:51,951 DEBUG dLog [main] CLASS: class com.revature.thevault.service.classes.WithdrawService
METHOD: createWithdrawal
ARGUMENTS: [WithdrawRequest(accountId=1, requestType=Retail, reference=reference, amount=0.0)]
2022-05-24 13:27:51,951 ERROR dLog [main] CONTROLLER CLASS: class com.revature.thevault.service.classes.WithdrawService
METHOD: createWithdrawal
THROWING EXCEPTION CLASS: class com.revature.thevault.service.exceptions.InvalidAmountException
MESSAGE: 400 BAD_REQUEST "Invalid amount, less than or equal to 0: 0.0"
2022-05-24 13:27:51,955 DEBUG dLog [main] CLASS: class com.revature.thevault.service.classes.WithdrawService
METHOD: createWithdrawal
ARGUMENTS: [WithdrawRequest(accountId=1, requestType=Retail, reference=reference, amount=-1.0)]
2022-05-24 13:27:51,955 ERROR dLog [main] CONTROLLER CLASS: class com.revature.thevault.service.classes.WithdrawService
METHOD: createWithdrawal
THROWING EXCEPTION CLASS: class com.revature.thevault.service.exceptions.InvalidAmountException
MESSAGE: 400 BAD_REQUEST "Invalid amount, less than or equal to 0: -1.0"
2022-05-24 13:27:51,958 DEBUG dLog [main] CLASS: class com.revature.thevault.service.classes.WithdrawService
METHOD: createWithdrawal
ARGUMENTS: [WithdrawRequest(accountId=1, requestType=Retail, reference=reference, amount=-2123.0)]
2022-05-24 13:27:51,958 ERROR dLog [main] CONTROLLER CLASS: class com.revature.thevault.service.classes.WithdrawService
METHOD: createWithdrawal
THROWING EXCEPTION CLASS: class com.revature.thevault.service.exceptions.InvalidAmountException
MESSAGE: 400 BAD_REQUEST "Invalid amount, less than or equal to 0: -2123.0"
2022-05-24 13:27:51,961 DEBUG dLog [main] CLASS: class com.revature.thevault.service.classes.WithdrawService
METHOD: createWithdrawal
ARGUMENTS: [WithdrawRequest(accountId=1, requestType=null, reference=reference, amount=1.0)]
2022-05-24 13:27:51,962 ERROR dLog [main] CONTROLLER CLASS: class com.revature.thevault.service.classes.WithdrawService
METHOD: createWithdrawal
THROWING EXCEPTION CLASS: class com.revature.thevault.service.exceptions.InvalidRequestException
MESSAGE: 400 BAD_REQUEST "NULL VALUE PROVIDED"
2022-05-24 13:27:51,965 DEBUG dLog [main] CLASS: class com.revature.thevault.service.classes.WithdrawService
METHOD: createWithdrawal
ARGUMENTS: [WithdrawRequest(accountId=1, requestType=, reference=reference, amount=1.0)]
2022-05-24 13:27:51,965 ERROR dLog [main] CONTROLLER CLASS: class com.revature.thevault.service.classes.WithdrawService
METHOD: createWithdrawal
THROWING EXCEPTION CLASS: class com.revature.thevault.service.exceptions.InvalidRequestException
MESSAGE: 400 BAD_REQUEST "Invalid text, too short (less than 1): "
2022-05-24 13:27:51,968 DEBUG dLog [main] CLASS: class com.revature.thevault.service.classes.WithdrawService
METHOD: createWithdrawal
ARGUMENTS: [WithdrawRequest(accountId=1, requestType=asdfasdfasdfasdfasdfasdfasdfasdfasdfasdfasdfasdfasf, reference=reference, amount=1.0)]
2022-05-24 13:27:51,968 ERROR dLog [main] CONTROLLER CLASS: class com.revature.thevault.service.classes.WithdrawService
METHOD: createWithdrawal
THROWING EXCEPTION CLASS: class com.revature.thevault.service.exceptions.InvalidRequestException
MESSAGE: 400 BAD_REQUEST "Invalid Text, too long (greater than 30): asdfasdfasdfasdfasdfasdfasdfasdfasdfasdfasdfasdfasf"
2022-05-24 13:27:51,971 DEBUG dLog [main] CLASS: class com.revature.thevault.service.classes.WithdrawService
METHOD: createWithdrawal
ARGUMENTS: [WithdrawRequest(accountId=1, requestType=a, reference=reference, amount=1.0)]
2022-05-24 13:27:51,971 ERROR dLog [main] CONTROLLER CLASS: class com.revature.thevault.service.classes.WithdrawService
METHOD: createWithdrawal
THROWING EXCEPTION CLASS: class com.revature.thevault.service.exceptions.InvalidRequestException
MESSAGE: 400 BAD_REQUEST "Invalid text, too short (less than 1): a"
2022-05-24 13:27:51,975 DEBUG dLog [main] CLASS: class com.revature.thevault.service.classes.WithdrawService
METHOD: createWithdrawal
ARGUMENTS: [WithdrawRequest(accountId=1, requestType=Retail, reference=null, amount=1.0)]
2022-05-24 13:27:51,975 ERROR dLog [main] CONTROLLER CLASS: class com.revature.thevault.service.classes.WithdrawService
METHOD: createWithdrawal
THROWING EXCEPTION CLASS: class com.revature.thevault.service.exceptions.InvalidRequestException
MESSAGE: 400 BAD_REQUEST "NULL VALUE PROVIDED"
2022-05-24 13:27:51,979 DEBUG dLog [main] CLASS: class com.revature.thevault.service.classes.WithdrawService
METHOD: createWithdrawal
ARGUMENTS: [WithdrawRequest(accountId=1, requestType=Retail, reference=, amount=1.0)]
2022-05-24 13:27:51,979 ERROR dLog [main] CONTROLLER CLASS: class com.revature.thevault.service.classes.WithdrawService
METHOD: createWithdrawal
THROWING EXCEPTION CLASS: class com.revature.thevault.service.exceptions.InvalidRequestException
MESSAGE: 400 BAD_REQUEST "Invalid text, too short (less than 1): "
2022-05-24 13:27:51,983 DEBUG dLog [main] CLASS: class com.revature.thevault.service.classes.WithdrawService
METHOD: createWithdrawal
ARGUMENTS: [WithdrawRequest(accountId=1, requestType=Retail, reference=asdfasdfasdfasdfasdfasdfasdfasdfasdfasdfasdfasdfasf, amount=1.0)]
2022-05-24 13:27:51,983 ERROR dLog [main] CONTROLLER CLASS: class com.revature.thevault.service.classes.WithdrawService
METHOD: createWithdrawal
THROWING EXCEPTION CLASS: class com.revature.thevault.service.exceptions.InvalidRequestException
MESSAGE: 400 BAD_REQUEST "Invalid Text, too long (greater than 30): asdfasdfasdfasdfasdfasdfasdfasdfasdfasdfasdfasdfasf"
2022-05-24 13:27:51,986 DEBUG dLog [main] CLASS: class com.revature.thevault.service.classes.WithdrawService
METHOD: createWithdrawal
ARGUMENTS: [WithdrawRequest(accountId=1, requestType=Retail, reference=a, amount=1.0)]
2022-05-24 13:27:51,986 ERROR dLog [main] CONTROLLER CLASS: class com.revature.thevault.service.classes.WithdrawService
METHOD: createWithdrawal
THROWING EXCEPTION CLASS: class com.revature.thevault.service.exceptions.InvalidRequestException
MESSAGE: 400 BAD_REQUEST "Invalid text, too short (less than 1): a"
2022-05-24 13:27:51,989 DEBUG dLog [main] CLASS: class com.revature.thevault.service.classes.WithdrawService
METHOD: createWithdrawal
ARGUMENTS: [WithdrawRequest(accountId=1, requestType=Retail, reference=reference, amount=12.22)]
2022-05-24 13:27:51,989 INFO dLog [main] METHOD: createWithdrawal
RETURNING: PostResponse(createdObject=[WithdrawResponseObject(withdrawId=1, accountId=1, requestType=Retail, requestStatus=Pending, reference=reference, dateWithdraw=2022-05-24, amount=12.22)])
2022-05-24 13:27:51,992 DEBUG dLog [main] CLASS: class com.revature.thevault.service.classes.WithdrawService
METHOD: getAlLUserWithdrawalsOfType
ARGUMENTS: [1, Retail]
2022-05-24 13:27:51,993 INFO dLog [main] METHOD: getAlLUserWithdrawalsOfType
RETURNING: GetResponse(gotObject=[WithdrawResponseObject(withdrawId=1, accountId=1, requestType=Retail, requestStatus=Pending, reference=reference, dateWithdraw=2022-05-24, amount=12.22)])
2022-05-24 13:27:51,996 DEBUG dLog [main] CLASS: class com.revature.thevault.service.classes.WithdrawService
METHOD: deleteAllWithdraws
ARGUMENTS: [1]
2022-05-24 13:27:51,996 INFO dLog [main] METHOD: deleteAllWithdraws
RETURNING: DeleteResponse(deletedObject=[])
2022-05-24 13:27:52,000 DEBUG dLog [main] CLASS: class com.revature.thevault.service.classes.WithdrawService
METHOD: getAllUserWithdrawals
ARGUMENTS: [1]
2022-05-24 13:27:52,000 INFO dLog [main] METHOD: getAllUserWithdrawals
RETURNING: GetResponse(gotObject=[WithdrawResponseObject(withdrawId=1, accountId=1, requestType=Retail, requestStatus=Pending, reference=reference, dateWithdraw=2022-05-24, amount=12.22)])
2022-05-24 13:27:52,004 DEBUG dLog [main] CLASS: class com.revature.thevault.service.classes.WithdrawService
METHOD: findByWithdrawId
ARGUMENTS: [1]
2022-05-24 13:27:52,004 INFO dLog [main] METHOD: findByWithdrawId
RETURNING: GetResponse(gotObject=[WithdrawResponseObject(withdrawId=1, accountId=1, requestType=Retail, requestStatus=Pending, reference=reference, dateWithdraw=2022-05-24, amount=12.22)])
2022-05-24 13:27:54,606 DEBUG dLog [main] CLASS: class com.revature.thevault.service.classes.RequestTypeService
METHOD: getRequestTypeByName
ARGUMENTS: [null]
2022-05-24 13:27:54,606 ERROR dLog [main] CONTROLLER CLASS: class com.revature.thevault.service.classes.RequestTypeService
METHOD: getRequestTypeByName
THROWING EXCEPTION CLASS: class com.revature.thevault.service.exceptions.InvalidRequestException
MESSAGE: 400 BAD_REQUEST "NULL VALUE PROVIDED"
2022-05-24 13:27:54,609 DEBUG dLog [main] CLASS: class com.revature.thevault.service.classes.RequestTypeService
METHOD: getRequestTypeByName
ARGUMENTS: []
2022-05-24 13:27:54,609 ERROR dLog [main] CONTROLLER CLASS: class com.revature.thevault.service.classes.RequestTypeService
METHOD: getRequestTypeByName
THROWING EXCEPTION CLASS: class com.revature.thevault.service.exceptions.InvalidRequestException
MESSAGE: 400 BAD_REQUEST "Invalid text, too short (less than 1): "
2022-05-24 13:27:54,612 DEBUG dLog [main] CLASS: class com.revature.thevault.service.classes.RequestTypeService
METHOD: getRequestTypeByName
ARGUMENTS: [a]
2022-05-24 13:27:54,612 ERROR dLog [main] CONTROLLER CLASS: class com.revature.thevault.service.classes.RequestTypeService
METHOD: getRequestTypeByName
THROWING EXCEPTION CLASS: class com.revature.thevault.service.exceptions.InvalidRequestException
MESSAGE: 400 BAD_REQUEST "Invalid text, too short (less than 1): a"
2022-05-24 13:27:54,615 DEBUG dLog [main] CLASS: class com.revature.thevault.service.classes.RequestTypeService
METHOD: getRequestTypeByName
ARGUMENTS: [asdfasdfasdfasdfasdfasdfasdfasdf]
2022-05-24 13:27:54,615 ERROR dLog [main] CONTROLLER CLASS: class com.revature.thevault.service.classes.RequestTypeService
METHOD: getRequestTypeByName
THROWING EXCEPTION CLASS: class com.revature.thevault.service.exceptions.InvalidRequestException
MESSAGE: 400 BAD_REQUEST "Invalid Text, too long (greater than 30): asdfasdfasdfasdfasdfasdfasdfasdf"
2022-05-24 13:27:54,618 DEBUG dLog [main] CLASS: class com.revature.thevault.service.classes.RequestTypeService
METHOD: getRequestTypeByName
ARGUMENTS: [Retail]
2022-05-24 13:27:54,620 INFO dLog [main] METHOD: getRequestTypeByName
RETURNING: RequestTypeEntity(pk_request_type_id=1, name=Retail)
2022-05-24 13:27:54,624 DEBUG dLog [main] CLASS: class com.revature.thevault.service.classes.RequestTypeService
METHOD: getRequestTypeByName
ARGUMENTS: [Invalid]
2022-05-24 13:27:54,624 ERROR dLog [main] CONTROLLER CLASS: class com.revature.thevault.service.classes.RequestTypeService
METHOD: getRequestTypeByName
THROWING EXCEPTION CLASS: class com.revature.thevault.service.exceptions.InvalidRequestException
MESSAGE: 400 BAD_REQUEST "Request Type not found: Invalid"
2022-05-24 13:27:57,199 DEBUG dLog [main] CLASS: class com.revature.thevault.service.classes.AccountService
METHOD: createAccount
ARGUMENTS: [CreateAccountRequest(userId=1, accountType=lol)]
2022-05-24 13:27:57,201 ERROR dLog [main] CONTROLLER CLASS: class com.revature.thevault.service.classes.AccountService
METHOD: createAccount
THROWING EXCEPTION CLASS: class com.revature.thevault.service.exceptions.InvalidAccountTypeException
MESSAGE: 0
2022-05-24 13:27:57,206 DEBUG dLog [main] CLASS: class com.revature.thevault.service.classes.AccountService
METHOD: transferToAnotherAccount
ARGUMENTS: [TransferRequest(ownerAccountId=1, receiverAccountId=2, amount=100000.0)]
2022-05-24 13:27:57,206 ERROR dLog [main] CONTROLLER CLASS: class com.revature.thevault.service.classes.AccountService
METHOD: transferToAnotherAccount
THROWING EXCEPTION CLASS: class com.revature.thevault.service.exceptions.InvalidAmountException
MESSAGE: 406 NOT_ACCEPTABLE "Owner Account: $100.0 Invalid Requested Amount: $100000.0"
2022-05-24 13:27:57,211 DEBUG dLog [main] CLASS: class com.revature.thevault.service.classes.AccountService
METHOD: deleteAccount
ARGUMENTS: [11111]
2022-05-24 13:27:57,212 ERROR dLog [main] CONTROLLER CLASS: class com.revature.thevault.service.classes.AccountService
METHOD: deleteAccount
THROWING EXCEPTION CLASS: class com.revature.thevault.service.exceptions.InvalidAccountIdException
MESSAGE: 400 BAD_REQUEST "Invalid Account Id for delete request: 11111"
2022-05-24 13:27:57,215 DEBUG dLog [main] CLASS: class com.revature.thevault.service.classes.AccountService
METHOD: deleteAccount
ARGUMENTS: [1]
2022-05-24 13:27:57,216 INFO dLog [main] METHOD: deleteAccount
RETURNING: DeleteResponse(deletedObject=[AccountResponseObject(accountId=1, userId=1, accountType=Checking, availableBalance=100.0, pendingBalance=100.0)])
2022-05-24 13:27:57,219 DEBUG dLog [main] CLASS: class com.revature.thevault.service.classes.AccountService
METHOD: transferToAnotherAccount
ARGUMENTS: [TransferRequest(ownerAccountId=1, receiverAccountId=2, amount=10.0)]
2022-05-24 13:27:57,220 INFO dLog [main] METHOD: transferToAnotherAccount
RETURNING: PutResponse(updatedObject=[AccountResponseObject(accountId=1, userId=1, accountType=Checking, availableBalance=90.0, pendingBalance=90.0), AccountResponseObject(accountId=2, userId=2, accountType=Checking, availableBalance=100.0, pendingBalance=110.0)])
2022-05-24 13:27:57,222 DEBUG dLog [main] CLASS: class com.revature.thevault.service.classes.AccountService
METHOD: updateAccount
ARGUMENTS: [UpdateAccountRequest(accountId=1, accountType=Checking, availableBalance=100.0, pendingBalance=100.0)]
2022-05-24 13:27:57,223 INFO dLog [main] METHOD: updateAccount
RETURNING: PutResponse(updatedObject=[AccountResponseObject(accountId=1, userId=1, accountType=Checking, availableBalance=100.0, pendingBalance=100.0)])
2022-05-24 13:27:57,226 DEBUG dLog [main] CLASS: class com.revature.thevault.service.classes.AccountService
METHOD: getAccount
ARGUMENTS: [1]
2022-05-24 13:27:57,226 INFO dLog [main] METHOD: getAccount
RETURNING: GetResponse(gotObject=[AccountResponseObject(accountId=1, userId=1, accountType=Checking, availableBalance=100.0, pendingBalance=100.0)])
2022-05-24 13:27:57,229 DEBUG dLog [main] CLASS: class com.revature.thevault.service.classes.AccountService
METHOD: getAccounts
ARGUMENTS: [1]
2022-05-24 13:27:57,229 INFO dLog [main] METHOD: getAccounts
RETURNING: GetResponse(gotObject=[AccountResponseObject(accountId=1, userId=1, accountType=Checking, availableBalance=100.0, pendingBalance=100.0)])
2022-05-24 13:27:57,232 DEBUG dLog [main] CLASS: class com.revature.thevault.service.classes.AccountService
METHOD: updateAccount
ARGUMENTS: [UpdateAccountRequest(accountId=-1, accountType=, availableBalance=0.0, pendingBalance=0.0)]
2022-05-24 13:27:57,233 ERROR dLog [main] CONTROLLER CLASS: class com.revature.thevault.service.classes.AccountService
METHOD: updateAccount
THROWING EXCEPTION CLASS: class com.revature.thevault.service.exceptions.InvalidRequestException
MESSAGE: 400 BAD_REQUEST "Invalid integer, too small (less than 0): -1"
2022-05-24 13:27:57,236 DEBUG dLog [main] CLASS: class com.revature.thevault.service.classes.AccountService
METHOD: getAccounts
ARGUMENTS: [-1]
2022-05-24 13:27:57,236 ERROR dLog [main] CONTROLLER CLASS: class com.revature.thevault.service.classes.AccountService
METHOD: getAccounts
THROWING EXCEPTION CLASS: class com.revature.thevault.service.exceptions.InvalidRequestException
MESSAGE: 400 BAD_REQUEST "Invalid integer, too small (less than 0): -1"
2022-05-24 13:27:57,239 DEBUG dLog [main] CLASS: class com.revature.thevault.service.classes.AccountService
METHOD: transferToAnotherAccount
ARGUMENTS: [TransferRequest(ownerAccountId=1, receiverAccountId=-1, amount=10.0)]
2022-05-24 13:27:57,239 ERROR dLog [main] CONTROLLER CLASS: class com.revature.thevault.service.classes.AccountService
METHOD: transferToAnotherAccount
THROWING EXCEPTION CLASS: class com.revature.thevault.service.exceptions.InvalidRequestException
MESSAGE: 400 BAD_REQUEST "Invalid integer, too small (less than 0): -1"
2022-05-24 13:27:57,243 DEBUG dLog [main] CLASS: class com.revature.thevault.service.classes.AccountService
METHOD: deleteAccount
ARGUMENTS: [-1]
2022-05-24 13:27:57,243 ERROR dLog [main] CONTROLLER CLASS: class com.revature.thevault.service.classes.AccountService
METHOD: deleteAccount
THROWING EXCEPTION CLASS: class com.revature.thevault.service.exceptions.InvalidRequestException
MESSAGE: 400 BAD_REQUEST "Invalid integer, too small (less than 0): -1"
2022-05-24 13:27:57,247 DEBUG dLog [main] CLASS: class com.revature.thevault.service.classes.AccountService
METHOD: createAccount
ARGUMENTS: [CreateAccountRequest(userId=1, accountType=Checking)]
2022-05-24 13:27:57,247 INFO dLog [main] METHOD: createAccount
RETURNING: PostResponse(createdObject=[AccountResponseObject(accountId=1, userId=1, accountType=Checking, availableBalance=100.0, pendingBalance=100.0)])
2022-05-24 13:27:57,250 DEBUG dLog [main] CLASS: class com.revature.thevault.service.classes.AccountService
METHOD: transferToAnotherAccount
ARGUMENTS: [TransferRequest(ownerAccountId=-1, receiverAccountId=2, amount=10.0)]
2022-05-24 13:27:57,250 ERROR dLog [main] CONTROLLER CLASS: class com.revature.thevault.service.classes.AccountService
METHOD: transferToAnotherAccount
THROWING EXCEPTION CLASS: class com.revature.thevault.service.exceptions.InvalidRequestException
MESSAGE: 400 BAD_REQUEST "Invalid integer, too small (less than 0): -1"
2022-05-24 13:27:57,253 DEBUG dLog [main] CLASS: class com.revature.thevault.service.classes.AccountService
METHOD: getAccount
ARGUMENTS: [-1]
2022-05-24 13:27:57,253 ERROR dLog [main] CONTROLLER CLASS: class com.revature.thevault.service.classes.AccountService
METHOD: getAccount
THROWING EXCEPTION CLASS: class com.revature.thevault.service.exceptions.InvalidRequestException
MESSAGE: 400 BAD_REQUEST "Invalid integer, too small (less than 0): -1"
2022-05-24 13:27:59,834 DEBUG dLog [main] CLASS: class com.revature.thevault.service.classes.TransactionService
METHOD: getTransactionHistory
ARGUMENTS: [1]
2022-05-24 13:27:59,836 INFO dLog [main] METHOD: getTransactionHistory
RETURNING: GetResponse(gotObject=[TransactionObject(transactionId=1, transactionType=Deposit, transactionDetail=Cash, transactionReference=reference, date=2033-01-01, amount=100.0), TransactionObject(transactionId=2, transactionType=Withdraw, transactionDetail=Retail, transactionReference=reference, date=2003-01-01, amount=10.0), TransactionObject(transactionId=1, transactionType=Withdraw, transactionDetail=Retail, transactionReference=reference, date=2000-01-01, amount=10.0), TransactionObject(transactionId=2, transactionType=Deposit, transactionDetail=Cash, transactionReference=reference, date=1999-10-10, amount=100.0)])
2022-05-24 13:27:59,836 DEBUG dLog [main] CLASS: class com.revature.thevault.service.classes.TransactionService
METHOD: getTransactionHistory
ARGUMENTS: [1]
2022-05-24 13:27:59,836 INFO dLog [main] METHOD: getTransactionHistory
RETURNING: GetResponse(gotObject=[TransactionObject(transactionId=1, transactionType=Deposit, transactionDetail=Cash, transactionReference=reference, date=2033-01-01, amount=100.0), TransactionObject(transactionId=2, transactionType=Withdraw, transactionDetail=Retail, transactionReference=reference, date=2003-01-01, amount=10.0), TransactionObject(transactionId=1, transactionType=Withdraw, transactionDetail=Retail, transactionReference=reference, date=2000-01-01, amount=10.0), TransactionObject(transactionId=2, transactionType=Deposit, transactionDetail=Cash, transactionReference=reference, date=1999-10-10, amount=100.0)])
2022-05-24 13:27:59,839 DEBUG dLog [main] CLASS: class com.revature.thevault.service.classes.TransactionService
METHOD: getTransactionHistory
ARGUMENTS: [2]
2022-05-24 13:27:59,840 INFO dLog [main] METHOD: getTransactionHistory
RETURNING: GetResponse(gotObject=[])
2022-05-24 13:27:59,842 DEBUG dLog [main] CLASS: class com.revature.thevault.service.classes.TransactionService
METHOD: getTransactionHistory
ARGUMENTS: [-1]
2022-05-24 13:27:59,842 ERROR dLog [main] CONTROLLER CLASS: class com.revature.thevault.service.classes.TransactionService
METHOD: getTransactionHistory
THROWING EXCEPTION CLASS: class com.revature.thevault.service.exceptions.InvalidAccountIdException
MESSAGE: 400 BAD_REQUEST "Invalid account Id Provided: -1"
2022-05-24 13:28:02,489 DEBUG dLog [main] CLASS: class com.revature.thevault.service.classes.DepositService
METHOD: createDeposit
ARGUMENTS: [DepositRequest(depositType=Cash, accountId=1, reference=null, amount=12.22)]
2022-05-24 13:28:02,489 ERROR dLog [main] CONTROLLER CLASS: class com.revature.thevault.service.classes.DepositService
METHOD: createDeposit
THROWING EXCEPTION CLASS: class com.revature.thevault.service.exceptions.InvalidRequestException
MESSAGE: 400 BAD_REQUEST "NULL VALUE PROVIDED"
2022-05-24 13:28:02,492 DEBUG dLog [main] CLASS: class com.revature.thevault.service.classes.DepositService
METHOD: createDeposit
ARGUMENTS: [DepositRequest(depositType=Cash, accountId=1, reference=, amount=12.22)]
2022-05-24 13:28:02,492 ERROR dLog [main] CONTROLLER CLASS: class com.revature.thevault.service.classes.DepositService
METHOD: createDeposit
THROWING EXCEPTION CLASS: class com.revature.thevault.service.exceptions.InvalidRequestException
MESSAGE: 400 BAD_REQUEST "Invalid text, too short (less than 1): "
2022-05-24 13:28:02,495 DEBUG dLog [main] CLASS: class com.revature.thevault.service.classes.DepositService
METHOD: createDeposit
ARGUMENTS: [DepositRequest(depositType=Cash, accountId=1, reference=asdfasdfasdfasdfasdfasdfasdfasdfasdfasdfasdfasdfasf, amount=12.22)]
2022-05-24 13:28:02,495 ERROR dLog [main] CONTROLLER CLASS: class com.revature.thevault.service.classes.DepositService
METHOD: createDeposit
THROWING EXCEPTION CLASS: class com.revature.thevault.service.exceptions.InvalidRequestException
MESSAGE: 400 BAD_REQUEST "Invalid Text, too long (greater than 30): asdfasdfasdfasdfasdfasdfasdfasdfasdfasdfasdfasdfasf"
2022-05-24 13:28:02,497 DEBUG dLog [main] CLASS: class com.revature.thevault.service.classes.DepositService
METHOD: createDeposit
ARGUMENTS: [DepositRequest(depositType=Cash, accountId=1, reference=a, amount=12.22)]
2022-05-24 13:28:02,497 ERROR dLog [main] CONTROLLER CLASS: class com.revature.thevault.service.classes.DepositService
METHOD: createDeposit
THROWING EXCEPTION CLASS: class com.revature.thevault.service.exceptions.InvalidRequestException
MESSAGE: 400 BAD_REQUEST "Invalid text, too short (less than 1): a"
2022-05-24 13:28:02,501 DEBUG dLog [main] CLASS: class com.revature.thevault.service.classes.DepositService
METHOD: createDeposit
ARGUMENTS: [DepositRequest(depositType=null, accountId=1, reference=reference, amount=1.0)]
2022-05-24 13:28:02,501 ERROR dLog [main] CONTROLLER CLASS: class com.revature.thevault.service.classes.DepositService
METHOD: createDeposit
THROWING EXCEPTION CLASS: class com.revature.thevault.service.exceptions.InvalidRequestException
MESSAGE: 400 BAD_REQUEST "NULL VALUE PROVIDED"
2022-05-24 13:28:02,504 DEBUG dLog [main] CLASS: class com.revature.thevault.service.classes.DepositService
METHOD: createDeposit
ARGUMENTS: [DepositRequest(depositType=, accountId=1, reference=reference, amount=1.0)]
2022-05-24 13:28:02,505 ERROR dLog [main] CONTROLLER CLASS: class com.revature.thevault.service.classes.DepositService
METHOD: createDeposit
THROWING EXCEPTION CLASS: class com.revature.thevault.service.exceptions.InvalidRequestException
MESSAGE: 400 BAD_REQUEST "Invalid text, too short (less than 1): "
2022-05-24 13:28:02,509 DEBUG dLog [main] CLASS: class com.revature.thevault.service.classes.DepositService
METHOD: createDeposit
ARGUMENTS: [DepositRequest(depositType=asdfasdfasdfasdfasdfasdfasdfasdfasdfasdfasdfasdfasf, accountId=1, reference=reference, amount=1.0)]
2022-05-24 13:28:02,509 ERROR dLog [main] CONTROLLER CLASS: class com.revature.thevault.service.classes.DepositService
METHOD: createDeposit
THROWING EXCEPTION CLASS: class com.revature.thevault.service.exceptions.InvalidRequestException
MESSAGE: 400 BAD_REQUEST "Invalid Text, too long (greater than 30): asdfasdfasdfasdfasdfasdfasdfasdfasdfasdfasdfasdfasf"
2022-05-24 13:28:02,512 DEBUG dLog [main] CLASS: class com.revature.thevault.service.classes.DepositService
METHOD: createDeposit
ARGUMENTS: [DepositRequest(depositType=a, accountId=1, reference=reference, amount=1.0)]
2022-05-24 13:28:02,512 ERROR dLog [main] CONTROLLER CLASS: class com.revature.thevault.service.classes.DepositService
METHOD: createDeposit
THROWING EXCEPTION CLASS: class com.revature.thevault.service.exceptions.InvalidRequestException
MESSAGE: 400 BAD_REQUEST "Invalid text, too short (less than 1): a"
2022-05-24 13:28:02,515 DEBUG dLog [main] CLASS: class com.revature.thevault.service.classes.DepositService
METHOD: createDeposit
ARGUMENTS: [DepositRequest(depositType=Cash, accountId=1, reference=reference, amount=12.22)]
2022-05-24 13:28:02,517 INFO dLog [main] METHOD: createDeposit
RETURNING: PostResponse(createdObject=[DepositResponseObject(depositId=1, accountId=1, depositType=Cash, reference=reference, dateDeposit=2022-05-24, amount=12.22)])
2022-05-24 13:28:02,520 DEBUG dLog [main] CLASS: class com.revature.thevault.service.classes.DepositService
METHOD: getAllUserDeposits
ARGUMENTS: [1]
2022-05-24 13:28:02,521 INFO dLog [main] METHOD: getAllUserDeposits
RETURNING: GetResponse(gotObject=[DepositResponseObject(depositId=1, accountId=1, depositType=Cash, reference=reference, dateDeposit=2022-05-24, amount=12.22)])
2022-05-24 13:28:02,523 DEBUG dLog [main] CLASS: class com.revature.thevault.service.classes.DepositService
METHOD: findByDepositId
ARGUMENTS: [1]
2022-05-24 13:28:02,524 INFO dLog [main] METHOD: findByDepositId
RETURNING: GetResponse(gotObject=[DepositResponseObject(depositId=1, accountId=1, depositType=Cash, reference=reference, dateDeposit=2022-05-24, amount=12.22)])
2022-05-24 13:28:02,526 DEBUG dLog [main] CLASS: class com.revature.thevault.service.classes.DepositService
METHOD: getAlLUserDepositsOfType
ARGUMENTS: [1, Cash]
2022-05-24 13:28:02,526 INFO dLog [main] METHOD: getAlLUserDepositsOfType
RETURNING: GetResponse(gotObject=[DepositResponseObject(depositId=1, accountId=1, depositType=Cash, reference=reference, dateDeposit=2022-05-24, amount=12.22)])
2022-05-24 13:28:02,529 DEBUG dLog [main] CLASS: class com.revature.thevault.service.classes.DepositService
METHOD: createDeposit
ARGUMENTS: [DepositRequest(depositType=Cash, accountId=1, reference=reference, amount=0.0)]
2022-05-24 13:28:02,530 ERROR dLog [main] CONTROLLER CLASS: class com.revature.thevault.service.classes.DepositService
METHOD: createDeposit
THROWING EXCEPTION CLASS: class com.revature.thevault.service.exceptions.InvalidAmountException
MESSAGE: 400 BAD_REQUEST "Invalid amount, less than or equal to 0: 0.0"
2022-05-24 13:28:02,533 DEBUG dLog [main] CLASS: class com.revature.thevault.service.classes.DepositService
METHOD: createDeposit
ARGUMENTS: [DepositRequest(depositType=Cash, accountId=1, reference=reference, amount=-1.0)]
2022-05-24 13:28:02,533 ERROR dLog [main] CONTROLLER CLASS: class com.revature.thevault.service.classes.DepositService
METHOD: createDeposit
THROWING EXCEPTION CLASS: class com.revature.thevault.service.exceptions.InvalidAmountException
MESSAGE: 400 BAD_REQUEST "Invalid amount, less than or equal to 0: -1.0"
2022-05-24 13:28:02,536 DEBUG dLog [main] CLASS: class com.revature.thevault.service.classes.DepositService
METHOD: createDeposit
ARGUMENTS: [DepositRequest(depositType=Cash, accountId=1, reference=reference, amount=-2123.0)]
2022-05-24 13:28:02,536 ERROR dLog [main] CONTROLLER CLASS: class com.revature.thevault.service.classes.DepositService
METHOD: createDeposit
THROWING EXCEPTION CLASS: class com.revature.thevault.service.exceptions.InvalidAmountException
MESSAGE: 400 BAD_REQUEST "Invalid amount, less than or equal to 0: -2123.0"
2022-05-24 13:28:02,539 DEBUG dLog [main] CLASS: class com.revature.thevault.service.classes.DepositService
METHOD: findByDepositId
ARGUMENTS: [-1]
2022-05-24 13:28:02,539 ERROR dLog [main] CONTROLLER CLASS: class com.revature.thevault.service.classes.DepositService
METHOD: findByDepositId
THROWING EXCEPTION CLASS: class com.revature.thevault.service.exceptions.InvalidRequestException
MESSAGE: 400 BAD_REQUEST "400 BAD_REQUEST "Deposit not found: -1""
2022-05-24 13:28:02,542 DEBUG dLog [main] CLASS: class com.revature.thevault.service.classes.DepositService
METHOD: deleteAllDeposits
ARGUMENTS: [1]
2022-05-24 13:28:02,542 INFO dLog [main] METHOD: deleteAllDeposits
RETURNING: DeleteResponse(deletedObject=[])
2022-05-24 13:28:05,284 DEBUG dLog [main] CLASS: class com.revature.thevault.service.classes.DepositTypeService
METHOD: findDepositTypeEntityByName
ARGUMENTS: [null]
2022-05-24 13:28:05,284 ERROR dLog [main] CONTROLLER CLASS: class com.revature.thevault.service.classes.DepositTypeService
METHOD: findDepositTypeEntityByName
THROWING EXCEPTION CLASS: class com.revature.thevault.service.exceptions.InvalidRequestException
MESSAGE: 400 BAD_REQUEST "NULL VALUE PROVIDED"
2022-05-24 13:28:05,286 DEBUG dLog [main] CLASS: class com.revature.thevault.service.classes.DepositTypeService
METHOD: findDepositTypeEntityByName
ARGUMENTS: []
2022-05-24 13:28:05,286 ERROR dLog [main] CONTROLLER CLASS: class com.revature.thevault.service.classes.DepositTypeService
METHOD: findDepositTypeEntityByName
THROWING EXCEPTION CLASS: class com.revature.thevault.service.exceptions.InvalidRequestException
MESSAGE: 400 BAD_REQUEST "Invalid text, too short (less than 1): "
2022-05-24 13:28:05,289 DEBUG dLog [main] CLASS: class com.revature.thevault.service.classes.DepositTypeService
METHOD: findDepositTypeEntityByName
ARGUMENTS: [a]
2022-05-24 13:28:05,289 ERROR dLog [main] CONTROLLER CLASS: class com.revature.thevault.service.classes.DepositTypeService
METHOD: findDepositTypeEntityByName
THROWING EXCEPTION CLASS: class com.revature.thevault.service.exceptions.InvalidRequestException
MESSAGE: 400 BAD_REQUEST "Invalid text, too short (less than 1): a"
2022-05-24 13:28:05,291 DEBUG dLog [main] CLASS: class com.revature.thevault.service.classes.DepositTypeService
METHOD: findDepositTypeEntityByName
ARGUMENTS: [asdfasdfasdfasdfasdfasdfasdfasdfasdfasdfasdf]
2022-05-24 13:28:05,291 ERROR dLog [main] CONTROLLER CLASS: class com.revature.thevault.service.classes.DepositTypeService
METHOD: findDepositTypeEntityByName
THROWING EXCEPTION CLASS: class com.revature.thevault.service.exceptions.InvalidRequestException
MESSAGE: 400 BAD_REQUEST "Invalid Text, too long (greater than 30): asdfasdfasdfasdfasdfasdfasdfasdfasdfasdfasdf"
2022-05-24 13:28:05,293 DEBUG dLog [main] CLASS: class com.revature.thevault.service.classes.DepositTypeService
METHOD: findDepositTypeEntityByName
ARGUMENTS: [Cash]
2022-05-24 13:28:05,295 INFO dLog [main] METHOD: findDepositTypeEntityByName
RETURNING: DepositTypeEntity(pk_deposit_type_id=1, name=Cash)
2022-05-24 13:28:05,297 DEBUG dLog [main] CLASS: class com.revature.thevault.service.classes.DepositTypeService
METHOD: findDepositTypeEntityByName
ARGUMENTS: [Invalid]
2022-05-24 13:28:05,298 ERROR dLog [main] CONTROLLER CLASS: class com.revature.thevault.service.classes.DepositTypeService
METHOD: findDepositTypeEntityByName
THROWING EXCEPTION CLASS: class com.revature.thevault.service.exceptions.InvalidRequestException
MESSAGE: 400 BAD_REQUEST "Deposit type not found: Invalid"
2022-05-24 13:28:07,985 DEBUG dLog [main] CLASS: class com.revature.thevault.service.classes.RequestStatusService
METHOD: getRequestStatusByName
ARGUMENTS: [Invalid]
2022-05-24 13:28:07,987 ERROR dLog [main] CONTROLLER CLASS: class com.revature.thevault.service.classes.RequestStatusService
METHOD: getRequestStatusByName
THROWING EXCEPTION CLASS: class com.revature.thevault.service.exceptions.InvalidRequestException
MESSAGE: 400 BAD_REQUEST "Request Status type not found: Invalid"
2022-05-24 13:28:07,991 DEBUG dLog [main] CLASS: class com.revature.thevault.service.classes.RequestStatusService
METHOD: getRequestStatusByName
ARGUMENTS: [Pending]
2022-05-24 13:28:07,991 INFO dLog [main] METHOD: getRequestStatusByName
RETURNING: RequestStatusEntity(pk_request_status_id=1, name=Pending)
2022-05-24 13:28:07,995 DEBUG dLog [main] CLASS: class com.revature.thevault.service.classes.RequestStatusService
METHOD: getRequestStatusByName
ARGUMENTS: [null]
2022-05-24 13:28:07,995 ERROR dLog [main] CONTROLLER CLASS: class com.revature.thevault.service.classes.RequestStatusService
METHOD: getRequestStatusByName
THROWING EXCEPTION CLASS: class com.revature.thevault.service.exceptions.InvalidRequestException
MESSAGE: 400 BAD_REQUEST "NULL VALUE PROVIDED"
2022-05-24 13:28:07,998 DEBUG dLog [main] CLASS: class com.revature.thevault.service.classes.RequestStatusService
METHOD: getRequestStatusByName
ARGUMENTS: []
2022-05-24 13:28:07,998 ERROR dLog [main] CONTROLLER CLASS: class com.revature.thevault.service.classes.RequestStatusService
METHOD: getRequestStatusByName
THROWING EXCEPTION CLASS: class com.revature.thevault.service.exceptions.InvalidRequestException
MESSAGE: 400 BAD_REQUEST "Invalid text, too short (less than 1): "
2022-05-24 13:28:08,001 DEBUG dLog [main] CLASS: class com.revature.thevault.service.classes.RequestStatusService
METHOD: getRequestStatusByName
ARGUMENTS: [a]
2022-05-24 13:28:08,001 ERROR dLog [main] CONTROLLER CLASS: class com.revature.thevault.service.classes.RequestStatusService
METHOD: getRequestStatusByName
THROWING EXCEPTION CLASS: class com.revature.thevault.service.exceptions.InvalidRequestException
MESSAGE: 400 BAD_REQUEST "Invalid text, too short (less than 1): a"
2022-05-24 13:28:08,004 DEBUG dLog [main] CLASS: class com.revature.thevault.service.classes.RequestStatusService
METHOD: getRequestStatusByName
ARGUMENTS: [asdfasdfasdfasdfasdfasdfasdfasdf]
2022-05-24 13:28:08,004 ERROR dLog [main] CONTROLLER CLASS: class com.revature.thevault.service.classes.RequestStatusService
METHOD: getRequestStatusByName
THROWING EXCEPTION CLASS: class com.revature.thevault.service.exceptions.InvalidRequestException
MESSAGE: 400 BAD_REQUEST "Invalid Text, too long (greater than 30): asdfasdfasdfasdfasdfasdfasdfasdf"
>>>>>>> 76d3c45e343e22d5aa19538ddbb4af87b432ef96
