2022-05-26 15:46:58,533 DEBUG dLog [http-nio-9000-exec-2] Class: class com.revature.thevault.presentation.controller.ResetPasswordController
Method: requestPasswordResetLink
Arguments: [LoginCredentialEntity(pkuserid=null, username=user2, password=null)]
2022-05-26 15:46:58,644 DEBUG dLog [http-nio-9000-exec-2] CLASS: class com.revature.thevault.service.classes.PwResetTokenService
METHOD: generateResetToken
ARGUMENTS: [2]
2022-05-26 15:46:58,667 INFO dLog [http-nio-9000-exec-2] METHOD: generateResetToken
RETURNING: 1i6l5p3a5z9k4r4g1r8w6w6p6v
2022-05-26 15:46:58,829 DEBUG dLog [http-nio-9000-exec-2] CLASS: class com.revature.thevault.service.classes.EmailService
METHOD: sendPasswordResetLink
ARGUMENTS: [1i6l5p3a5z9k4r4g1r8w6w6p6v, modderman.colin@gmail.com]
2022-05-26 15:47:00,454 INFO dLog [http-nio-9000-exec-2] METHOD: sendPasswordResetLink
RETURNING: NULL VALUE
2022-05-26 15:47:00,456 INFO dLog [http-nio-9000-exec-2] Class: class com.revature.thevault.presentation.controller.ResetPasswordController
Method: requestPasswordResetLink
RETURNING: Sent
2022-05-26 16:36:17,922 DEBUG dLog [http-nio-9000-exec-5] Class: class com.revature.thevault.presentation.controller.ResetPasswordController
Method: requestPasswordResetLink
Arguments: [LoginCredentialEntity(pkuserid=null, username=user2, password=null)]
2022-05-26 16:36:17,987 DEBUG dLog [http-nio-9000-exec-5] CLASS: class com.revature.thevault.service.classes.PwResetTokenService
METHOD: generateResetToken
ARGUMENTS: [2]
2022-05-26 16:36:17,987 INFO dLog [http-nio-9000-exec-5] METHOD: generateResetToken
RETURNING: 1i6l5h3j5e9j7z3p7k7s9c8o7q
2022-05-26 16:36:18,049 DEBUG dLog [http-nio-9000-exec-5] CLASS: class com.revature.thevault.service.classes.EmailService
METHOD: sendPasswordResetLink
ARGUMENTS: [1i6l5h3j5e9j7z3p7k7s9c8o7q, modderman.colin@gmail.com]
2022-05-26 16:36:19,222 INFO dLog [http-nio-9000-exec-5] METHOD: sendPasswordResetLink
RETURNING: NULL VALUE
2022-05-26 16:36:19,222 INFO dLog [http-nio-9000-exec-5] Class: class com.revature.thevault.presentation.controller.ResetPasswordController
Method: requestPasswordResetLink
RETURNING: Sent
2022-05-26 20:48:50,307 DEBUG dLog [http-nio-9000-exec-2] Class: class com.revature.thevault.presentation.controller.LoginController
Method: findLoginCredential
Arguments: [LoginRequest(username=user2, password=password)]
2022-05-26 20:48:50,319 DEBUG dLog [http-nio-9000-exec-2] CLASS: class com.revature.thevault.service.classes.LoginService
METHOD: getLoginCredentialFromLogin
ARGUMENTS: [user2]
2022-05-26 20:48:50,408 INFO dLog [http-nio-9000-exec-2] METHOD: getLoginCredentialFromLogin
RETURNING: PostResponse(createdObject=[LoginResponseObject(userId=2, username=user2, password=password)])
2022-05-26 20:48:50,408 INFO dLog [http-nio-9000-exec-2] Class: class com.revature.thevault.presentation.controller.LoginController
Method: findLoginCredential
RETURNING: PostResponse(createdObject=[LoginResponseObject(userId=2, username=user2, password=password)])
2022-05-26 20:48:50,580 DEBUG dLog [http-nio-9000-exec-4] Class: class com.revature.thevault.presentation.controller.AccountProfileController
Method: getProfile
Arguments: [2]
2022-05-26 20:48:50,585 DEBUG dLog [http-nio-9000-exec-4] CLASS: class com.revature.thevault.service.classes.AccountProfileService
METHOD: getProfile
ARGUMENTS: [AccountProfileRequest(profileId=2)]
2022-05-26 20:48:50,675 INFO dLog [http-nio-9000-exec-4] METHOD: getProfile
RETURNING: GetResponse(gotObject=[AccountProfileResponse(profileId=2, userId=2, firstName=colin, lastName=modderman, email=modderman.colin@gmail.com, phoneNumber=phonenumber, address=Home address)])
2022-05-26 20:48:50,675 INFO dLog [http-nio-9000-exec-4] Class: class com.revature.thevault.presentation.controller.AccountProfileController
Method: getProfile
RETURNING: GetResponse(gotObject=[AccountProfileResponse(profileId=2, userId=2, firstName=colin, lastName=modderman, email=modderman.colin@gmail.com, phoneNumber=phonenumber, address=Home address)])
2022-05-26 20:48:50,732 DEBUG dLog [http-nio-9000-exec-6] Class: class com.revature.thevault.presentation.controller.AccountController
Method: getUserAccountList
Arguments: [2, org.apache.catalina.session.StandardSessionFacade@6e3d866b]
2022-05-26 20:48:50,736 DEBUG dLog [http-nio-9000-exec-6] CLASS: class com.revature.thevault.service.classes.AccountService
METHOD: getAccounts
ARGUMENTS: [2]
2022-05-26 20:48:50,758 INFO dLog [http-nio-9000-exec-6] METHOD: getAccounts
RETURNING: GetResponse(gotObject=[])
2022-05-26 20:48:50,759 INFO dLog [http-nio-9000-exec-6] Class: class com.revature.thevault.presentation.controller.AccountController
Method: getUserAccountList
RETURNING: GetResponse(gotObject=[])
2022-05-26 20:50:07,956 DEBUG dLog [http-nio-9000-exec-9] Class: class com.revature.thevault.presentation.controller.LoginController
Method: findLoginCredential
Arguments: [LoginRequest(username=user2, password=password)]
2022-05-26 20:50:07,956 DEBUG dLog [http-nio-9000-exec-9] CLASS: class com.revature.thevault.service.classes.LoginService
METHOD: getLoginCredentialFromLogin
ARGUMENTS: [user2]
2022-05-26 20:50:07,979 INFO dLog [http-nio-9000-exec-9] METHOD: getLoginCredentialFromLogin
RETURNING: PostResponse(createdObject=[LoginResponseObject(userId=2, username=user2, password=password)])
2022-05-26 20:50:07,980 INFO dLog [http-nio-9000-exec-9] Class: class com.revature.thevault.presentation.controller.LoginController
Method: findLoginCredential
RETURNING: PostResponse(createdObject=[LoginResponseObject(userId=2, username=user2, password=password)])
2022-05-26 20:50:08,021 DEBUG dLog [http-nio-9000-exec-1] Class: class com.revature.thevault.presentation.controller.AccountProfileController
Method: getProfile
Arguments: [2]
2022-05-26 20:50:08,021 DEBUG dLog [http-nio-9000-exec-1] CLASS: class com.revature.thevault.service.classes.AccountProfileService
METHOD: getProfile
ARGUMENTS: [AccountProfileRequest(profileId=2)]
2022-05-26 20:50:08,049 INFO dLog [http-nio-9000-exec-1] METHOD: getProfile
RETURNING: GetResponse(gotObject=[AccountProfileResponse(profileId=2, userId=2, firstName=colin, lastName=modderman, email=modderman.colin@gmail.com, phoneNumber=phonenumber, address=Home address)])
2022-05-26 20:50:08,050 INFO dLog [http-nio-9000-exec-1] Class: class com.revature.thevault.presentation.controller.AccountProfileController
Method: getProfile
RETURNING: GetResponse(gotObject=[AccountProfileResponse(profileId=2, userId=2, firstName=colin, lastName=modderman, email=modderman.colin@gmail.com, phoneNumber=phonenumber, address=Home address)])
2022-05-26 20:50:08,089 DEBUG dLog [http-nio-9000-exec-3] Class: class com.revature.thevault.presentation.controller.AccountController
Method: getUserAccountList
Arguments: [2, org.apache.catalina.session.StandardSessionFacade@648bb5db]
2022-05-26 20:50:08,089 DEBUG dLog [http-nio-9000-exec-3] CLASS: class com.revature.thevault.service.classes.AccountService
METHOD: getAccounts
ARGUMENTS: [2]
2022-05-26 20:50:08,107 INFO dLog [http-nio-9000-exec-3] METHOD: getAccounts
RETURNING: GetResponse(gotObject=[])
2022-05-26 20:50:08,107 INFO dLog [http-nio-9000-exec-3] Class: class com.revature.thevault.presentation.controller.AccountController
Method: getUserAccountList
RETURNING: GetResponse(gotObject=[])
2022-05-26 21:12:52,608 DEBUG dLog [http-nio-9000-exec-6] Class: class com.revature.thevault.presentation.controller.LoginController
Method: findLoginCredential
Arguments: [LoginRequest(username=user2, password=password)]
2022-05-26 21:12:52,608 DEBUG dLog [http-nio-9000-exec-6] CLASS: class com.revature.thevault.service.classes.LoginService
METHOD: getLoginCredentialFromLogin
ARGUMENTS: [user2]
2022-05-26 21:12:52,633 INFO dLog [http-nio-9000-exec-6] METHOD: getLoginCredentialFromLogin
RETURNING: PostResponse(createdObject=[LoginResponseObject(userId=2, username=user2, password=password)])
2022-05-26 21:12:52,634 INFO dLog [http-nio-9000-exec-6] Class: class com.revature.thevault.presentation.controller.LoginController
Method: findLoginCredential
RETURNING: PostResponse(createdObject=[LoginResponseObject(userId=2, username=user2, password=password)])
2022-05-26 21:12:52,672 DEBUG dLog [http-nio-9000-exec-8] Class: class com.revature.thevault.presentation.controller.AccountProfileController
Method: getProfile
Arguments: [2]
2022-05-26 21:12:52,672 DEBUG dLog [http-nio-9000-exec-8] CLASS: class com.revature.thevault.service.classes.AccountProfileService
METHOD: getProfile
ARGUMENTS: [AccountProfileRequest(profileId=2)]
2022-05-26 21:12:52,711 INFO dLog [http-nio-9000-exec-8] METHOD: getProfile
RETURNING: GetResponse(gotObject=[AccountProfileResponse(profileId=2, userId=2, firstName=colin, lastName=modderman, email=modderman.colin@gmail.com, phoneNumber=phonenumber, address=Home address)])
2022-05-26 21:12:52,712 INFO dLog [http-nio-9000-exec-8] Class: class com.revature.thevault.presentation.controller.AccountProfileController
Method: getProfile
RETURNING: GetResponse(gotObject=[AccountProfileResponse(profileId=2, userId=2, firstName=colin, lastName=modderman, email=modderman.colin@gmail.com, phoneNumber=phonenumber, address=Home address)])
2022-05-26 21:12:52,751 DEBUG dLog [http-nio-9000-exec-10] Class: class com.revature.thevault.presentation.controller.AccountController
Method: getUserAccountList
Arguments: [2, org.apache.catalina.session.StandardSessionFacade@47d6dcac]
2022-05-26 21:12:52,751 DEBUG dLog [http-nio-9000-exec-10] CLASS: class com.revature.thevault.service.classes.AccountService
METHOD: getAccounts
ARGUMENTS: [2]
2022-05-26 21:12:52,760 INFO dLog [http-nio-9000-exec-10] METHOD: getAccounts
RETURNING: GetResponse(gotObject=[])
2022-05-26 21:12:52,760 INFO dLog [http-nio-9000-exec-10] Class: class com.revature.thevault.presentation.controller.AccountController
Method: getUserAccountList
RETURNING: GetResponse(gotObject=[])
2022-05-26 21:16:24,011 DEBUG dLog [http-nio-9000-exec-3] Class: class com.revature.thevault.presentation.controller.LoginController
Method: findLoginCredential
Arguments: [LoginRequest(username=user2, password=password)]
2022-05-26 21:16:24,012 DEBUG dLog [http-nio-9000-exec-3] CLASS: class com.revature.thevault.service.classes.LoginService
METHOD: getLoginCredentialFromLogin
ARGUMENTS: [user2]
2022-05-26 21:16:24,039 INFO dLog [http-nio-9000-exec-3] METHOD: getLoginCredentialFromLogin
RETURNING: PostResponse(createdObject=[LoginResponseObject(userId=2, username=user2, password=password)])
2022-05-26 21:16:24,039 INFO dLog [http-nio-9000-exec-3] Class: class com.revature.thevault.presentation.controller.LoginController
Method: findLoginCredential
RETURNING: PostResponse(createdObject=[LoginResponseObject(userId=2, username=user2, password=password)])
2022-05-26 21:16:24,078 DEBUG dLog [http-nio-9000-exec-5] Class: class com.revature.thevault.presentation.controller.AccountProfileController
Method: getProfile
Arguments: [2]
2022-05-26 21:16:24,078 DEBUG dLog [http-nio-9000-exec-5] CLASS: class com.revature.thevault.service.classes.AccountProfileService
METHOD: getProfile
ARGUMENTS: [AccountProfileRequest(profileId=2)]
2022-05-26 21:16:24,107 INFO dLog [http-nio-9000-exec-5] METHOD: getProfile
RETURNING: GetResponse(gotObject=[AccountProfileResponse(profileId=2, userId=2, firstName=colin, lastName=modderman, email=modderman.colin@gmail.com, phoneNumber=phonenumber, address=Home address)])
2022-05-26 21:16:24,108 INFO dLog [http-nio-9000-exec-5] Class: class com.revature.thevault.presentation.controller.AccountProfileController
Method: getProfile
RETURNING: GetResponse(gotObject=[AccountProfileResponse(profileId=2, userId=2, firstName=colin, lastName=modderman, email=modderman.colin@gmail.com, phoneNumber=phonenumber, address=Home address)])
2022-05-26 21:16:24,147 DEBUG dLog [http-nio-9000-exec-7] Class: class com.revature.thevault.presentation.controller.AccountController
Method: getUserAccountList
Arguments: [2, org.apache.catalina.session.StandardSessionFacade@fa0a4f3]
2022-05-26 21:16:24,148 DEBUG dLog [http-nio-9000-exec-7] CLASS: class com.revature.thevault.service.classes.AccountService
METHOD: getAccounts
ARGUMENTS: [2]
2022-05-26 21:16:24,165 INFO dLog [http-nio-9000-exec-7] METHOD: getAccounts
RETURNING: GetResponse(gotObject=[])
2022-05-26 21:16:24,165 INFO dLog [http-nio-9000-exec-7] Class: class com.revature.thevault.presentation.controller.AccountController
Method: getUserAccountList
RETURNING: GetResponse(gotObject=[])
2022-05-26 21:26:37,631 DEBUG dLog [http-nio-9000-exec-10] Class: class com.revature.thevault.presentation.controller.LoginController
Method: findLoginCredential
Arguments: [LoginRequest(username=user2, password=password)]
2022-05-26 21:26:37,631 DEBUG dLog [http-nio-9000-exec-10] CLASS: class com.revature.thevault.service.classes.LoginService
METHOD: getLoginCredentialFromLogin
ARGUMENTS: [user2]
2022-05-26 21:26:37,685 INFO dLog [http-nio-9000-exec-10] METHOD: getLoginCredentialFromLogin
RETURNING: PostResponse(createdObject=[LoginResponseObject(userId=2, username=user2, password=password)])
2022-05-26 21:26:37,685 INFO dLog [http-nio-9000-exec-10] Class: class com.revature.thevault.presentation.controller.LoginController
Method: findLoginCredential
RETURNING: PostResponse(createdObject=[LoginResponseObject(userId=2, username=user2, password=password)])
2022-05-26 21:26:37,724 DEBUG dLog [http-nio-9000-exec-2] Class: class com.revature.thevault.presentation.controller.AccountProfileController
Method: getProfile
Arguments: [2]
2022-05-26 21:26:37,724 DEBUG dLog [http-nio-9000-exec-2] CLASS: class com.revature.thevault.service.classes.AccountProfileService
METHOD: getProfile
ARGUMENTS: [AccountProfileRequest(profileId=2)]
2022-05-26 21:26:37,743 INFO dLog [http-nio-9000-exec-2] METHOD: getProfile
RETURNING: GetResponse(gotObject=[AccountProfileResponse(profileId=2, userId=2, firstName=colin, lastName=modderman, email=modderman.colin@gmail.com, phoneNumber=phonenumber, address=Home address)])
2022-05-26 21:26:37,743 INFO dLog [http-nio-9000-exec-2] Class: class com.revature.thevault.presentation.controller.AccountProfileController
Method: getProfile
RETURNING: GetResponse(gotObject=[AccountProfileResponse(profileId=2, userId=2, firstName=colin, lastName=modderman, email=modderman.colin@gmail.com, phoneNumber=phonenumber, address=Home address)])
2022-05-26 21:26:37,783 DEBUG dLog [http-nio-9000-exec-4] Class: class com.revature.thevault.presentation.controller.AccountController
Method: getUserAccountList
Arguments: [2, org.apache.catalina.session.StandardSessionFacade@7d3b844a]
2022-05-26 21:26:37,783 DEBUG dLog [http-nio-9000-exec-4] CLASS: class com.revature.thevault.service.classes.AccountService
METHOD: getAccounts
ARGUMENTS: [2]
2022-05-26 21:26:37,801 INFO dLog [http-nio-9000-exec-4] METHOD: getAccounts
RETURNING: GetResponse(gotObject=[])
2022-05-26 21:26:37,801 INFO dLog [http-nio-9000-exec-4] Class: class com.revature.thevault.presentation.controller.AccountController
Method: getUserAccountList
RETURNING: GetResponse(gotObject=[])
2022-05-26 21:32:12,873 DEBUG dLog [http-nio-9000-exec-7] Class: class com.revature.thevault.presentation.controller.LoginController
Method: newLogin
Arguments: [NewLoginCredentialsRequest(username=user, password=pass)]
2022-05-26 21:32:12,875 DEBUG dLog [http-nio-9000-exec-7] CLASS: class com.revature.thevault.service.classes.LoginService
METHOD: createNewLogin
ARGUMENTS: [NewLoginCredentialsRequest(username=user, password=pass)]
2022-05-26 21:32:13,244 INFO dLog [http-nio-9000-exec-7] METHOD: createNewLogin
RETURNING: PostResponse(createdObject=[LoginResponseObject(userId=1, username=user, password=pass)])
2022-05-26 21:32:13,245 INFO dLog [http-nio-9000-exec-7] Class: class com.revature.thevault.presentation.controller.LoginController
Method: newLogin
RETURNING: PostResponse(createdObject=[LoginResponseObject(userId=1, username=user, password=pass)])
2022-05-26 21:32:13,293 DEBUG dLog [http-nio-9000-exec-9] Class: class com.revature.thevault.presentation.controller.AccountProfileController
Method: createProfile
Arguments: [ProfileCreateRequest(userId=1, firstName=first, lastName=last, email=modderman.colin@gmail.com, phoneNumber=phone, address=address, notificationAmount=0.0)]
2022-05-26 21:32:13,296 DEBUG dLog [http-nio-9000-exec-9] CLASS: class com.revature.thevault.service.classes.AccountProfileService
METHOD: createProfile
ARGUMENTS: [ProfileCreateRequest(userId=1, firstName=first, lastName=last, email=modderman.colin@gmail.com, phoneNumber=phone, address=address, notificationAmount=0.0)]
2022-05-26 21:32:13,298 ERROR dLog [http-nio-9000-exec-9] CONTROLLER CLASS: class com.revature.thevault.service.classes.AccountProfileService
METHOD: createProfile
THROWING EXCEPTION CLASS: class java.lang.NullPointerException
MESSAGE: null
2022-05-26 21:32:13,299 ERROR dLog [http-nio-9000-exec-9] CONTROLLER CLASS: class com.revature.thevault.presentation.controller.AccountProfileController
METHOD: createProfile
THROWING EXCEPTION: class java.lang.NullPointerException
2022-05-26 21:34:59,975 DEBUG dLog [http-nio-9000-exec-1] Class: class com.revature.thevault.presentation.controller.LoginController
Method: newLogin
Arguments: [NewLoginCredentialsRequest(username=user3, password=pass)]
2022-05-26 21:34:59,975 DEBUG dLog [http-nio-9000-exec-1] CLASS: class com.revature.thevault.service.classes.LoginService
METHOD: createNewLogin
ARGUMENTS: [NewLoginCredentialsRequest(username=user3, password=pass)]
2022-05-26 21:35:00,444 ERROR dLog [http-nio-9000-exec-1] CONTROLLER CLASS: class com.revature.thevault.service.classes.LoginService
METHOD: createNewLogin
THROWING EXCEPTION CLASS: class com.revature.thevault.service.exceptions.InvalidInputException
MESSAGE: 400 BAD_REQUEST "Please check the information"
2022-05-26 21:35:00,444 ERROR dLog [http-nio-9000-exec-1] CONTROLLER CLASS: class com.revature.thevault.presentation.controller.LoginController
METHOD: newLogin
THROWING EXCEPTION: class com.revature.thevault.service.exceptions.InvalidInputException
2022-05-26 22:30:53,333 DEBUG dLog [http-nio-9000-exec-2] Class: class com.revature.thevault.presentation.controller.ResetPasswordController
Method: requestPasswordResetLink
Arguments: [LoginCredentialEntity(pkuserid=null, username=user2, password=null)]
2022-05-26 22:30:53,364 DEBUG dLog [http-nio-9000-exec-2] CLASS: class com.revature.thevault.service.classes.PwResetTokenService
METHOD: generateResetToken
ARGUMENTS: [2]
2022-05-26 22:30:53,367 INFO dLog [http-nio-9000-exec-2] METHOD: generateResetToken
RETURNING: 1s6q5h3t6a1b8g6v5j3u3d6q6g
2022-05-26 22:30:53,422 DEBUG dLog [http-nio-9000-exec-2] CLASS: class com.revature.thevault.service.classes.EmailService
METHOD: sendPasswordResetLink
ARGUMENTS: [1s6q5h3t6a1b8g6v5j3u3d6q6g, modderman.colin@gmail.com]
2022-05-26 22:30:54,633 INFO dLog [http-nio-9000-exec-2] METHOD: sendPasswordResetLink
RETURNING: NULL VALUE
2022-05-26 22:30:54,634 INFO dLog [http-nio-9000-exec-2] Class: class com.revature.thevault.presentation.controller.ResetPasswordController
Method: requestPasswordResetLink
RETURNING: Sent
2022-05-26 22:34:33,131 DEBUG dLog [http-nio-9000-exec-5] Class: class com.revature.thevault.presentation.controller.LoginController
Method: findLoginCredential
Arguments: [LoginRequest(username=user2, password=password)]
2022-05-26 22:34:33,138 DEBUG dLog [http-nio-9000-exec-5] CLASS: class com.revature.thevault.service.classes.LoginService
METHOD: getLoginCredentialFromLogin
ARGUMENTS: [user2]
2022-05-26 22:34:33,184 INFO dLog [http-nio-9000-exec-5] METHOD: getLoginCredentialFromLogin
RETURNING: PostResponse(createdObject=[LoginResponseObject(userId=2, username=user2, password=password)])
2022-05-26 22:34:33,184 INFO dLog [http-nio-9000-exec-5] Class: class com.revature.thevault.presentation.controller.LoginController
Method: findLoginCredential
RETURNING: PostResponse(createdObject=[LoginResponseObject(userId=2, username=user2, password=password)])
2022-05-26 22:34:33,225 DEBUG dLog [http-nio-9000-exec-7] Class: class com.revature.thevault.presentation.controller.AccountProfileController
Method: getProfile
Arguments: [2]
2022-05-26 22:34:33,231 DEBUG dLog [http-nio-9000-exec-7] CLASS: class com.revature.thevault.service.classes.AccountProfileService
METHOD: getProfile
ARGUMENTS: [AccountProfileRequest(profileId=2)]
2022-05-26 22:34:33,263 INFO dLog [http-nio-9000-exec-7] METHOD: getProfile
RETURNING: GetResponse(gotObject=[AccountProfileResponse(profileId=2, userId=2, firstName=colin, lastName=modderman, email=modderman.colin@gmail.com, phoneNumber=phonenumber, address=Home address)])
2022-05-26 22:34:33,263 INFO dLog [http-nio-9000-exec-7] Class: class com.revature.thevault.presentation.controller.AccountProfileController
Method: getProfile
RETURNING: GetResponse(gotObject=[AccountProfileResponse(profileId=2, userId=2, firstName=colin, lastName=modderman, email=modderman.colin@gmail.com, phoneNumber=phonenumber, address=Home address)])
2022-05-26 22:34:33,303 DEBUG dLog [http-nio-9000-exec-9] Class: class com.revature.thevault.presentation.controller.AccountController
Method: getUserAccountList
Arguments: [2, org.apache.catalina.session.StandardSessionFacade@57bffd3e]
2022-05-26 22:34:33,307 DEBUG dLog [http-nio-9000-exec-9] CLASS: class com.revature.thevault.service.classes.AccountService
METHOD: getAccounts
ARGUMENTS: [2]
2022-05-26 22:34:33,322 INFO dLog [http-nio-9000-exec-9] METHOD: getAccounts
RETURNING: GetResponse(gotObject=[])
2022-05-26 22:34:33,323 INFO dLog [http-nio-9000-exec-9] Class: class com.revature.thevault.presentation.controller.AccountController
Method: getUserAccountList
RETURNING: GetResponse(gotObject=[])
2022-05-26 23:15:42,231 DEBUG dLog [http-nio-9000-exec-2] Class: class com.revature.thevault.presentation.controller.ResetPasswordController
Method: requestPasswordResetLink
Arguments: [LoginCredentialEntity(pkuserid=null, username=user2, password=)]
2022-05-26 23:15:42,267 DEBUG dLog [http-nio-9000-exec-2] CLASS: class com.revature.thevault.service.classes.PwResetTokenService
METHOD: generateResetToken
ARGUMENTS: [2]
2022-05-26 23:15:42,267 INFO dLog [http-nio-9000-exec-2] METHOD: generateResetToken
RETURNING: 1k6u5n3u6j2g1v3r4n2m2l6q7w
2022-05-26 23:15:42,314 DEBUG dLog [http-nio-9000-exec-2] CLASS: class com.revature.thevault.service.classes.EmailService
METHOD: sendPasswordResetLink
ARGUMENTS: [1k6u5n3u6j2g1v3r4n2m2l6q7w, modderman.colin@gmail.com]
2022-05-26 23:15:43,546 INFO dLog [http-nio-9000-exec-2] METHOD: sendPasswordResetLink
RETURNING: NULL VALUE
2022-05-26 23:15:43,546 INFO dLog [http-nio-9000-exec-2] Class: class com.revature.thevault.presentation.controller.ResetPasswordController
Method: requestPasswordResetLink
RETURNING: Sent
2022-05-26 23:17:40,345 DEBUG dLog [http-nio-9000-exec-7] Class: class com.revature.thevault.presentation.controller.ResetPasswordController
Method: requestPasswordResetLink
Arguments: [LoginCredentialEntity(pkuserid=null, username=user2, password=)]
2022-05-26 23:17:40,371 DEBUG dLog [http-nio-9000-exec-7] CLASS: class com.revature.thevault.service.classes.PwResetTokenService
METHOD: generateResetToken
ARGUMENTS: [2]
2022-05-26 23:17:40,372 INFO dLog [http-nio-9000-exec-7] METHOD: generateResetToken
RETURNING: 1p6n5y3a6n2r1h4e6w0y3y7c1t
2022-05-26 23:17:40,419 DEBUG dLog [http-nio-9000-exec-7] CLASS: class com.revature.thevault.service.classes.EmailService
METHOD: sendPasswordResetLink
ARGUMENTS: [1p6n5y3a6n2r1h4e6w0y3y7c1t, modderman.colin@gmail.com]
2022-05-26 23:17:41,515 INFO dLog [http-nio-9000-exec-7] METHOD: sendPasswordResetLink
RETURNING: NULL VALUE
2022-05-26 23:17:41,515 INFO dLog [http-nio-9000-exec-7] Class: class com.revature.thevault.presentation.controller.ResetPasswordController
Method: requestPasswordResetLink
RETURNING: Sent
2022-05-26 23:19:13,545 DEBUG dLog [http-nio-9000-exec-1] Class: class com.revature.thevault.presentation.controller.ResetPasswordController
Method: requestPasswordResetLink
Arguments: [LoginCredentialEntity(pkuserid=null, username=user2, password=)]
2022-05-26 23:19:13,593 DEBUG dLog [http-nio-9000-exec-1] CLASS: class com.revature.thevault.service.classes.PwResetTokenService
METHOD: generateResetToken
ARGUMENTS: [2]
2022-05-26 23:19:13,593 INFO dLog [http-nio-9000-exec-1] METHOD: generateResetToken
RETURNING: 1g6s5k3z6f2o1b5g5m3d5v9d3a
2022-05-26 23:19:13,641 DEBUG dLog [http-nio-9000-exec-1] CLASS: class com.revature.thevault.service.classes.EmailService
METHOD: sendPasswordResetLink
ARGUMENTS: [1g6s5k3z6f2o1b5g5m3d5v9d3a, modderman.colin@gmail.com]
2022-05-26 23:19:15,329 INFO dLog [http-nio-9000-exec-1] METHOD: sendPasswordResetLink
RETURNING: NULL VALUE
2022-05-26 23:19:15,329 INFO dLog [http-nio-9000-exec-1] Class: class com.revature.thevault.presentation.controller.ResetPasswordController
Method: requestPasswordResetLink
RETURNING: Sent
2022-05-26 23:22:48,054 DEBUG dLog [http-nio-9000-exec-9] Class: class com.revature.thevault.presentation.controller.ResetPasswordController
Method: requestPasswordResetLink
Arguments: [LoginCredentialEntity(pkuserid=null, username=user2, password=)]
2022-05-26 23:22:48,091 INFO dLog [http-nio-9000-exec-9] Class: class com.revature.thevault.presentation.controller.ResetPasswordController
Method: requestPasswordResetLink
RETURNING: Sent
2022-05-26 23:24:49,465 DEBUG dLog [http-nio-9000-exec-2] Class: class com.revature.thevault.presentation.controller.ResetPasswordController
Method: requestPasswordResetLink
Arguments: [LoginCredentialEntity(pkuserid=null, username=user2, password=)]
2022-05-26 23:24:49,506 DEBUG dLog [http-nio-9000-exec-2] CLASS: class com.revature.thevault.service.classes.PwResetTokenService
METHOD: generateResetToken
ARGUMENTS: [2]
2022-05-26 23:24:49,509 INFO dLog [http-nio-9000-exec-2] METHOD: generateResetToken
RETURNING: 1k6e5n3o6e2h1k8t8b9c5d0l9o
2022-05-26 23:24:49,561 DEBUG dLog [http-nio-9000-exec-2] CLASS: class com.revature.thevault.service.classes.EmailService
METHOD: sendPasswordResetLink
ARGUMENTS: [1k6e5n3o6e2h1k8t8b9c5d0l9o, modderman.colin@gmail.com]
2022-05-26 23:24:50,365 INFO dLog [http-nio-9000-exec-2] METHOD: sendPasswordResetLink
RETURNING: NULL VALUE
2022-05-26 23:24:50,365 INFO dLog [http-nio-9000-exec-2] Class: class com.revature.thevault.presentation.controller.ResetPasswordController
Method: requestPasswordResetLink
RETURNING: Sent
2022-05-26 23:26:32,097 DEBUG dLog [http-nio-9000-exec-5] Class: class com.revature.thevault.presentation.controller.ResetPasswordController
Method: requestPasswordResetLink
Arguments: [LoginCredentialEntity(pkuserid=null, username=user2, password=)]
2022-05-26 23:26:32,119 DEBUG dLog [http-nio-9000-exec-5] CLASS: class com.revature.thevault.service.classes.PwResetTokenService
METHOD: generateResetToken
ARGUMENTS: [2]
2022-05-26 23:26:32,119 INFO dLog [http-nio-9000-exec-5] METHOD: generateResetToken
RETURNING: 1f6n5i3g6s2l1s9g9h2g1k1y9c
2022-05-26 23:26:32,157 DEBUG dLog [http-nio-9000-exec-5] CLASS: class com.revature.thevault.service.classes.EmailService
METHOD: sendPasswordResetLink
ARGUMENTS: [1f6n5i3g6s2l1s9g9h2g1k1y9c, modderman.colin@gmail.com]
2022-05-26 23:26:33,383 INFO dLog [http-nio-9000-exec-5] METHOD: sendPasswordResetLink
RETURNING: NULL VALUE
2022-05-26 23:26:33,383 INFO dLog [http-nio-9000-exec-5] Class: class com.revature.thevault.presentation.controller.ResetPasswordController
Method: requestPasswordResetLink
RETURNING: Sent
2022-05-26 23:28:54,025 DEBUG dLog [http-nio-9000-exec-8] Class: class com.revature.thevault.presentation.controller.ResetPasswordController
Method: requestPasswordResetLink
Arguments: [LoginCredentialEntity(pkuserid=null, username=user2, password=)]
2022-05-26 23:28:54,051 DEBUG dLog [http-nio-9000-exec-8] CLASS: class com.revature.thevault.service.classes.PwResetTokenService
METHOD: generateResetToken
ARGUMENTS: [2]
2022-05-26 23:28:54,051 INFO dLog [http-nio-9000-exec-8] METHOD: generateResetToken
RETURNING: 1i6i5s3l6g2j2v1o3q4u0q5a1z
2022-05-26 23:28:54,080 DEBUG dLog [http-nio-9000-exec-8] CLASS: class com.revature.thevault.service.classes.EmailService
METHOD: sendPasswordResetLink
ARGUMENTS: [1i6i5s3l6g2j2v1o3q4u0q5a1z, modderman.colin@gmail.com]
2022-05-26 23:28:55,030 INFO dLog [http-nio-9000-exec-8] METHOD: sendPasswordResetLink
RETURNING: NULL VALUE
2022-05-26 23:28:55,030 INFO dLog [http-nio-9000-exec-8] Class: class com.revature.thevault.presentation.controller.ResetPasswordController
Method: requestPasswordResetLink
RETURNING: Sent
2022-05-26 23:30:44,931 DEBUG dLog [http-nio-9000-exec-1] Class: class com.revature.thevault.presentation.controller.ResetPasswordController
Method: requestPasswordResetLink
Arguments: [LoginCredentialEntity(pkuserid=null, username=user2, password=)]
2022-05-26 23:30:44,965 DEBUG dLog [http-nio-9000-exec-1] CLASS: class com.revature.thevault.service.classes.PwResetTokenService
METHOD: generateResetToken
ARGUMENTS: [2]
2022-05-26 23:30:44,965 INFO dLog [http-nio-9000-exec-1] METHOD: generateResetToken
RETURNING: 1l6z5f3y6n2f2w2f4n4w9i6i5w
2022-05-26 23:30:45,050 DEBUG dLog [http-nio-9000-exec-1] CLASS: class com.revature.thevault.service.classes.EmailService
METHOD: sendPasswordResetLink
ARGUMENTS: [1l6z5f3y6n2f2w2f4n4w9i6i5w, modderman.colin@gmail.com]
2022-05-26 23:30:46,023 INFO dLog [http-nio-9000-exec-1] METHOD: sendPasswordResetLink
RETURNING: NULL VALUE
2022-05-26 23:30:46,023 INFO dLog [http-nio-9000-exec-1] Class: class com.revature.thevault.presentation.controller.ResetPasswordController
Method: requestPasswordResetLink
RETURNING: Sent
2022-05-26 23:36:37,097 DEBUG dLog [http-nio-9000-exec-4] Class: class com.revature.thevault.presentation.controller.ResetPasswordController
Method: requestPasswordResetLink
Arguments: [LoginCredentialEntity(pkuserid=null, username=user2, password=)]
2022-05-26 23:36:37,126 DEBUG dLog [http-nio-9000-exec-4] CLASS: class com.revature.thevault.service.classes.PwResetTokenService
METHOD: generateResetToken
ARGUMENTS: [2]
2022-05-26 23:36:37,126 INFO dLog [http-nio-9000-exec-4] METHOD: generateResetToken
RETURNING: 1p6i5m3a6d2a2i5k9v7x1q2b6p
2022-05-26 23:36:37,159 DEBUG dLog [http-nio-9000-exec-4] CLASS: class com.revature.thevault.service.classes.EmailService
METHOD: sendPasswordResetLink
ARGUMENTS: [1p6i5m3a6d2a2i5k9v7x1q2b6p, modderman.colin@gmail.com]
2022-05-26 23:36:38,010 INFO dLog [http-nio-9000-exec-4] METHOD: sendPasswordResetLink
RETURNING: NULL VALUE
2022-05-26 23:36:38,010 INFO dLog [http-nio-9000-exec-4] Class: class com.revature.thevault.presentation.controller.ResetPasswordController
Method: requestPasswordResetLink
RETURNING: Sent
2022-05-26 23:40:02,689 DEBUG dLog [http-nio-9000-exec-7] Class: class com.revature.thevault.presentation.controller.ResetPasswordController
Method: requestPasswordResetLink
Arguments: [LoginCredentialEntity(pkuserid=null, username=user2, password=)]
2022-05-26 23:40:02,722 DEBUG dLog [http-nio-9000-exec-7] CLASS: class com.revature.thevault.service.classes.PwResetTokenService
METHOD: generateResetToken
ARGUMENTS: [2]
2022-05-26 23:40:02,722 INFO dLog [http-nio-9000-exec-7] METHOD: generateResetToken
RETURNING: 1d6i5n3j6s2q2d8y0t2r7q2a2w
2022-05-26 23:40:02,774 DEBUG dLog [http-nio-9000-exec-7] CLASS: class com.revature.thevault.service.classes.EmailService
METHOD: sendPasswordResetLink
ARGUMENTS: [1d6i5n3j6s2q2d8y0t2r7q2a2w, modderman.colin@gmail.com]
2022-05-26 23:40:03,598 INFO dLog [http-nio-9000-exec-7] METHOD: sendPasswordResetLink
RETURNING: NULL VALUE
2022-05-26 23:40:03,598 INFO dLog [http-nio-9000-exec-7] Class: class com.revature.thevault.presentation.controller.ResetPasswordController
Method: requestPasswordResetLink
RETURNING: Sent
2022-05-26 23:41:04,214 DEBUG dLog [http-nio-9000-exec-10] Class: class com.revature.thevault.presentation.controller.ResetPasswordController
Method: requestPasswordResetLink
Arguments: [LoginCredentialEntity(pkuserid=null, username=user2, password=)]
2022-05-26 23:41:04,240 DEBUG dLog [http-nio-9000-exec-10] CLASS: class com.revature.thevault.service.classes.PwResetTokenService
METHOD: generateResetToken
ARGUMENTS: [2]
2022-05-26 23:41:04,240 INFO dLog [http-nio-9000-exec-10] METHOD: generateResetToken
RETURNING: 1n6v5f3x6e2j2j8c6m4g2k4v0n
2022-05-26 23:41:04,279 DEBUG dLog [http-nio-9000-exec-10] CLASS: class com.revature.thevault.service.classes.EmailService
METHOD: sendPasswordResetLink
ARGUMENTS: [1n6v5f3x6e2j2j8c6m4g2k4v0n, modderman.colin@gmail.com]
2022-05-26 23:41:05,001 INFO dLog [http-nio-9000-exec-10] METHOD: sendPasswordResetLink
RETURNING: NULL VALUE
2022-05-26 23:41:05,001 INFO dLog [http-nio-9000-exec-10] Class: class com.revature.thevault.presentation.controller.ResetPasswordController
Method: requestPasswordResetLink
RETURNING: Sent
2022-05-26 23:44:39,610 DEBUG dLog [http-nio-9000-exec-3] Class: class com.revature.thevault.presentation.controller.ResetPasswordController
Method: requestPasswordResetLink
Arguments: [LoginCredentialEntity(pkuserid=null, username=user2, password=)]
2022-05-26 23:44:39,632 DEBUG dLog [http-nio-9000-exec-3] CLASS: class com.revature.thevault.service.classes.PwResetTokenService
METHOD: generateResetToken
ARGUMENTS: [2]
2022-05-26 23:44:39,632 INFO dLog [http-nio-9000-exec-3] METHOD: generateResetToken
RETURNING: 1r6h5a3c6g2s3v0f7m9h6s3u2l
2022-05-26 23:44:39,667 DEBUG dLog [http-nio-9000-exec-3] CLASS: class com.revature.thevault.service.classes.EmailService
METHOD: sendPasswordResetLink
ARGUMENTS: [1r6h5a3c6g2s3v0f7m9h6s3u2l, modderman.colin@gmail.com]
2022-05-26 23:44:40,406 INFO dLog [http-nio-9000-exec-3] METHOD: sendPasswordResetLink
RETURNING: NULL VALUE
2022-05-26 23:44:40,406 INFO dLog [http-nio-9000-exec-3] Class: class com.revature.thevault.presentation.controller.ResetPasswordController
Method: requestPasswordResetLink
RETURNING: Sent
2022-05-26 23:47:27,560 DEBUG dLog [http-nio-9000-exec-2] Class: class com.revature.thevault.presentation.controller.ResetPasswordController
Method: requestPasswordResetLink
Arguments: [LoginCredentialEntity(pkuserid=null, username=user2, password=)]
2022-05-26 23:47:27,589 DEBUG dLog [http-nio-9000-exec-2] CLASS: class com.revature.thevault.service.classes.PwResetTokenService
METHOD: generateResetToken
ARGUMENTS: [2]
2022-05-26 23:47:27,593 INFO dLog [http-nio-9000-exec-2] METHOD: generateResetToken
RETURNING: 1c6a5w3u6v2n3u2e4d7g5x9a1b
2022-05-26 23:47:27,636 DEBUG dLog [http-nio-9000-exec-2] CLASS: class com.revature.thevault.service.classes.EmailService
METHOD: sendPasswordResetLink
ARGUMENTS: [1c6a5w3u6v2n3u2e4d7g5x9a1b, modderman.colin@gmail.com]
2022-05-26 23:47:28,456 INFO dLog [http-nio-9000-exec-2] METHOD: sendPasswordResetLink
RETURNING: NULL VALUE
2022-05-26 23:47:28,457 INFO dLog [http-nio-9000-exec-2] Class: class com.revature.thevault.presentation.controller.ResetPasswordController
Method: requestPasswordResetLink
RETURNING: Sent
2022-05-26 23:47:39,812 DEBUG dLog [http-nio-9000-exec-4] Class: class com.revature.thevault.presentation.controller.ResetPasswordController
Method: requestPasswordResetLink
Arguments: [LoginCredentialEntity(pkuserid=null, username=user2, password=)]
2022-05-26 23:47:39,835 DEBUG dLog [http-nio-9000-exec-4] CLASS: class com.revature.thevault.service.classes.PwResetTokenService
METHOD: generateResetToken
ARGUMENTS: [2]
2022-05-26 23:47:39,835 INFO dLog [http-nio-9000-exec-4] METHOD: generateResetToken
RETURNING: 1a6d5o3c6x2z3j2v5z9d8j3t5e
2022-05-26 23:47:39,874 DEBUG dLog [http-nio-9000-exec-4] CLASS: class com.revature.thevault.service.classes.EmailService
METHOD: sendPasswordResetLink
ARGUMENTS: [1a6d5o3c6x2z3j2v5z9d8j3t5e, modderman.colin@gmail.com]
2022-05-26 23:47:40,606 INFO dLog [http-nio-9000-exec-4] METHOD: sendPasswordResetLink
RETURNING: NULL VALUE
2022-05-26 23:47:40,606 INFO dLog [http-nio-9000-exec-4] Class: class com.revature.thevault.presentation.controller.ResetPasswordController
Method: requestPasswordResetLink
RETURNING: Sent
2022-05-26 23:48:47,461 DEBUG dLog [http-nio-9000-exec-2] Class: class com.revature.thevault.presentation.controller.ResetPasswordController
Method: requestPasswordResetLink
Arguments: [LoginCredentialEntity(pkuserid=null, username=user2, password=)]
2022-05-26 23:48:47,488 DEBUG dLog [http-nio-9000-exec-2] CLASS: class com.revature.thevault.service.classes.PwResetTokenService
METHOD: generateResetToken
ARGUMENTS: [2]
2022-05-26 23:48:47,490 INFO dLog [http-nio-9000-exec-2] METHOD: generateResetToken
RETURNING: 1y6k5a3y6r2j3i3y2r7u4s9o0d
2022-05-26 23:48:47,536 DEBUG dLog [http-nio-9000-exec-2] CLASS: class com.revature.thevault.service.classes.EmailService
METHOD: sendPasswordResetLink
ARGUMENTS: [1y6k5a3y6r2j3i3y2r7u4s9o0d, modderman.colin@gmail.com]
2022-05-26 23:48:48,229 INFO dLog [http-nio-9000-exec-2] METHOD: sendPasswordResetLink
RETURNING: NULL VALUE
2022-05-26 23:48:48,229 INFO dLog [http-nio-9000-exec-2] Class: class com.revature.thevault.presentation.controller.ResetPasswordController
Method: requestPasswordResetLink
RETURNING: Sent
2022-05-26 23:56:55,253 DEBUG dLog [http-nio-9000-exec-2] Class: class com.revature.thevault.presentation.controller.ResetPasswordController
Method: requestPasswordResetLink
Arguments: [LoginCredentialEntity(pkuserid=null, username=user2, password=)]
2022-05-26 23:56:55,289 DEBUG dLog [http-nio-9000-exec-2] CLASS: class com.revature.thevault.service.classes.PwResetTokenService
METHOD: generateResetToken
ARGUMENTS: [2]
2022-05-26 23:56:55,293 INFO dLog [http-nio-9000-exec-2] METHOD: generateResetToken
RETURNING: 1p6u5l3p6f2d3w8y1h5t2h9r3d
2022-05-26 23:56:55,342 DEBUG dLog [http-nio-9000-exec-2] CLASS: class com.revature.thevault.service.classes.EmailService
METHOD: sendPasswordResetLink
ARGUMENTS: [1p6u5l3p6f2d3w8y1h5t2h9r3d, modderman.colin@gmail.com]
2022-05-26 23:56:56,152 INFO dLog [http-nio-9000-exec-2] METHOD: sendPasswordResetLink
RETURNING: NULL VALUE
2022-05-26 23:56:56,152 INFO dLog [http-nio-9000-exec-2] Class: class com.revature.thevault.presentation.controller.ResetPasswordController
Method: requestPasswordResetLink
RETURNING: {response=Sent a message}
2022-05-26 23:59:16,864 DEBUG dLog [http-nio-9000-exec-2] Class: class com.revature.thevault.presentation.controller.ResetPasswordController
Method: requestPasswordResetLink
Arguments: [LoginCredentialEntity(pkuserid=null, username=user2fdasdf, password=)]
2022-05-26 23:59:16,899 INFO dLog [http-nio-9000-exec-2] Class: class com.revature.thevault.presentation.controller.ResetPasswordController
Method: requestPasswordResetLink
RETURNING: {response=Bad email or username}
