2022-05-25 14:56:45,957 DEBUG dLog [http-nio-9000-exec-2] Class: class com.revature.thevault.presentation.controller.LoginController
Method: findLoginCredential
Arguments: [LoginRequest(username=brolaw, password=test1)]
2022-05-25 14:56:45,970 DEBUG dLog [http-nio-9000-exec-2] CLASS: class com.revature.thevault.service.classes.LoginService
METHOD: getLoginCredentialFromLogin
ARGUMENTS: [brolaw]
2022-05-25 14:56:46,150 INFO dLog [http-nio-9000-exec-2] METHOD: getLoginCredentialFromLogin
RETURNING: PostResponse(createdObject=[LoginResponseObject(userId=1, username=brolaw, password=test1)])
2022-05-25 14:56:46,151 INFO dLog [http-nio-9000-exec-2] Class: class com.revature.thevault.presentation.controller.LoginController
Method: findLoginCredential
RETURNING: PostResponse(createdObject=[LoginResponseObject(userId=1, username=brolaw, password=test1)])
2022-05-25 14:56:46,567 DEBUG dLog [http-nio-9000-exec-4] Class: class com.revature.thevault.presentation.controller.AccountProfileController
Method: getProfile
Arguments: [1]
2022-05-25 14:56:46,572 DEBUG dLog [http-nio-9000-exec-4] CLASS: class com.revature.thevault.service.classes.AccountProfileService
METHOD: getProfile
ARGUMENTS: [AccountProfileRequest(profileId=1)]
2022-05-25 14:56:46,687 INFO dLog [http-nio-9000-exec-4] METHOD: getProfile
RETURNING: GetResponse(gotObject=[AccountProfileResponse(profileId=1, userId=1, firstName=Brody, lastName=Stevens, email=bls061997@gmail.com, phoneNumber=8885552465, address=123 apple st)])
2022-05-25 14:56:46,687 INFO dLog [http-nio-9000-exec-4] Class: class com.revature.thevault.presentation.controller.AccountProfileController
Method: getProfile
RETURNING: GetResponse(gotObject=[AccountProfileResponse(profileId=1, userId=1, firstName=Brody, lastName=Stevens, email=bls061997@gmail.com, phoneNumber=8885552465, address=123 apple st)])
2022-05-25 14:56:46,797 DEBUG dLog [http-nio-9000-exec-6] Class: class com.revature.thevault.presentation.controller.AccountController
Method: getUserAccountList
Arguments: [1, org.apache.catalina.session.StandardSessionFacade@7cd02760]
2022-05-25 14:56:46,801 DEBUG dLog [http-nio-9000-exec-6] CLASS: class com.revature.thevault.service.classes.AccountService
METHOD: getAccounts
ARGUMENTS: [1]
2022-05-25 14:56:47,014 INFO dLog [http-nio-9000-exec-6] METHOD: getAccounts
RETURNING: GetResponse(gotObject=[AccountResponseObject(accountId=1, userId=1, accountType=Checking, availableBalance=450.0, pendingBalance=450.0), AccountResponseObject(accountId=2, userId=1, accountType=Savings, availableBalance=0.0, pendingBalance=250.0)])
2022-05-25 14:56:47,015 INFO dLog [http-nio-9000-exec-6] Class: class com.revature.thevault.presentation.controller.AccountController
Method: getUserAccountList
RETURNING: GetResponse(gotObject=[AccountResponseObject(accountId=1, userId=1, accountType=Checking, availableBalance=450.0, pendingBalance=450.0), AccountResponseObject(accountId=2, userId=1, accountType=Savings, availableBalance=0.0, pendingBalance=250.0)])
2022-05-25 14:56:50,848 DEBUG dLog [http-nio-9000-exec-8] Class: class com.revature.thevault.presentation.controller.TransactionController
Method: getTransactionHistory
Arguments: [Basic YnJvbGF3OnRlc3Qx, 2]
2022-05-25 14:56:50,851 DEBUG dLog [http-nio-9000-exec-8] CLASS: class com.revature.thevault.service.classes.TransactionService
METHOD: getTransactionHistory
ARGUMENTS: [2]
2022-05-25 14:56:50,856 DEBUG dLog [http-nio-9000-exec-8] CLASS: class com.revature.thevault.service.classes.DepositService
METHOD: getAllUserDeposits
ARGUMENTS: [2]
2022-05-25 14:56:51,002 INFO dLog [http-nio-9000-exec-8] METHOD: getAllUserDeposits
RETURNING: GetResponse(gotObject=[DepositResponseObject(depositId=4, accountId=2, depositType=Transfer, reference=Transer from Account: 1, dateDeposit=2022-05-24, amount=250.0)])
2022-05-25 14:56:51,002 DEBUG dLog [http-nio-9000-exec-8] CLASS: class com.revature.thevault.service.classes.WithdrawService
METHOD: getAllUserWithdrawals
ARGUMENTS: [2]
2022-05-25 14:56:51,052 INFO dLog [http-nio-9000-exec-8] METHOD: getAllUserWithdrawals
RETURNING: GetResponse(gotObject=[])
2022-05-25 14:56:51,053 INFO dLog [http-nio-9000-exec-8] METHOD: getTransactionHistory
RETURNING: GetResponse(gotObject=[TransactionObject(transactionId=4, transactionType=Deposit, transactionDetail=Transfer, transactionReference=Transer from Account: 1, date=2022-05-24, amount=250.0)])
2022-05-25 14:56:51,053 INFO dLog [http-nio-9000-exec-8] Class: class com.revature.thevault.presentation.controller.TransactionController
Method: getTransactionHistory
RETURNING: GetResponse(gotObject=[TransactionObject(transactionId=4, transactionType=Deposit, transactionDetail=Transfer, transactionReference=Transer from Account: 1, date=2022-05-24, amount=250.0)])
2022-05-25 14:57:14,926 DEBUG dLog [http-nio-9000-exec-10] Class: class com.revature.thevault.presentation.controller.TransactionController
Method: getTransactionHistory
Arguments: [Basic YnJvbGF3OnRlc3Qx, 2]
2022-05-25 14:57:14,927 DEBUG dLog [http-nio-9000-exec-10] CLASS: class com.revature.thevault.service.classes.TransactionService
METHOD: getTransactionHistory
ARGUMENTS: [2]
2022-05-25 14:57:14,927 DEBUG dLog [http-nio-9000-exec-10] CLASS: class com.revature.thevault.service.classes.DepositService
METHOD: getAllUserDeposits
ARGUMENTS: [2]
2022-05-25 14:57:15,068 INFO dLog [http-nio-9000-exec-10] METHOD: getAllUserDeposits
RETURNING: GetResponse(gotObject=[DepositResponseObject(depositId=4, accountId=2, depositType=Transfer, reference=Transer from Account: 1, dateDeposit=2022-05-24, amount=250.0)])
2022-05-25 14:57:15,068 DEBUG dLog [http-nio-9000-exec-10] CLASS: class com.revature.thevault.service.classes.WithdrawService
METHOD: getAllUserWithdrawals
ARGUMENTS: [2]
2022-05-25 14:57:15,113 INFO dLog [http-nio-9000-exec-10] METHOD: getAllUserWithdrawals
RETURNING: GetResponse(gotObject=[])
2022-05-25 14:57:15,113 INFO dLog [http-nio-9000-exec-10] METHOD: getTransactionHistory
RETURNING: GetResponse(gotObject=[TransactionObject(transactionId=4, transactionType=Deposit, transactionDetail=Transfer, transactionReference=Transer from Account: 1, date=2022-05-24, amount=250.0)])
2022-05-25 14:57:15,114 INFO dLog [http-nio-9000-exec-10] Class: class com.revature.thevault.presentation.controller.TransactionController
Method: getTransactionHistory
RETURNING: GetResponse(gotObject=[TransactionObject(transactionId=4, transactionType=Deposit, transactionDetail=Transfer, transactionReference=Transer from Account: 1, date=2022-05-24, amount=250.0)])
2022-05-25 14:57:56,642 DEBUG dLog [http-nio-9000-exec-2] Class: class com.revature.thevault.presentation.controller.TransactionController
Method: getTransactionHistory
Arguments: [Basic YnJvbGF3OnRlc3Qx, 2]
2022-05-25 14:57:56,642 DEBUG dLog [http-nio-9000-exec-2] CLASS: class com.revature.thevault.service.classes.TransactionService
METHOD: getTransactionHistory
ARGUMENTS: [2]
2022-05-25 14:57:56,642 DEBUG dLog [http-nio-9000-exec-2] CLASS: class com.revature.thevault.service.classes.DepositService
METHOD: getAllUserDeposits
ARGUMENTS: [2]
2022-05-25 14:57:56,776 INFO dLog [http-nio-9000-exec-2] METHOD: getAllUserDeposits
RETURNING: GetResponse(gotObject=[DepositResponseObject(depositId=4, accountId=2, depositType=Transfer, reference=Transer from Account: 1, dateDeposit=2022-05-24, amount=250.0)])
2022-05-25 14:57:56,776 DEBUG dLog [http-nio-9000-exec-2] CLASS: class com.revature.thevault.service.classes.WithdrawService
METHOD: getAllUserWithdrawals
ARGUMENTS: [2]
2022-05-25 14:57:56,822 INFO dLog [http-nio-9000-exec-2] METHOD: getAllUserWithdrawals
RETURNING: GetResponse(gotObject=[])
2022-05-25 14:57:56,823 INFO dLog [http-nio-9000-exec-2] METHOD: getTransactionHistory
RETURNING: GetResponse(gotObject=[TransactionObject(transactionId=4, transactionType=Deposit, transactionDetail=Transfer, transactionReference=Transer from Account: 1, date=2022-05-24, amount=250.0)])
2022-05-25 14:57:56,823 INFO dLog [http-nio-9000-exec-2] Class: class com.revature.thevault.presentation.controller.TransactionController
Method: getTransactionHistory
RETURNING: GetResponse(gotObject=[TransactionObject(transactionId=4, transactionType=Deposit, transactionDetail=Transfer, transactionReference=Transer from Account: 1, date=2022-05-24, amount=250.0)])
2022-05-25 14:58:17,539 DEBUG dLog [http-nio-9000-exec-4] Class: class com.revature.thevault.presentation.controller.TransactionController
Method: getTransactionHistory
Arguments: [Basic YnJvbGF3OnRlc3Qx, 2]
2022-05-25 14:58:17,540 DEBUG dLog [http-nio-9000-exec-4] CLASS: class com.revature.thevault.service.classes.TransactionService
METHOD: getTransactionHistory
ARGUMENTS: [2]
2022-05-25 14:58:17,540 DEBUG dLog [http-nio-9000-exec-4] CLASS: class com.revature.thevault.service.classes.DepositService
METHOD: getAllUserDeposits
ARGUMENTS: [2]
2022-05-25 14:58:17,929 INFO dLog [http-nio-9000-exec-4] METHOD: getAllUserDeposits
RETURNING: GetResponse(gotObject=[DepositResponseObject(depositId=4, accountId=2, depositType=Transfer, reference=Transer from Account: 1, dateDeposit=2022-05-24, amount=250.0)])
2022-05-25 14:58:17,929 DEBUG dLog [http-nio-9000-exec-4] CLASS: class com.revature.thevault.service.classes.WithdrawService
METHOD: getAllUserWithdrawals
ARGUMENTS: [2]
2022-05-25 14:58:17,974 INFO dLog [http-nio-9000-exec-4] METHOD: getAllUserWithdrawals
RETURNING: GetResponse(gotObject=[])
2022-05-25 14:58:17,974 INFO dLog [http-nio-9000-exec-4] METHOD: getTransactionHistory
RETURNING: GetResponse(gotObject=[TransactionObject(transactionId=4, transactionType=Deposit, transactionDetail=Transfer, transactionReference=Transer from Account: 1, date=2022-05-24, amount=250.0)])
2022-05-25 14:58:17,974 INFO dLog [http-nio-9000-exec-4] Class: class com.revature.thevault.presentation.controller.TransactionController
Method: getTransactionHistory
RETURNING: GetResponse(gotObject=[TransactionObject(transactionId=4, transactionType=Deposit, transactionDetail=Transfer, transactionReference=Transer from Account: 1, date=2022-05-24, amount=250.0)])
2022-05-25 14:58:19,908 DEBUG dLog [http-nio-9000-exec-6] Class: class com.revature.thevault.presentation.controller.TransactionController
Method: getTransactionHistory
Arguments: [Basic YnJvbGF3OnRlc3Qx, 1]
2022-05-25 14:58:19,909 DEBUG dLog [http-nio-9000-exec-6] CLASS: class com.revature.thevault.service.classes.TransactionService
METHOD: getTransactionHistory
ARGUMENTS: [1]
2022-05-25 14:58:19,909 DEBUG dLog [http-nio-9000-exec-6] CLASS: class com.revature.thevault.service.classes.DepositService
METHOD: getAllUserDeposits
ARGUMENTS: [1]
2022-05-25 14:58:20,098 INFO dLog [http-nio-9000-exec-6] METHOD: getAllUserDeposits
RETURNING: GetResponse(gotObject=[DepositResponseObject(depositId=1, accountId=1, depositType=Cash, reference=IDK, dateDeposit=2022-05-24, amount=250.0), DepositResponseObject(depositId=2, accountId=1, depositType=Cash, reference=lol, dateDeposit=2022-05-24, amount=250.0), DepositResponseObject(depositId=3, accountId=1, depositType=Cheque, reference=oh, dateDeposit=2022-05-24, amount=250.0)])
2022-05-25 14:58:20,099 DEBUG dLog [http-nio-9000-exec-6] CLASS: class com.revature.thevault.service.classes.WithdrawService
METHOD: getAllUserWithdrawals
ARGUMENTS: [1]
2022-05-25 14:58:20,277 INFO dLog [http-nio-9000-exec-6] METHOD: getAllUserWithdrawals
RETURNING: GetResponse(gotObject=[WithdrawResponseObject(withdrawId=1, accountId=1, requestType=Payment, requestStatus=Pending, reference=rent, dateWithdraw=2022-05-24, amount=50.0), WithdrawResponseObject(withdrawId=2, accountId=1, requestType=Transfer, requestStatus=Pending, reference=Transfer to Account: 2, dateWithdraw=2022-05-24, amount=250.0)])
2022-05-25 14:58:20,277 INFO dLog [http-nio-9000-exec-6] METHOD: getTransactionHistory
RETURNING: GetResponse(gotObject=[TransactionObject(transactionId=1, transactionType=Deposit, transactionDetail=Cash, transactionReference=IDK, date=2022-05-24, amount=250.0), TransactionObject(transactionId=2, transactionType=Deposit, transactionDetail=Cash, transactionReference=lol, date=2022-05-24, amount=250.0), TransactionObject(transactionId=3, transactionType=Deposit, transactionDetail=Cheque, transactionReference=oh, date=2022-05-24, amount=250.0), TransactionObject(transactionId=1, transactionType=Withdraw, transactionDetail=Payment, transactionReference=rent, date=2022-05-24, amount=50.0), TransactionObject(transactionId=2, transactionType=Withdraw, transactionDetail=Transfer, transactionReference=Transfer to Account: 2, date=2022-05-24, amount=250.0)])
2022-05-25 14:58:20,277 INFO dLog [http-nio-9000-exec-6] Class: class com.revature.thevault.presentation.controller.TransactionController
Method: getTransactionHistory
RETURNING: GetResponse(gotObject=[TransactionObject(transactionId=1, transactionType=Deposit, transactionDetail=Cash, transactionReference=IDK, date=2022-05-24, amount=250.0), TransactionObject(transactionId=2, transactionType=Deposit, transactionDetail=Cash, transactionReference=lol, date=2022-05-24, amount=250.0), TransactionObject(transactionId=3, transactionType=Deposit, transactionDetail=Cheque, transactionReference=oh, date=2022-05-24, amount=250.0), TransactionObject(transactionId=1, transactionType=Withdraw, transactionDetail=Payment, transactionReference=rent, date=2022-05-24, amount=50.0), TransactionObject(transactionId=2, transactionType=Withdraw, transactionDetail=Transfer, transactionReference=Transfer to Account: 2, date=2022-05-24, amount=250.0)])
2022-05-25 14:58:30,922 DEBUG dLog [http-nio-9000-exec-8] Class: class com.revature.thevault.presentation.controller.WithdrawController
Method: createWithdrawal
Arguments: [Basic YnJvbGF3OnRlc3Qx, WithdrawRequest(accountId=1, requestType=Tech, reference=oops, amount=25.0)]
2022-05-25 14:58:30,929 DEBUG dLog [http-nio-9000-exec-8] CLASS: class com.revature.thevault.service.classes.WithdrawService
METHOD: createWithdrawal
ARGUMENTS: [WithdrawRequest(accountId=1, requestType=Tech, reference=oops, amount=25.0)]
2022-05-25 14:58:30,930 DEBUG dLog [http-nio-9000-exec-8] CLASS: class com.revature.thevault.service.classes.RequestTypeService
METHOD: getRequestTypeByName
ARGUMENTS: [Tech]
2022-05-25 14:58:30,977 ERROR dLog [http-nio-9000-exec-8] CONTROLLER CLASS: class com.revature.thevault.service.classes.RequestTypeService
METHOD: getRequestTypeByName
THROWING EXCEPTION CLASS: class com.revature.thevault.service.exceptions.InvalidRequestException
MESSAGE: 400 BAD_REQUEST "Request Type not found: Tech"
2022-05-25 14:58:30,977 ERROR dLog [http-nio-9000-exec-8] CONTROLLER CLASS: class com.revature.thevault.service.classes.WithdrawService
METHOD: createWithdrawal
THROWING EXCEPTION CLASS: class com.revature.thevault.service.exceptions.InvalidRequestException
MESSAGE: 400 BAD_REQUEST "Request Type not found: Tech"
2022-05-25 14:58:30,978 ERROR dLog [http-nio-9000-exec-8] CONTROLLER CLASS: class com.revature.thevault.presentation.controller.WithdrawController
METHOD: createWithdrawal
THROWING EXCEPTION: class com.revature.thevault.service.exceptions.InvalidRequestException
2022-05-25 15:31:38,599 DEBUG dLog [http-nio-9000-exec-5] Class: class com.revature.thevault.presentation.controller.LoginController
Method: newLogin
Arguments: [NewLoginCredentialsRequest(username=brolaw, password=test1)]
2022-05-25 15:31:38,607 DEBUG dLog [http-nio-9000-exec-5] CLASS: class com.revature.thevault.service.classes.LoginService
METHOD: createNewLogin
ARGUMENTS: [NewLoginCredentialsRequest(username=brolaw, password=test1)]
2022-05-25 15:31:38,892 INFO dLog [http-nio-9000-exec-5] METHOD: createNewLogin
RETURNING: PostResponse(createdObject=[LoginResponseObject(userId=1, username=brolaw, password=test1)])
2022-05-25 15:31:38,893 INFO dLog [http-nio-9000-exec-5] Class: class com.revature.thevault.presentation.controller.LoginController
Method: newLogin
RETURNING: PostResponse(createdObject=[LoginResponseObject(userId=1, username=brolaw, password=test1)])
2022-05-25 15:31:38,971 DEBUG dLog [http-nio-9000-exec-7] Class: class com.revature.thevault.presentation.controller.AccountProfileController
Method: createProfile
Arguments: [ProfileCreateRequest(userId=1, firstName=Brody, lastName=Stevens, email=bls061997@gmail.com, phoneNumber=8884652131, address=bls061997@gmail.com, notificationAmount=0.0)]
2022-05-25 15:31:38,978 DEBUG dLog [http-nio-9000-exec-7] CLASS: class com.revature.thevault.service.classes.AccountProfileService
METHOD: createProfile
ARGUMENTS: [ProfileCreateRequest(userId=1, firstName=Brody, lastName=Stevens, email=bls061997@gmail.com, phoneNumber=8884652131, address=bls061997@gmail.com, notificationAmount=0.0)]
2022-05-25 15:31:38,985 DEBUG dLog [http-nio-9000-exec-7] CLASS: class com.revature.thevault.service.classes.LoginService
METHOD: findUserByUserId
ARGUMENTS: [1]
2022-05-25 15:31:39,111 INFO dLog [http-nio-9000-exec-7] METHOD: findUserByUserId
RETURNING: LoginCredentialEntity(pkuserid=1, username=brolaw, password=test1)
2022-05-25 15:31:39,245 INFO dLog [http-nio-9000-exec-7] METHOD: createProfile
RETURNING: PostResponse(createdObject=[AccountProfileResponse(profileId=1, userId=1, firstName=Brody, lastName=Stevens, email=bls061997@gmail.com, phoneNumber=8884652131, address=bls061997@gmail.com)])
2022-05-25 15:31:39,245 INFO dLog [http-nio-9000-exec-7] Class: class com.revature.thevault.presentation.controller.AccountProfileController
Method: createProfile
RETURNING: PostResponse(createdObject=[AccountProfileResponse(profileId=1, userId=1, firstName=Brody, lastName=Stevens, email=bls061997@gmail.com, phoneNumber=8884652131, address=bls061997@gmail.com)])
2022-05-25 15:31:44,892 DEBUG dLog [http-nio-9000-exec-9] Class: class com.revature.thevault.presentation.controller.LoginController
Method: findLoginCredential
Arguments: [LoginRequest(username=brolaw, password=test1)]
2022-05-25 15:31:44,892 DEBUG dLog [http-nio-9000-exec-9] CLASS: class com.revature.thevault.service.classes.LoginService
METHOD: getLoginCredentialFromLogin
ARGUMENTS: [brolaw]
2022-05-25 15:31:45,030 INFO dLog [http-nio-9000-exec-9] METHOD: getLoginCredentialFromLogin
RETURNING: PostResponse(createdObject=[LoginResponseObject(userId=1, username=brolaw, password=test1)])
2022-05-25 15:31:45,031 INFO dLog [http-nio-9000-exec-9] Class: class com.revature.thevault.presentation.controller.LoginController
Method: findLoginCredential
RETURNING: PostResponse(createdObject=[LoginResponseObject(userId=1, username=brolaw, password=test1)])
2022-05-25 15:31:45,463 DEBUG dLog [http-nio-9000-exec-1] Class: class com.revature.thevault.presentation.controller.AccountProfileController
Method: getProfile
Arguments: [1]
2022-05-25 15:31:45,464 DEBUG dLog [http-nio-9000-exec-1] CLASS: class com.revature.thevault.service.classes.AccountProfileService
METHOD: getProfile
ARGUMENTS: [AccountProfileRequest(profileId=1)]
2022-05-25 15:31:45,571 INFO dLog [http-nio-9000-exec-1] METHOD: getProfile
RETURNING: GetResponse(gotObject=[AccountProfileResponse(profileId=1, userId=1, firstName=Brody, lastName=Stevens, email=bls061997@gmail.com, phoneNumber=8884652131, address=bls061997@gmail.com)])
2022-05-25 15:31:45,572 INFO dLog [http-nio-9000-exec-1] Class: class com.revature.thevault.presentation.controller.AccountProfileController
Method: getProfile
RETURNING: GetResponse(gotObject=[AccountProfileResponse(profileId=1, userId=1, firstName=Brody, lastName=Stevens, email=bls061997@gmail.com, phoneNumber=8884652131, address=bls061997@gmail.com)])
2022-05-25 15:31:45,846 DEBUG dLog [http-nio-9000-exec-3] Class: class com.revature.thevault.presentation.controller.AccountController
Method: getUserAccountList
Arguments: [1, org.apache.catalina.session.StandardSessionFacade@800785c]
2022-05-25 15:31:45,851 DEBUG dLog [http-nio-9000-exec-3] CLASS: class com.revature.thevault.service.classes.AccountService
METHOD: getAccounts
ARGUMENTS: [1]
2022-05-25 15:31:45,908 INFO dLog [http-nio-9000-exec-3] METHOD: getAccounts
RETURNING: GetResponse(gotObject=[])
2022-05-25 15:31:45,909 INFO dLog [http-nio-9000-exec-3] Class: class com.revature.thevault.presentation.controller.AccountController
Method: getUserAccountList
RETURNING: GetResponse(gotObject=[])
2022-05-25 16:37:56,875 DEBUG dLog [http-nio-9000-exec-6] Class: class com.revature.thevault.presentation.controller.LoginController
Method: findLoginCredential
Arguments: [LoginRequest(username=brolaw, password=test1)]
2022-05-25 16:37:56,875 DEBUG dLog [http-nio-9000-exec-6] CLASS: class com.revature.thevault.service.classes.LoginService
METHOD: getLoginCredentialFromLogin
ARGUMENTS: [brolaw]
2022-05-25 16:37:56,976 INFO dLog [http-nio-9000-exec-6] METHOD: getLoginCredentialFromLogin
RETURNING: PostResponse(createdObject=[LoginResponseObject(userId=1, username=brolaw, password=test1)])
2022-05-25 16:37:56,976 INFO dLog [http-nio-9000-exec-6] Class: class com.revature.thevault.presentation.controller.LoginController
Method: findLoginCredential
RETURNING: PostResponse(createdObject=[LoginResponseObject(userId=1, username=brolaw, password=test1)])
2022-05-25 16:37:57,084 DEBUG dLog [http-nio-9000-exec-8] Class: class com.revature.thevault.presentation.controller.AccountProfileController
Method: getProfile
Arguments: [1]
2022-05-25 16:37:57,085 DEBUG dLog [http-nio-9000-exec-8] CLASS: class com.revature.thevault.service.classes.AccountProfileService
METHOD: getProfile
ARGUMENTS: [AccountProfileRequest(profileId=1)]
2022-05-25 16:37:57,175 INFO dLog [http-nio-9000-exec-8] METHOD: getProfile
RETURNING: GetResponse(gotObject=[AccountProfileResponse(profileId=1, userId=1, firstName=Brody, lastName=Stevens, email=bls061997@gmail.com, phoneNumber=8884652131, address=bls061997@gmail.com)])
2022-05-25 16:37:57,175 INFO dLog [http-nio-9000-exec-8] Class: class com.revature.thevault.presentation.controller.AccountProfileController
Method: getProfile
RETURNING: GetResponse(gotObject=[AccountProfileResponse(profileId=1, userId=1, firstName=Brody, lastName=Stevens, email=bls061997@gmail.com, phoneNumber=8884652131, address=bls061997@gmail.com)])
2022-05-25 16:37:57,279 DEBUG dLog [http-nio-9000-exec-10] Class: class com.revature.thevault.presentation.controller.AccountController
Method: getUserAccountList
Arguments: [1, org.apache.catalina.session.StandardSessionFacade@664ed0a]
2022-05-25 16:37:57,279 DEBUG dLog [http-nio-9000-exec-10] CLASS: class com.revature.thevault.service.classes.AccountService
METHOD: getAccounts
ARGUMENTS: [1]
2022-05-25 16:37:57,325 INFO dLog [http-nio-9000-exec-10] METHOD: getAccounts
RETURNING: GetResponse(gotObject=[])
2022-05-25 16:37:57,326 INFO dLog [http-nio-9000-exec-10] Class: class com.revature.thevault.presentation.controller.AccountController
Method: getUserAccountList
RETURNING: GetResponse(gotObject=[])
2022-05-25 16:38:02,779 DEBUG dLog [http-nio-9000-exec-2] Class: class com.revature.thevault.presentation.controller.AccountController
Method: createAccount
Arguments: [Basic YnJvbGF3OnRlc3Qx, CreateAccountRequest(userId=1, accountType=Checking)]
2022-05-25 16:38:02,780 DEBUG dLog [http-nio-9000-exec-2] CLASS: class com.revature.thevault.service.classes.AccountService
METHOD: createAccount
ARGUMENTS: [CreateAccountRequest(userId=1, accountType=Checking)]
2022-05-25 16:38:02,781 DEBUG dLog [http-nio-9000-exec-2] CLASS: class com.revature.thevault.service.classes.AccountTypeService
METHOD: findAccountTypeEntityByName
ARGUMENTS: [Checking]
2022-05-25 16:38:02,840 INFO dLog [http-nio-9000-exec-2] METHOD: findAccountTypeEntityByName
RETURNING: AccountTypeEntity(pk_account_type_id=1, name=Checking)
2022-05-25 16:38:02,996 INFO dLog [http-nio-9000-exec-2] METHOD: createAccount
RETURNING: PostResponse(createdObject=[AccountResponseObject(accountId=1, userId=1, accountType=Checking, availableBalance=0.0, pendingBalance=0.0)])
2022-05-25 16:38:02,996 INFO dLog [http-nio-9000-exec-2] Class: class com.revature.thevault.presentation.controller.AccountController
Method: createAccount
RETURNING: PostResponse(createdObject=[AccountResponseObject(accountId=1, userId=1, accountType=Checking, availableBalance=0.0, pendingBalance=0.0)])
2022-05-25 16:38:22,377 DEBUG dLog [http-nio-9000-exec-4] Class: class com.revature.thevault.presentation.controller.AccountController
Method: createAccount
Arguments: [Basic YnJvbGF3OnRlc3Qx, CreateAccountRequest(userId=1, accountType=Savings)]
2022-05-25 16:38:22,378 DEBUG dLog [http-nio-9000-exec-4] CLASS: class com.revature.thevault.service.classes.AccountService
METHOD: createAccount
ARGUMENTS: [CreateAccountRequest(userId=1, accountType=Savings)]
2022-05-25 16:38:22,378 DEBUG dLog [http-nio-9000-exec-4] CLASS: class com.revature.thevault.service.classes.AccountTypeService
METHOD: findAccountTypeEntityByName
ARGUMENTS: [Savings]
2022-05-25 16:38:22,426 INFO dLog [http-nio-9000-exec-4] METHOD: findAccountTypeEntityByName
RETURNING: AccountTypeEntity(pk_account_type_id=2, name=Savings)
2022-05-25 16:38:22,567 INFO dLog [http-nio-9000-exec-4] METHOD: createAccount
RETURNING: PostResponse(createdObject=[AccountResponseObject(accountId=2, userId=1, accountType=Savings, availableBalance=0.0, pendingBalance=0.0)])
2022-05-25 16:38:22,567 INFO dLog [http-nio-9000-exec-4] Class: class com.revature.thevault.presentation.controller.AccountController
Method: createAccount
RETURNING: PostResponse(createdObject=[AccountResponseObject(accountId=2, userId=1, accountType=Savings, availableBalance=0.0, pendingBalance=0.0)])
2022-05-25 16:39:28,993 DEBUG dLog [http-nio-9000-exec-7] Class: class com.revature.thevault.presentation.controller.TransactionController
Method: getTransactionHistory
Arguments: [Basic YnJvbGF3OnRlc3Qx, 2]
2022-05-25 16:39:28,999 DEBUG dLog [http-nio-9000-exec-7] CLASS: class com.revature.thevault.service.classes.TransactionService
METHOD: getTransactionHistory
ARGUMENTS: [2]
2022-05-25 16:39:29,003 DEBUG dLog [http-nio-9000-exec-7] CLASS: class com.revature.thevault.service.classes.DepositService
METHOD: getAllUserDeposits
ARGUMENTS: [2]
2022-05-25 16:39:29,057 INFO dLog [http-nio-9000-exec-7] METHOD: getAllUserDeposits
RETURNING: GetResponse(gotObject=[])
2022-05-25 16:39:29,059 DEBUG dLog [http-nio-9000-exec-7] CLASS: class com.revature.thevault.service.classes.WithdrawService
METHOD: getAllUserWithdrawals
ARGUMENTS: [2]
2022-05-25 16:39:29,109 INFO dLog [http-nio-9000-exec-7] METHOD: getAllUserWithdrawals
RETURNING: GetResponse(gotObject=[])
2022-05-25 16:39:29,116 INFO dLog [http-nio-9000-exec-7] METHOD: getTransactionHistory
RETURNING: GetResponse(gotObject=[])
2022-05-25 16:39:29,117 INFO dLog [http-nio-9000-exec-7] Class: class com.revature.thevault.presentation.controller.TransactionController
Method: getTransactionHistory
RETURNING: GetResponse(gotObject=[])
2022-05-25 16:39:37,423 DEBUG dLog [http-nio-9000-exec-9] Class: class com.revature.thevault.presentation.controller.TransactionController
Method: getTransactionHistory
Arguments: [Basic YnJvbGF3OnRlc3Qx, 2]
2022-05-25 16:39:37,423 DEBUG dLog [http-nio-9000-exec-9] CLASS: class com.revature.thevault.service.classes.TransactionService
METHOD: getTransactionHistory
ARGUMENTS: [2]
2022-05-25 16:39:37,423 DEBUG dLog [http-nio-9000-exec-9] CLASS: class com.revature.thevault.service.classes.DepositService
METHOD: getAllUserDeposits
ARGUMENTS: [2]
2022-05-25 16:39:37,467 INFO dLog [http-nio-9000-exec-9] METHOD: getAllUserDeposits
RETURNING: GetResponse(gotObject=[])
2022-05-25 16:39:37,467 DEBUG dLog [http-nio-9000-exec-9] CLASS: class com.revature.thevault.service.classes.WithdrawService
METHOD: getAllUserWithdrawals
ARGUMENTS: [2]
2022-05-25 16:39:37,512 INFO dLog [http-nio-9000-exec-9] METHOD: getAllUserWithdrawals
RETURNING: GetResponse(gotObject=[])
2022-05-25 16:39:37,512 INFO dLog [http-nio-9000-exec-9] METHOD: getTransactionHistory
RETURNING: GetResponse(gotObject=[])
2022-05-25 16:39:37,512 INFO dLog [http-nio-9000-exec-9] Class: class com.revature.thevault.presentation.controller.TransactionController
Method: getTransactionHistory
RETURNING: GetResponse(gotObject=[])
2022-05-25 16:40:08,926 DEBUG dLog [http-nio-9000-exec-2] Class: class com.revature.thevault.presentation.controller.TransactionController
Method: getTransactionHistory
Arguments: [Basic YnJvbGF3OnRlc3Qx, 1]
2022-05-25 16:40:08,927 DEBUG dLog [http-nio-9000-exec-2] CLASS: class com.revature.thevault.service.classes.TransactionService
METHOD: getTransactionHistory
ARGUMENTS: [1]
2022-05-25 16:40:08,927 DEBUG dLog [http-nio-9000-exec-2] CLASS: class com.revature.thevault.service.classes.DepositService
METHOD: getAllUserDeposits
ARGUMENTS: [1]
2022-05-25 16:40:08,970 INFO dLog [http-nio-9000-exec-2] METHOD: getAllUserDeposits
RETURNING: GetResponse(gotObject=[])
2022-05-25 16:40:08,971 DEBUG dLog [http-nio-9000-exec-2] CLASS: class com.revature.thevault.service.classes.WithdrawService
METHOD: getAllUserWithdrawals
ARGUMENTS: [1]
2022-05-25 16:40:09,015 INFO dLog [http-nio-9000-exec-2] METHOD: getAllUserWithdrawals
RETURNING: GetResponse(gotObject=[])
2022-05-25 16:40:09,015 INFO dLog [http-nio-9000-exec-2] METHOD: getTransactionHistory
RETURNING: GetResponse(gotObject=[])
2022-05-25 16:40:09,015 INFO dLog [http-nio-9000-exec-2] Class: class com.revature.thevault.presentation.controller.TransactionController
Method: getTransactionHistory
RETURNING: GetResponse(gotObject=[])
2022-05-25 16:40:26,080 DEBUG dLog [http-nio-9000-exec-4] Class: class com.revature.thevault.presentation.controller.TransactionController
Method: getTransactionHistory
Arguments: [Basic YnJvbGF3OnRlc3Qx, 1]
2022-05-25 16:40:26,081 DEBUG dLog [http-nio-9000-exec-4] CLASS: class com.revature.thevault.service.classes.TransactionService
METHOD: getTransactionHistory
ARGUMENTS: [1]
2022-05-25 16:40:26,081 DEBUG dLog [http-nio-9000-exec-4] CLASS: class com.revature.thevault.service.classes.DepositService
METHOD: getAllUserDeposits
ARGUMENTS: [1]
2022-05-25 16:40:26,127 INFO dLog [http-nio-9000-exec-4] METHOD: getAllUserDeposits
RETURNING: GetResponse(gotObject=[])
2022-05-25 16:40:26,128 DEBUG dLog [http-nio-9000-exec-4] CLASS: class com.revature.thevault.service.classes.WithdrawService
METHOD: getAllUserWithdrawals
ARGUMENTS: [1]
2022-05-25 16:40:26,174 INFO dLog [http-nio-9000-exec-4] METHOD: getAllUserWithdrawals
RETURNING: GetResponse(gotObject=[])
2022-05-25 16:40:26,174 INFO dLog [http-nio-9000-exec-4] METHOD: getTransactionHistory
RETURNING: GetResponse(gotObject=[])
2022-05-25 16:40:26,174 INFO dLog [http-nio-9000-exec-4] Class: class com.revature.thevault.presentation.controller.TransactionController
Method: getTransactionHistory
RETURNING: GetResponse(gotObject=[])
2022-05-25 16:40:51,893 DEBUG dLog [http-nio-9000-exec-6] Class: class com.revature.thevault.presentation.controller.TransactionController
Method: getTransactionHistory
Arguments: [Basic YnJvbGF3OnRlc3Qx, 1]
2022-05-25 16:40:51,893 DEBUG dLog [http-nio-9000-exec-6] CLASS: class com.revature.thevault.service.classes.TransactionService
METHOD: getTransactionHistory
ARGUMENTS: [1]
2022-05-25 16:40:51,893 DEBUG dLog [http-nio-9000-exec-6] CLASS: class com.revature.thevault.service.classes.DepositService
METHOD: getAllUserDeposits
ARGUMENTS: [1]
2022-05-25 16:40:51,933 INFO dLog [http-nio-9000-exec-6] METHOD: getAllUserDeposits
RETURNING: GetResponse(gotObject=[])
2022-05-25 16:40:51,934 DEBUG dLog [http-nio-9000-exec-6] CLASS: class com.revature.thevault.service.classes.WithdrawService
METHOD: getAllUserWithdrawals
ARGUMENTS: [1]
2022-05-25 16:40:51,985 INFO dLog [http-nio-9000-exec-6] METHOD: getAllUserWithdrawals
RETURNING: GetResponse(gotObject=[])
2022-05-25 16:40:51,986 INFO dLog [http-nio-9000-exec-6] METHOD: getTransactionHistory
RETURNING: GetResponse(gotObject=[])
2022-05-25 16:40:51,986 INFO dLog [http-nio-9000-exec-6] Class: class com.revature.thevault.presentation.controller.TransactionController
Method: getTransactionHistory
RETURNING: GetResponse(gotObject=[])
2022-05-25 16:41:30,293 DEBUG dLog [http-nio-9000-exec-8] Class: class com.revature.thevault.presentation.controller.TransactionController
Method: getTransactionHistory
Arguments: [Basic YnJvbGF3OnRlc3Qx, 1]
2022-05-25 16:41:30,293 DEBUG dLog [http-nio-9000-exec-8] CLASS: class com.revature.thevault.service.classes.TransactionService
METHOD: getTransactionHistory
ARGUMENTS: [1]
2022-05-25 16:41:30,293 DEBUG dLog [http-nio-9000-exec-8] CLASS: class com.revature.thevault.service.classes.DepositService
METHOD: getAllUserDeposits
ARGUMENTS: [1]
2022-05-25 16:41:30,338 INFO dLog [http-nio-9000-exec-8] METHOD: getAllUserDeposits
RETURNING: GetResponse(gotObject=[])
2022-05-25 16:41:30,339 DEBUG dLog [http-nio-9000-exec-8] CLASS: class com.revature.thevault.service.classes.WithdrawService
METHOD: getAllUserWithdrawals
ARGUMENTS: [1]
2022-05-25 16:41:30,385 INFO dLog [http-nio-9000-exec-8] METHOD: getAllUserWithdrawals
RETURNING: GetResponse(gotObject=[])
2022-05-25 16:41:30,385 INFO dLog [http-nio-9000-exec-8] METHOD: getTransactionHistory
RETURNING: GetResponse(gotObject=[])
2022-05-25 16:41:30,386 INFO dLog [http-nio-9000-exec-8] Class: class com.revature.thevault.presentation.controller.TransactionController
Method: getTransactionHistory
RETURNING: GetResponse(gotObject=[])
